                      :-) GROMACS - gmx mdrun, 2021.2 (-:

                            GROMACS is written by:
     Andrey Alekseenko              Emile Apol              Rossen Apostolov     
         Paul Bauer           Herman J.C. Berendsen           Par Bjelkmar       
       Christian Blau           Viacheslav Bolnykh             Kevin Boyd        
     Aldert van Buuren           Rudi van Drunen             Anton Feenstra      
    Gilles Gouaillardet             Alan Gray               Gerrit Groenhof      
       Anca Hamuraru            Vincent Hindriksen          M. Eric Irrgang      
      Aleksei Iupinov           Christoph Junghans             Joe Jordan        
    Dimitrios Karkoulis            Peter Kasson                Jiri Kraus        
      Carsten Kutzner              Per Larsson              Justin A. Lemkul     
       Viveca Lindahl            Magnus Lundborg             Erik Marklund       
        Pascal Merz             Pieter Meulenhoff            Teemu Murtola       
        Szilard Pall               Sander Pronk              Roland Schulz       
       Michael Shirts            Alexey Shvetsov             Alfons Sijbers      
       Peter Tieleman              Jon Vincent              Teemu Virolainen     
     Christian Wennberg            Maarten Wolf              Artem Zhmurov       
                           and the project leaders:
        Mark Abraham, Berk Hess, Erik Lindahl, and David van der Spoel

Copyright (c) 1991-2000, University of Groningen, The Netherlands.
Copyright (c) 2001-2019, The GROMACS development team at
Uppsala University, Stockholm University and
the Royal Institute of Technology, Sweden.
check out http://www.gromacs.org for more information.

GROMACS is free software; you can redistribute it and/or modify it
under the terms of the GNU Lesser General Public License
as published by the Free Software Foundation; either version 2.1
of the License, or (at your option) any later version.

GROMACS:      gmx mdrun, version 2021.2
Executable:   /cvmfs/soft.computecanada.ca/easybuild/software/2020/avx2/MPI/gcc9/openmpi4/gromacs/2021.2/bin/gmx
Data prefix:  /cvmfs/soft.computecanada.ca/easybuild/software/2020/avx2/MPI/gcc9/openmpi4/gromacs/2021.2
Working dir:  /project/6002183/sehacker/uwaterloo-igem-2021/gromacs/2
Process ID:   3840
Command line:
  gmx mdrun -deffnm nvt

GROMACS version:    2021.2
Verified release checksum is d91a739522d82c53dc47c2276b9ac5fae3b2119283e84e3a1c7bed8ce741fda2
Precision:          mixed
Memory model:       64 bit
MPI library:        thread_mpi
OpenMP support:     enabled (GMX_OPENMP_MAX_THREADS = 64)
GPU support:        disabled
SIMD instructions:  AVX2_256
FFT library:        Intel MKL
RDTSCP usage:       enabled
TNG support:        enabled
Hwloc support:      disabled
Tracing support:    disabled
C compiler:         /cvmfs/soft.computecanada.ca/easybuild/software/2020/avx2/Compiler/gcc9/openmpi/4.0.3/bin/mpicc GNU 9.3.0
C compiler flags:   -mavx2 -mfma -Wno-missing-field-initializers -fexcess-precision=fast -funroll-all-loops -O3 -DNDEBUG
C++ compiler:       /cvmfs/soft.computecanada.ca/easybuild/software/2020/avx2/Compiler/gcc9/openmpi/4.0.3/bin/mpicxx GNU 9.3.0
C++ compiler flags: -mavx2 -mfma -Wno-missing-field-initializers -fexcess-precision=fast -funroll-all-loops -fopenmp -O3 -DNDEBUG


Running on 1 node with total 32 cores, 32 logical cores
Hardware detected:
  CPU info:
    Vendor: Intel
    Brand:  Intel(R) Xeon(R) CPU E5-2683 v4 @ 2.10GHz
    Family: 6   Model: 79   Stepping: 1
    Features: aes apic avx avx2 clfsh cmov cx8 cx16 f16c fma hle htt intel lahf mmx msr nonstop_tsc pcid pclmuldq pdcm pdpe1gb popcnt pse rdrnd rdtscp rtm sse2 sse3 sse4.1 sse4.2 ssse3 tdt x2apic
  Hardware topology: Basic
    Sockets, cores, and logical processors:
      Socket  0: [   0] [   1] [   2] [   3] [   4] [   5] [   6] [   7] [   8] [   9] [  10] [  11] [  12] [  13] [  14] [  15]
      Socket  1: [  16] [  17] [  18] [  19] [  20] [  21] [  22] [  23] [  24] [  25] [  26] [  27] [  28] [  29] [  30] [  31]


++++ PLEASE READ AND CITE THE FOLLOWING REFERENCE ++++
M. J. Abraham, T. Murtola, R. Schulz, S. Páll, J. C. Smith, B. Hess, E.
Lindahl
GROMACS: High performance molecular simulations through multi-level
parallelism from laptops to supercomputers
SoftwareX 1 (2015) pp. 19-25
-------- -------- --- Thank You --- -------- --------


++++ PLEASE READ AND CITE THE FOLLOWING REFERENCE ++++
S. Páll, M. J. Abraham, C. Kutzner, B. Hess, E. Lindahl
Tackling Exascale Software Challenges in Molecular Dynamics Simulations with
GROMACS
In S. Markidis & E. Laure (Eds.), Solving Software Challenges for Exascale 8759 (2015) pp. 3-27
-------- -------- --- Thank You --- -------- --------


++++ PLEASE READ AND CITE THE FOLLOWING REFERENCE ++++
S. Pronk, S. Páll, R. Schulz, P. Larsson, P. Bjelkmar, R. Apostolov, M. R.
Shirts, J. C. Smith, P. M. Kasson, D. van der Spoel, B. Hess, and E. Lindahl
GROMACS 4.5: a high-throughput and highly parallel open source molecular
simulation toolkit
Bioinformatics 29 (2013) pp. 845-54
-------- -------- --- Thank You --- -------- --------


++++ PLEASE READ AND CITE THE FOLLOWING REFERENCE ++++
B. Hess and C. Kutzner and D. van der Spoel and E. Lindahl
GROMACS 4: Algorithms for highly efficient, load-balanced, and scalable
molecular simulation
J. Chem. Theory Comput. 4 (2008) pp. 435-447
-------- -------- --- Thank You --- -------- --------


++++ PLEASE READ AND CITE THE FOLLOWING REFERENCE ++++
D. van der Spoel, E. Lindahl, B. Hess, G. Groenhof, A. E. Mark and H. J. C.
Berendsen
GROMACS: Fast, Flexible and Free
J. Comp. Chem. 26 (2005) pp. 1701-1719
-------- -------- --- Thank You --- -------- --------


++++ PLEASE READ AND CITE THE FOLLOWING REFERENCE ++++
E. Lindahl and B. Hess and D. van der Spoel
GROMACS 3.0: A package for molecular simulation and trajectory analysis
J. Mol. Mod. 7 (2001) pp. 306-317
-------- -------- --- Thank You --- -------- --------


++++ PLEASE READ AND CITE THE FOLLOWING REFERENCE ++++
H. J. C. Berendsen, D. van der Spoel and R. van Drunen
GROMACS: A message-passing parallel molecular dynamics implementation
Comp. Phys. Comm. 91 (1995) pp. 43-56
-------- -------- --- Thank You --- -------- --------


++++ PLEASE CITE THE DOI FOR THIS VERSION OF GROMACS ++++
https://doi.org/10.5281/zenodo.4723562
-------- -------- --- Thank You --- -------- --------


The number of OpenMP threads was set by environment variable OMP_NUM_THREADS to 4

Input Parameters:
   integrator                     = md
   tinit                          = 0
   dt                             = 0.002
   nsteps                         = 50000
   init-step                      = 0
   simulation-part                = 1
   mts                            = false
   comm-mode                      = Linear
   nstcomm                        = 100
   bd-fric                        = 0
   ld-seed                        = 1974206461
   emtol                          = 10
   emstep                         = 0.01
   niter                          = 20
   fcstep                         = 0
   nstcgsteep                     = 1000
   nbfgscorr                      = 10
   rtpi                           = 0.05
   nstxout                        = 0
   nstvout                        = 0
   nstfout                        = 0
   nstlog                         = 500
   nstcalcenergy                  = 100
   nstenergy                      = 500
   nstxout-compressed             = 500
   compressed-x-precision         = 1000
   cutoff-scheme                  = Verlet
   nstlist                        = 20
   pbc                            = xyz
   periodic-molecules             = false
   verlet-buffer-tolerance        = 0.005
   rlist                          = 1.219
   coulombtype                    = PME
   coulomb-modifier               = Potential-shift
   rcoulomb-switch                = 0
   rcoulomb                       = 1.2
   epsilon-r                      = 1
   epsilon-rf                     = inf
   vdw-type                       = Cut-off
   vdw-modifier                   = Force-switch
   rvdw-switch                    = 1
   rvdw                           = 1.2
   DispCorr                       = No
   table-extension                = 1
   fourierspacing                 = 0.16
   fourier-nx                     = 48
   fourier-ny                     = 48
   fourier-nz                     = 48
   pme-order                      = 4
   ewald-rtol                     = 1e-05
   ewald-rtol-lj                  = 0.001
   lj-pme-comb-rule               = Geometric
   ewald-geometry                 = 0
   epsilon-surface                = 0
   tcoupl                         = V-rescale
   nsttcouple                     = 10
   nh-chain-length                = 0
   print-nose-hoover-chain-variables = false
   pcoupl                         = No
   pcoupltype                     = Isotropic
   nstpcouple                     = -1
   tau-p                          = 1
   compressibility (3x3):
      compressibility[    0]={ 0.00000e+00,  0.00000e+00,  0.00000e+00}
      compressibility[    1]={ 0.00000e+00,  0.00000e+00,  0.00000e+00}
      compressibility[    2]={ 0.00000e+00,  0.00000e+00,  0.00000e+00}
   ref-p (3x3):
      ref-p[    0]={ 0.00000e+00,  0.00000e+00,  0.00000e+00}
      ref-p[    1]={ 0.00000e+00,  0.00000e+00,  0.00000e+00}
      ref-p[    2]={ 0.00000e+00,  0.00000e+00,  0.00000e+00}
   refcoord-scaling               = No
   posres-com (3):
      posres-com[0]= 0.00000e+00
      posres-com[1]= 0.00000e+00
      posres-com[2]= 0.00000e+00
   posres-comB (3):
      posres-comB[0]= 0.00000e+00
      posres-comB[1]= 0.00000e+00
      posres-comB[2]= 0.00000e+00
   QMMM                           = false
qm-opts:
   ngQM                           = 0
   constraint-algorithm           = Lincs
   continuation                   = false
   Shake-SOR                      = false
   shake-tol                      = 0.0001
   lincs-order                    = 4
   lincs-iter                     = 1
   lincs-warnangle                = 30
   nwall                          = 0
   wall-type                      = 9-3
   wall-r-linpot                  = -1
   wall-atomtype[0]               = -1
   wall-atomtype[1]               = -1
   wall-density[0]                = 0
   wall-density[1]                = 0
   wall-ewald-zfac                = 3
   pull                           = false
   awh                            = false
   rotation                       = false
   interactiveMD                  = false
   disre                          = No
   disre-weighting                = Conservative
   disre-mixed                    = false
   dr-fc                          = 1000
   dr-tau                         = 0
   nstdisreout                    = 100
   orire-fc                       = 0
   orire-tau                      = 0
   nstorireout                    = 100
   free-energy                    = no
   cos-acceleration               = 0
   deform (3x3):
      deform[    0]={ 0.00000e+00,  0.00000e+00,  0.00000e+00}
      deform[    1]={ 0.00000e+00,  0.00000e+00,  0.00000e+00}
      deform[    2]={ 0.00000e+00,  0.00000e+00,  0.00000e+00}
   simulated-tempering            = false
   swapcoords                     = no
   userint1                       = 0
   userint2                       = 0
   userint3                       = 0
   userint4                       = 0
   userreal1                      = 0
   userreal2                      = 0
   userreal3                      = 0
   userreal4                      = 0
   applied-forces:
     electric-field:
       x:
         E0                       = 0
         omega                    = 0
         t0                       = 0
         sigma                    = 0
       y:
         E0                       = 0
         omega                    = 0
         t0                       = 0
         sigma                    = 0
       z:
         E0                       = 0
         omega                    = 0
         t0                       = 0
         sigma                    = 0
     density-guided-simulation:
       active                     = false
       group                      = protein
       similarity-measure         = inner-product
       atom-spreading-weight      = unity
       force-constant             = 1e+09
       gaussian-transform-spreading-width = 0.2
       gaussian-transform-spreading-range-in-multiples-of-width = 4
       reference-density-filename = reference.mrc
       nst                        = 1
       normalize-densities        = true
       adaptive-force-scaling     = false
       adaptive-force-scaling-time-constant = 4
       shift-vector               = 
       transformation-matrix      = 
grpopts:
   nrdf:     8039.55     45453.4
   ref-t:         300         300
   tau-t:         0.1         0.1
annealing:          No          No
annealing-npoints:           0           0
   acc:	           0           0           0
   nfreeze:           N           N           N
   energygrp-flags[  0]: 0

Changing nstlist from 20 to 80, rlist from 1.219 to 1.314


Initializing Domain Decomposition on 8 ranks
Dynamic load balancing: auto
Minimum cell size due to atom displacement: 0.639 nm
Initial maximum distances in bonded interactions:
    two-body bonded interactions: 0.447 nm, LJ-14, atoms 2533 2835
  multi-body bonded interactions: 0.490 nm, CMAP Dih., atoms 1802 1811
Minimum cell size due to bonded interactions: 0.539 nm
Maximum distance for 5 constraints, at 120 deg. angles, all-trans: 0.222 nm
Estimated maximum distance required for P-LINCS: 0.222 nm
Scaling the initial minimum size with 1/0.8 (option -dds) = 1.25
Using 0 separate PME ranks, as there are too few total
 ranks for efficient splitting
Optimizing the DD grid for 8 cells with a minimum initial size of 0.799 nm
The maximum allowed number of cells is: X 7 Y 7 Z 6
Domain decomposition grid 4 x 2 x 1, separate PME ranks 0
PME domain decomposition: 4 x 2 x 1
Domain decomposition rank 0, coordinates 0 0 0

The initial number of communication pulses is: X 1 Y 1
The initial domain decomposition cell size is: X 1.47 nm Y 2.94 nm

The maximum allowed distance for atoms involved in interactions is:
                 non-bonded interactions           1.314 nm
            two-body bonded interactions  (-rdd)   1.314 nm
          multi-body bonded interactions  (-rdd)   1.314 nm
  atoms separated by up to 5 constraints  (-rcon)  1.472 nm

When dynamic load balancing gets turned on, these settings will change to:
The maximum number of communication pulses is: X 2 Y 1
The minimum size for domain decomposition cells is 1.005 nm
The requested allowed shrink of DD cells (option -dds) is: 0.80
The allowed shrink of domain decomposition cells is: X 0.68 Y 0.45
The maximum allowed distance for atoms involved in interactions is:
                 non-bonded interactions           1.314 nm
            two-body bonded interactions  (-rdd)   1.314 nm
          multi-body bonded interactions  (-rdd)   1.005 nm
  atoms separated by up to 5 constraints  (-rcon)  1.005 nm

Using 8 MPI threads
Using 4 OpenMP threads per tMPI thread

Pinning threads with an auto-selected logical core stride of 1
System total charge: 0.000
Will do PME sum in reciprocal space for electrostatic interactions.

++++ PLEASE READ AND CITE THE FOLLOWING REFERENCE ++++
U. Essmann, L. Perera, M. L. Berkowitz, T. Darden, H. Lee and L. G. Pedersen 
A smooth particle mesh Ewald method
J. Chem. Phys. 103 (1995) pp. 8577-8592
-------- -------- --- Thank You --- -------- --------

Using a Gaussian width (1/beta) of 0.384195 nm for Ewald
Potential shift: LJ r^-12: -2.648e-01 r^-6: -5.349e-01, Ewald -8.333e-06
Initialized non-bonded Ewald tables, spacing: 1.02e-03 size: 1176

Generated table with 1157 data points for 1-4 COUL.
Tabscale = 500 points/nm
Generated table with 1157 data points for 1-4 LJ6.
Tabscale = 500 points/nm
Generated table with 1157 data points for 1-4 LJ12.
Tabscale = 500 points/nm


Using SIMD 4x8 nonbonded short-range kernels

Using a dual 4x8 pair-list setup updated with dynamic pruning:
  outer list: updated every 80 steps, buffer 0.114 nm, rlist 1.314 nm
  inner list: updated every 14 steps, buffer 0.002 nm, rlist 1.202 nm
At tolerance 0.005 kJ/mol/ps per atom, equivalent classical 1x1 list would be:
  outer list: updated every 80 steps, buffer 0.259 nm, rlist 1.459 nm
  inner list: updated every 14 steps, buffer 0.055 nm, rlist 1.255 nm
Removing pbc first time

Initializing Parallel LINear Constraint Solver

++++ PLEASE READ AND CITE THE FOLLOWING REFERENCE ++++
B. Hess
P-LINCS: A Parallel Linear Constraint Solver for molecular simulation
J. Chem. Theory Comput. 4 (2008) pp. 116-122
-------- -------- --- Thank You --- -------- --------

The number of constraints is 1557
There are constraints between atoms in different decomposition domains,
will communicate selected coordinates each lincs iteration

++++ PLEASE READ AND CITE THE FOLLOWING REFERENCE ++++
S. Miyamoto and P. A. Kollman
SETTLE: An Analytical Version of the SHAKE and RATTLE Algorithms for Rigid
Water Models
J. Comp. Chem. 13 (1992) pp. 952-962
-------- -------- --- Thank You --- -------- --------


Linking all bonded interactions to atoms


Intra-simulation communication will occur every 10 steps.

++++ PLEASE READ AND CITE THE FOLLOWING REFERENCE ++++
G. Bussi, D. Donadio and M. Parrinello
Canonical sampling through velocity rescaling
J. Chem. Phys. 126 (2007) pp. 014101
-------- -------- --- Thank You --- -------- --------

There are: 25925 Atoms
Atom distribution over 8 domains: av 3240 stddev 70 min 3200 max 3301

Constraining the starting coordinates (step 0)

Constraining the coordinates at t0-dt (step 0)
Center of mass motion removal mode is Linear
We have the following groups for center of mass motion removal:
  0:  rest
RMS relative constraint deviation after constraining: 2.62e-06
Initial temperature: 300.117 K

Started mdrun on rank 0 Mon Oct 18 22:27:09 2021

           Step           Time
              0        0.00000

   Energies (kJ/mol)
           Bond            U-B    Proper Dih.  Improper Dih.      CMAP Dih.
    7.68666e+02    2.60457e+03    7.72630e+03    1.17631e+02   -4.28219e+02
          LJ-14     Coulomb-14        LJ (SR)   Coulomb (SR)   Coul. recip.
    2.27757e+03    4.94882e+04    2.84454e+04   -4.46905e+05    2.25823e+03
 Position Rest.      Potential    Kinetic En.   Total Energy  Conserved En.
    1.58209e-03   -3.53647e+05    6.67877e+04   -2.86859e+05   -2.86859e+05
    Temperature Pressure (bar)   Constr. rmsd
    3.00328e+02   -2.92146e+03    3.17307e-06


DD  step 79 load imb.: force  4.6%

step 160 Turning on dynamic load balancing, because the performance loss due to load imbalance is 3.0 %.
           Step           Time
            500        1.00000

   Energies (kJ/mol)
           Bond            U-B    Proper Dih.  Improper Dih.      CMAP Dih.
    2.66614e+03    7.04358e+03    8.53518e+03    3.89644e+02   -3.39560e+02
          LJ-14     Coulomb-14        LJ (SR)   Coulomb (SR)   Coul. recip.
    2.41215e+03    4.94744e+04    2.71445e+04   -4.12360e+05    1.36035e+03
 Position Rest.      Potential    Kinetic En.   Total Energy  Conserved En.
    1.08307e+03   -3.12591e+05    6.60172e+04   -2.46574e+05   -2.86077e+05
    Temperature Pressure (bar)   Constr. rmsd
    2.96863e+02   -2.49945e+02    2.89665e-06

           Step           Time
           1000        2.00000

   Energies (kJ/mol)
           Bond            U-B    Proper Dih.  Improper Dih.      CMAP Dih.
    2.58511e+03    6.93666e+03    8.48289e+03    4.33932e+02   -3.75502e+02
          LJ-14     Coulomb-14        LJ (SR)   Coulomb (SR)   Coul. recip.
    2.44940e+03    4.93131e+04    2.60989e+04   -4.10590e+05    1.33394e+03
 Position Rest.      Potential    Kinetic En.   Total Energy  Conserved En.
    1.03499e+03   -3.12296e+05    6.69997e+04   -2.45297e+05   -2.86086e+05
    Temperature Pressure (bar)   Constr. rmsd
    3.01281e+02   -8.69750e+02    2.60635e-06

           Step           Time
           1500        3.00000

   Energies (kJ/mol)
           Bond            U-B    Proper Dih.  Improper Dih.      CMAP Dih.
    2.55810e+03    7.23586e+03    8.44132e+03    4.19351e+02   -4.43170e+02
          LJ-14     Coulomb-14        LJ (SR)   Coulomb (SR)   Coul. recip.
    2.46851e+03    4.93055e+04    2.66621e+04   -4.11438e+05    1.34599e+03
 Position Rest.      Potential    Kinetic En.   Total Energy  Conserved En.
    8.10565e+02   -3.12634e+05    6.63324e+04   -2.46302e+05   -2.86055e+05
    Temperature Pressure (bar)   Constr. rmsd
    2.98280e+02   -6.61582e+02    3.31255e-06


DD  step 1999  vol min/aver 0.927  load imb.: force  0.8%
           Step           Time
           2000        4.00000

   Energies (kJ/mol)
           Bond            U-B    Proper Dih.  Improper Dih.      CMAP Dih.
    2.61952e+03    7.22234e+03    8.51167e+03    4.60460e+02   -3.69759e+02
          LJ-14     Coulomb-14        LJ (SR)   Coulomb (SR)   Coul. recip.
    2.40733e+03    4.93901e+04    2.68327e+04   -4.12496e+05    1.29707e+03
 Position Rest.      Potential    Kinetic En.   Total Energy  Conserved En.
    9.28107e+02   -3.13196e+05    6.64629e+04   -2.46734e+05   -2.86046e+05
    Temperature Pressure (bar)   Constr. rmsd
    2.98867e+02    2.07734e+02    2.86607e-06

           Step           Time
           2500        5.00000

   Energies (kJ/mol)
           Bond            U-B    Proper Dih.  Improper Dih.      CMAP Dih.
    2.65652e+03    6.98201e+03    8.47103e+03    4.85853e+02   -4.30113e+02
          LJ-14     Coulomb-14        LJ (SR)   Coulomb (SR)   Coul. recip.
    2.38357e+03    4.93999e+04    2.67956e+04   -4.12536e+05    1.30517e+03
 Position Rest.      Potential    Kinetic En.   Total Energy  Conserved En.
    8.92574e+02   -3.13594e+05    6.60869e+04   -2.47507e+05   -2.86045e+05
    Temperature Pressure (bar)   Constr. rmsd
    2.97176e+02   -8.97046e+02    2.78113e-06

           Step           Time
           3000        6.00000

   Energies (kJ/mol)
           Bond            U-B    Proper Dih.  Improper Dih.      CMAP Dih.
    2.56277e+03    7.02354e+03    8.37582e+03    4.07622e+02   -4.22623e+02
          LJ-14     Coulomb-14        LJ (SR)   Coulomb (SR)   Coul. recip.
    2.40417e+03    4.93992e+04    2.65794e+04   -4.13427e+05    1.29155e+03
 Position Rest.      Potential    Kinetic En.   Total Energy  Conserved En.
    8.13379e+02   -3.14992e+05    6.59334e+04   -2.49059e+05   -2.86046e+05
    Temperature Pressure (bar)   Constr. rmsd
    2.96486e+02   -7.33212e+02    2.79028e-06

           Step           Time
           3500        7.00000

   Energies (kJ/mol)
           Bond            U-B    Proper Dih.  Improper Dih.      CMAP Dih.
    2.65687e+03    7.18834e+03    8.47768e+03    4.20221e+02   -4.08891e+02
          LJ-14     Coulomb-14        LJ (SR)   Coulomb (SR)   Coul. recip.
    2.41538e+03    4.94675e+04    2.66728e+04   -4.13159e+05    1.33248e+03
 Position Rest.      Potential    Kinetic En.   Total Energy  Conserved En.
    8.86217e+02   -3.14051e+05    6.63467e+04   -2.47704e+05   -2.86040e+05
    Temperature Pressure (bar)   Constr. rmsd
    2.98345e+02   -4.80062e+02    2.90353e-06


DD  step 3999  vol min/aver 0.942  load imb.: force  0.8%
           Step           Time
           4000        8.00000

   Energies (kJ/mol)
           Bond            U-B    Proper Dih.  Improper Dih.      CMAP Dih.
    2.61472e+03    7.21668e+03    8.46724e+03    4.45910e+02   -4.40192e+02
          LJ-14     Coulomb-14        LJ (SR)   Coulomb (SR)   Coul. recip.
    2.38131e+03    4.93973e+04    2.55391e+04   -4.11839e+05    1.29690e+03
 Position Rest.      Potential    Kinetic En.   Total Energy  Conserved En.
    8.10273e+02   -3.14109e+05    6.64326e+04   -2.47677e+05   -2.86044e+05
    Temperature Pressure (bar)   Constr. rmsd
    2.98731e+02   -6.91998e+02    2.95597e-06

           Step           Time
           4500        9.00000

   Energies (kJ/mol)
           Bond            U-B    Proper Dih.  Improper Dih.      CMAP Dih.
    2.85700e+03    7.07355e+03    8.41023e+03    4.42456e+02   -4.58557e+02
          LJ-14     Coulomb-14        LJ (SR)   Coulomb (SR)   Coul. recip.
    2.42043e+03    4.95076e+04    2.68711e+04   -4.12804e+05    1.41467e+03
 Position Rest.      Potential    Kinetic En.   Total Energy  Conserved En.
    8.43370e+02   -3.13422e+05    6.63094e+04   -2.47113e+05   -2.86027e+05
    Temperature Pressure (bar)   Constr. rmsd
    2.98177e+02   -1.29608e+03    2.81482e-06

           Step           Time
           5000       10.00000

   Energies (kJ/mol)
           Bond            U-B    Proper Dih.  Improper Dih.      CMAP Dih.
    2.70375e+03    7.14475e+03    8.41309e+03    4.14731e+02   -4.60256e+02
          LJ-14     Coulomb-14        LJ (SR)   Coulomb (SR)   Coul. recip.
    2.39151e+03    4.95104e+04    2.57829e+04   -4.11059e+05    1.31809e+03
 Position Rest.      Potential    Kinetic En.   Total Energy  Conserved En.
    8.17649e+02   -3.13023e+05    6.71810e+04   -2.45842e+05   -2.86054e+05
    Temperature Pressure (bar)   Constr. rmsd
    3.02096e+02   -1.12972e+03    3.03906e-06

           Step           Time
           5500       11.00000

   Energies (kJ/mol)
           Bond            U-B    Proper Dih.  Improper Dih.      CMAP Dih.
    2.89472e+03    7.26569e+03    8.43484e+03    4.76957e+02   -4.66993e+02
          LJ-14     Coulomb-14        LJ (SR)   Coulomb (SR)   Coul. recip.
    2.38629e+03    4.92077e+04    2.56255e+04   -4.11787e+05    1.31607e+03
 Position Rest.      Potential    Kinetic En.   Total Energy  Conserved En.
    8.34410e+02   -3.13812e+05    6.69994e+04   -2.46813e+05   -2.86046e+05
    Temperature Pressure (bar)   Constr. rmsd
    3.01280e+02   -7.14902e+02    2.96318e-06


DD  step 5999  vol min/aver 0.903  load imb.: force  1.7%
           Step           Time
           6000       12.00000

   Energies (kJ/mol)
           Bond            U-B    Proper Dih.  Improper Dih.      CMAP Dih.
    2.77605e+03    7.24461e+03    8.25815e+03    4.36320e+02   -4.36782e+02
          LJ-14     Coulomb-14        LJ (SR)   Coulomb (SR)   Coul. recip.
    2.47895e+03    4.92372e+04    2.65304e+04   -4.12704e+05    1.31821e+03
 Position Rest.      Potential    Kinetic En.   Total Energy  Conserved En.
    7.66562e+02   -3.14095e+05    6.63940e+04   -2.47701e+05   -2.86055e+05
    Temperature Pressure (bar)   Constr. rmsd
    2.98557e+02   -6.84015e+02    2.84673e-06

           Step           Time
           6500       13.00000

   Energies (kJ/mol)
           Bond            U-B    Proper Dih.  Improper Dih.      CMAP Dih.
    2.85029e+03    7.47511e+03    8.37883e+03    4.50209e+02   -3.92615e+02
          LJ-14     Coulomb-14        LJ (SR)   Coulomb (SR)   Coul. recip.
    2.39104e+03    4.92261e+04    2.49731e+04   -4.10166e+05    1.37541e+03
 Position Rest.      Potential    Kinetic En.   Total Energy  Conserved En.
    8.38714e+02   -3.12600e+05    6.82969e+04   -2.44303e+05   -2.86048e+05
    Temperature Pressure (bar)   Constr. rmsd
    3.07114e+02   -1.00015e+03    3.13941e-06

           Step           Time
           7000       14.00000

   Energies (kJ/mol)
           Bond            U-B    Proper Dih.  Improper Dih.      CMAP Dih.
    2.60519e+03    7.34696e+03    8.37907e+03    4.29617e+02   -4.72808e+02
          LJ-14     Coulomb-14        LJ (SR)   Coulomb (SR)   Coul. recip.
    2.40342e+03    4.92581e+04    2.62026e+04   -4.12457e+05    1.29998e+03
 Position Rest.      Potential    Kinetic En.   Total Energy  Conserved En.
    8.39006e+02   -3.14165e+05    6.67329e+04   -2.47433e+05   -2.86069e+05
    Temperature Pressure (bar)   Constr. rmsd
    3.00081e+02   -6.90881e+02    3.18396e-06

           Step           Time
           7500       15.00000

   Energies (kJ/mol)
           Bond            U-B    Proper Dih.  Improper Dih.      CMAP Dih.
    2.79897e+03    7.49828e+03    8.42873e+03    4.69575e+02   -4.21637e+02
          LJ-14     Coulomb-14        LJ (SR)   Coulomb (SR)   Coul. recip.
    2.39590e+03    4.93488e+04    2.66076e+04   -4.11918e+05    1.35208e+03
 Position Rest.      Potential    Kinetic En.   Total Energy  Conserved En.
    7.95554e+02   -3.12644e+05    6.71179e+04   -2.45526e+05   -2.86036e+05
    Temperature Pressure (bar)   Constr. rmsd
    3.01813e+02    6.67678e+01    3.06840e-06


DD  step 7999  vol min/aver 0.910  load imb.: force  1.4%
           Step           Time
           8000       16.00000

   Energies (kJ/mol)
           Bond            U-B    Proper Dih.  Improper Dih.      CMAP Dih.
    2.61764e+03    7.34590e+03    8.49836e+03    4.36341e+02   -4.49072e+02
          LJ-14     Coulomb-14        LJ (SR)   Coulomb (SR)   Coul. recip.
    2.41179e+03    4.92843e+04    2.60983e+04   -4.11991e+05    1.26054e+03
 Position Rest.      Potential    Kinetic En.   Total Energy  Conserved En.
    8.55468e+02   -3.13632e+05    6.67855e+04   -2.46846e+05   -2.86052e+05
    Temperature Pressure (bar)   Constr. rmsd
    3.00318e+02   -1.05891e+03    2.81315e-06

           Step           Time
           8500       17.00000

   Energies (kJ/mol)
           Bond            U-B    Proper Dih.  Improper Dih.      CMAP Dih.
    2.63717e+03    7.25266e+03    8.43901e+03    4.66328e+02   -4.30908e+02
          LJ-14     Coulomb-14        LJ (SR)   Coulomb (SR)   Coul. recip.
    2.38218e+03    4.92476e+04    2.58430e+04   -4.12695e+05    1.27924e+03
 Position Rest.      Potential    Kinetic En.   Total Energy  Conserved En.
    8.22560e+02   -3.14756e+05    6.65411e+04   -2.48215e+05   -2.86069e+05
    Temperature Pressure (bar)   Constr. rmsd
    2.99219e+02   -9.26581e+02    3.02675e-06

           Step           Time
           9000       18.00000

   Energies (kJ/mol)
           Bond            U-B    Proper Dih.  Improper Dih.      CMAP Dih.
    2.75699e+03    6.92738e+03    8.40505e+03    4.74111e+02   -4.70371e+02
          LJ-14     Coulomb-14        LJ (SR)   Coulomb (SR)   Coul. recip.
    2.45977e+03    4.95336e+04    2.72474e+04   -4.13612e+05    1.24767e+03
 Position Rest.      Potential    Kinetic En.   Total Energy  Conserved En.
    8.42063e+02   -3.14188e+05    6.70256e+04   -2.47163e+05   -2.86086e+05
    Temperature Pressure (bar)   Constr. rmsd
    3.01397e+02   -9.35471e+02    3.13361e-06

           Step           Time
           9500       19.00000

   Energies (kJ/mol)
           Bond            U-B    Proper Dih.  Improper Dih.      CMAP Dih.
    2.70911e+03    7.12021e+03    8.46849e+03    4.52216e+02   -4.79878e+02
          LJ-14     Coulomb-14        LJ (SR)   Coulomb (SR)   Coul. recip.
    2.44846e+03    4.93021e+04    2.56445e+04   -4.11033e+05    1.32395e+03
 Position Rest.      Potential    Kinetic En.   Total Energy  Conserved En.
    8.52041e+02   -3.13191e+05    6.61182e+04   -2.47073e+05   -2.86047e+05
    Temperature Pressure (bar)   Constr. rmsd
    2.97317e+02   -1.41984e+03    2.86359e-06


DD  step 9999  vol min/aver 0.913  load imb.: force  1.0%
           Step           Time
          10000       20.00000

   Energies (kJ/mol)
           Bond            U-B    Proper Dih.  Improper Dih.      CMAP Dih.
    2.75183e+03    7.26752e+03    8.37938e+03    4.03690e+02   -4.07629e+02
          LJ-14     Coulomb-14        LJ (SR)   Coulomb (SR)   Coul. recip.
    2.34207e+03    4.93545e+04    2.63396e+04   -4.12759e+05    1.31124e+03
 Position Rest.      Potential    Kinetic En.   Total Energy  Conserved En.
    8.78017e+02   -3.14139e+05    6.68326e+04   -2.47306e+05   -2.86057e+05
    Temperature Pressure (bar)   Constr. rmsd
    3.00529e+02   -1.20410e+03    2.86457e-06

           Step           Time
          10500       21.00000

   Energies (kJ/mol)
           Bond            U-B    Proper Dih.  Improper Dih.      CMAP Dih.
    2.80429e+03    7.02085e+03    8.49521e+03    4.83835e+02   -3.55806e+02
          LJ-14     Coulomb-14        LJ (SR)   Coulomb (SR)   Coul. recip.
    2.34282e+03    4.94580e+04    2.59602e+04   -4.12275e+05    1.28582e+03
 Position Rest.      Potential    Kinetic En.   Total Energy  Conserved En.
    8.33777e+02   -3.13946e+05    6.62319e+04   -2.47714e+05   -2.86080e+05
    Temperature Pressure (bar)   Constr. rmsd
    2.97828e+02   -6.58106e+02    2.86251e-06

           Step           Time
          11000       22.00000

   Energies (kJ/mol)
           Bond            U-B    Proper Dih.  Improper Dih.      CMAP Dih.
    2.79960e+03    7.53990e+03    8.40190e+03    4.47193e+02   -4.28103e+02
          LJ-14     Coulomb-14        LJ (SR)   Coulomb (SR)   Coul. recip.
    2.38085e+03    4.92415e+04    2.58903e+04   -4.11661e+05    1.33786e+03
 Position Rest.      Potential    Kinetic En.   Total Energy  Conserved En.
    7.89456e+02   -3.13260e+05    6.63925e+04   -2.46868e+05   -2.86060e+05
    Temperature Pressure (bar)   Constr. rmsd
    2.98550e+02   -9.37095e+02    2.87803e-06

           Step           Time
          11500       23.00000

   Energies (kJ/mol)
           Bond            U-B    Proper Dih.  Improper Dih.      CMAP Dih.
    2.56724e+03    7.17454e+03    8.36576e+03    4.77371e+02   -4.08693e+02
          LJ-14     Coulomb-14        LJ (SR)   Coulomb (SR)   Coul. recip.
    2.36852e+03    4.94835e+04    2.70794e+04   -4.14285e+05    1.30478e+03
 Position Rest.      Potential    Kinetic En.   Total Energy  Conserved En.
    8.24168e+02   -3.15048e+05    6.68887e+04   -2.48160e+05   -2.86077e+05
    Temperature Pressure (bar)   Constr. rmsd
    3.00782e+02   -1.76727e+02    2.97946e-06


DD  step 11999  vol min/aver 0.912  load imb.: force  2.3%
           Step           Time
          12000       24.00000

   Energies (kJ/mol)
           Bond            U-B    Proper Dih.  Improper Dih.      CMAP Dih.
    2.72929e+03    7.42900e+03    8.35609e+03    4.53575e+02   -4.16220e+02
          LJ-14     Coulomb-14        LJ (SR)   Coulomb (SR)   Coul. recip.
    2.37761e+03    4.93846e+04    2.55218e+04   -4.10925e+05    1.28279e+03
 Position Rest.      Potential    Kinetic En.   Total Energy  Conserved En.
    8.06146e+02   -3.13000e+05    6.74469e+04   -2.45553e+05   -2.86056e+05
    Temperature Pressure (bar)   Constr. rmsd
    3.03292e+02   -1.30111e+03    3.06282e-06

           Step           Time
          12500       25.00000

   Energies (kJ/mol)
           Bond            U-B    Proper Dih.  Improper Dih.      CMAP Dih.
    2.53762e+03    7.12221e+03    8.42997e+03    4.53726e+02   -4.25218e+02
          LJ-14     Coulomb-14        LJ (SR)   Coulomb (SR)   Coul. recip.
    2.47698e+03    4.93051e+04    2.60488e+04   -4.12164e+05    1.31014e+03
 Position Rest.      Potential    Kinetic En.   Total Energy  Conserved En.
    7.86798e+02   -3.14118e+05    6.59799e+04   -2.48138e+05   -2.86077e+05
    Temperature Pressure (bar)   Constr. rmsd
    2.96695e+02   -1.22003e+03    2.87809e-06

           Step           Time
          13000       26.00000

   Energies (kJ/mol)
           Bond            U-B    Proper Dih.  Improper Dih.      CMAP Dih.
    2.62362e+03    7.48240e+03    8.33211e+03    4.58138e+02   -4.04719e+02
          LJ-14     Coulomb-14        LJ (SR)   Coulomb (SR)   Coul. recip.
    2.44204e+03    4.95500e+04    2.64081e+04   -4.12505e+05    1.30991e+03
 Position Rest.      Potential    Kinetic En.   Total Energy  Conserved En.
    7.92920e+02   -3.13510e+05    6.63636e+04   -2.47147e+05   -2.86054e+05
    Temperature Pressure (bar)   Constr. rmsd
    2.98420e+02   -4.14058e+02    2.88723e-06

           Step           Time
          13500       27.00000

   Energies (kJ/mol)
           Bond            U-B    Proper Dih.  Improper Dih.      CMAP Dih.
    2.80785e+03    7.28104e+03    8.33425e+03    4.40390e+02   -4.09595e+02
          LJ-14     Coulomb-14        LJ (SR)   Coulomb (SR)   Coul. recip.
    2.42423e+03    4.93731e+04    2.59206e+04   -4.11588e+05    1.32904e+03
 Position Rest.      Potential    Kinetic En.   Total Energy  Conserved En.
    8.38243e+02   -3.13249e+05    6.72698e+04   -2.45979e+05   -2.86066e+05
    Temperature Pressure (bar)   Constr. rmsd
    3.02495e+02   -1.38777e+03    2.82712e-06


DD  step 13999  vol min/aver 0.910  load imb.: force  1.2%
           Step           Time
          14000       28.00000

   Energies (kJ/mol)
           Bond            U-B    Proper Dih.  Improper Dih.      CMAP Dih.
    2.83002e+03    7.38743e+03    8.44839e+03    4.44229e+02   -4.41496e+02
          LJ-14     Coulomb-14        LJ (SR)   Coulomb (SR)   Coul. recip.
    2.34397e+03    4.93981e+04    2.63197e+04   -4.12079e+05    1.32336e+03
 Position Rest.      Potential    Kinetic En.   Total Energy  Conserved En.
    8.01980e+02   -3.13224e+05    6.67526e+04   -2.46471e+05   -2.86054e+05
    Temperature Pressure (bar)   Constr. rmsd
    3.00170e+02   -4.91695e+02    2.97421e-06

           Step           Time
          14500       29.00000

   Energies (kJ/mol)
           Bond            U-B    Proper Dih.  Improper Dih.      CMAP Dih.
    2.62018e+03    7.07411e+03    8.42370e+03    4.78620e+02   -4.27874e+02
          LJ-14     Coulomb-14        LJ (SR)   Coulomb (SR)   Coul. recip.
    2.35476e+03    4.96200e+04    2.56983e+04   -4.11312e+05    1.27815e+03
 Position Rest.      Potential    Kinetic En.   Total Energy  Conserved En.
    7.86963e+02   -3.13405e+05    6.59861e+04   -2.47419e+05   -2.86085e+05
    Temperature Pressure (bar)   Constr. rmsd
    2.96723e+02   -2.16864e+02    2.85931e-06

           Step           Time
          15000       30.00000

   Energies (kJ/mol)
           Bond            U-B    Proper Dih.  Improper Dih.      CMAP Dih.
    2.65762e+03    7.46186e+03    8.38086e+03    4.47530e+02   -4.42237e+02
          LJ-14     Coulomb-14        LJ (SR)   Coulomb (SR)   Coul. recip.
    2.36267e+03    4.92120e+04    2.60484e+04   -4.12498e+05    1.25740e+03
 Position Rest.      Potential    Kinetic En.   Total Energy  Conserved En.
    8.66244e+02   -3.14245e+05    6.71867e+04   -2.47059e+05   -2.86080e+05
    Temperature Pressure (bar)   Constr. rmsd
    3.02122e+02   -5.86183e+02    2.94068e-06

           Step           Time
          15500       31.00000

   Energies (kJ/mol)
           Bond            U-B    Proper Dih.  Improper Dih.      CMAP Dih.
    2.69994e+03    7.05839e+03    8.32245e+03    3.90944e+02   -4.39402e+02
          LJ-14     Coulomb-14        LJ (SR)   Coulomb (SR)   Coul. recip.
    2.44447e+03    4.94771e+04    2.66327e+04   -4.13147e+05    1.30347e+03
 Position Rest.      Potential    Kinetic En.   Total Energy  Conserved En.
    8.56994e+02   -3.14400e+05    6.62747e+04   -2.48125e+05   -2.86087e+05
    Temperature Pressure (bar)   Constr. rmsd
    2.98021e+02   -7.48611e+02    2.94543e-06


DD  step 15999  vol min/aver 0.931  load imb.: force  1.1%
           Step           Time
          16000       32.00000

   Energies (kJ/mol)
           Bond            U-B    Proper Dih.  Improper Dih.      CMAP Dih.
    2.57469e+03    7.26885e+03    8.45961e+03    4.76300e+02   -4.04032e+02
          LJ-14     Coulomb-14        LJ (SR)   Coulomb (SR)   Coul. recip.
    2.33821e+03    4.93565e+04    2.60506e+04   -4.12156e+05    1.32093e+03
 Position Rest.      Potential    Kinetic En.   Total Energy  Conserved En.
    8.45070e+02   -3.13869e+05    6.63775e+04   -2.47492e+05   -2.86092e+05
    Temperature Pressure (bar)   Constr. rmsd
    2.98483e+02   -8.18807e+02    2.84865e-06

           Step           Time
          16500       33.00000

   Energies (kJ/mol)
           Bond            U-B    Proper Dih.  Improper Dih.      CMAP Dih.
    2.79407e+03    7.42897e+03    8.45254e+03    4.26346e+02   -4.25870e+02
          LJ-14     Coulomb-14        LJ (SR)   Coulomb (SR)   Coul. recip.
    2.44859e+03    4.90458e+04    2.63038e+04   -4.12571e+05    1.29529e+03
 Position Rest.      Potential    Kinetic En.   Total Energy  Conserved En.
    9.12948e+02   -3.13889e+05    6.65869e+04   -2.47302e+05   -2.86062e+05
    Temperature Pressure (bar)   Constr. rmsd
    2.99425e+02   -8.60737e+02    2.99802e-06

           Step           Time
          17000       34.00000

   Energies (kJ/mol)
           Bond            U-B    Proper Dih.  Improper Dih.      CMAP Dih.
    2.64511e+03    7.42940e+03    8.41209e+03    3.88152e+02   -4.01317e+02
          LJ-14     Coulomb-14        LJ (SR)   Coulomb (SR)   Coul. recip.
    2.40055e+03    4.91765e+04    2.63740e+04   -4.11561e+05    1.37882e+03
 Position Rest.      Potential    Kinetic En.   Total Energy  Conserved En.
    8.22401e+02   -3.12935e+05    6.66223e+04   -2.46313e+05   -2.86063e+05
    Temperature Pressure (bar)   Constr. rmsd
    2.99584e+02   -3.50613e+02    2.89001e-06

           Step           Time
          17500       35.00000

   Energies (kJ/mol)
           Bond            U-B    Proper Dih.  Improper Dih.      CMAP Dih.
    2.55916e+03    7.15380e+03    8.43672e+03    3.84276e+02   -4.29872e+02
          LJ-14     Coulomb-14        LJ (SR)   Coulomb (SR)   Coul. recip.
    2.44193e+03    4.95701e+04    2.61259e+04   -4.11471e+05    1.34543e+03
 Position Rest.      Potential    Kinetic En.   Total Energy  Conserved En.
    8.17779e+02   -3.13066e+05    6.70381e+04   -2.46027e+05   -2.86091e+05
    Temperature Pressure (bar)   Constr. rmsd
    3.01454e+02   -2.79177e+02    3.05743e-06


DD  step 17999  vol min/aver 0.891  load imb.: force  1.3%
           Step           Time
          18000       36.00000

   Energies (kJ/mol)
           Bond            U-B    Proper Dih.  Improper Dih.      CMAP Dih.
    2.66938e+03    7.34871e+03    8.48220e+03    4.51188e+02   -5.00730e+02
          LJ-14     Coulomb-14        LJ (SR)   Coulomb (SR)   Coul. recip.
    2.36151e+03    4.92762e+04    2.61518e+04   -4.11981e+05    1.33498e+03
 Position Rest.      Potential    Kinetic En.   Total Energy  Conserved En.
    8.44671e+02   -3.13561e+05    6.63781e+04   -2.47183e+05   -2.86064e+05
    Temperature Pressure (bar)   Constr. rmsd
    2.98486e+02   -8.26087e+02    2.76489e-06

           Step           Time
          18500       37.00000

   Energies (kJ/mol)
           Bond            U-B    Proper Dih.  Improper Dih.      CMAP Dih.
    2.74202e+03    7.39497e+03    8.47068e+03    4.32574e+02   -4.76148e+02
          LJ-14     Coulomb-14        LJ (SR)   Coulomb (SR)   Coul. recip.
    2.34422e+03    4.93025e+04    2.61948e+04   -4.12441e+05    1.36155e+03
 Position Rest.      Potential    Kinetic En.   Total Energy  Conserved En.
    8.29690e+02   -3.13844e+05    6.68750e+04   -2.46969e+05   -2.86076e+05
    Temperature Pressure (bar)   Constr. rmsd
    3.00720e+02   -6.97937e+02    3.01714e-06

           Step           Time
          19000       38.00000

   Energies (kJ/mol)
           Bond            U-B    Proper Dih.  Improper Dih.      CMAP Dih.
    2.64492e+03    7.28924e+03    8.31296e+03    4.27130e+02   -3.98492e+02
          LJ-14     Coulomb-14        LJ (SR)   Coulomb (SR)   Coul. recip.
    2.43270e+03    4.93426e+04    2.64912e+04   -4.12237e+05    1.34917e+03
 Position Rest.      Potential    Kinetic En.   Total Energy  Conserved En.
    8.32479e+02   -3.13513e+05    6.63720e+04   -2.47141e+05   -2.86075e+05
    Temperature Pressure (bar)   Constr. rmsd
    2.98458e+02   -1.17487e+03    2.84626e-06

           Step           Time
          19500       39.00000

   Energies (kJ/mol)
           Bond            U-B    Proper Dih.  Improper Dih.      CMAP Dih.
    2.96631e+03    7.36381e+03    8.42525e+03    4.96158e+02   -4.76215e+02
          LJ-14     Coulomb-14        LJ (SR)   Coulomb (SR)   Coul. recip.
    2.31552e+03    4.90895e+04    2.61398e+04   -4.11693e+05    1.30268e+03
 Position Rest.      Potential    Kinetic En.   Total Energy  Conserved En.
    8.89019e+02   -3.13181e+05    6.78946e+04   -2.45287e+05   -2.86098e+05
    Temperature Pressure (bar)   Constr. rmsd
    3.05305e+02   -5.36688e+02    2.93190e-06


DD  step 19999  vol min/aver 0.912  load imb.: force  1.7%
           Step           Time
          20000       40.00000

   Energies (kJ/mol)
           Bond            U-B    Proper Dih.  Improper Dih.      CMAP Dih.
    2.80507e+03    7.31127e+03    8.33963e+03    4.33484e+02   -4.48310e+02
          LJ-14     Coulomb-14        LJ (SR)   Coulomb (SR)   Coul. recip.
    2.38396e+03    4.94097e+04    2.58456e+04   -4.11230e+05    1.33464e+03
 Position Rest.      Potential    Kinetic En.   Total Energy  Conserved En.
    8.33259e+02   -3.12982e+05    6.67360e+04   -2.46246e+05   -2.86085e+05
    Temperature Pressure (bar)   Constr. rmsd
    3.00095e+02   -7.46060e+02    2.89420e-06

           Step           Time
          20500       41.00000

   Energies (kJ/mol)
           Bond            U-B    Proper Dih.  Improper Dih.      CMAP Dih.
    2.79449e+03    7.37704e+03    8.37844e+03    4.58466e+02   -4.31923e+02
          LJ-14     Coulomb-14        LJ (SR)   Coulomb (SR)   Coul. recip.
    2.35920e+03    4.90426e+04    2.60862e+04   -4.11455e+05    1.33416e+03
 Position Rest.      Potential    Kinetic En.   Total Energy  Conserved En.
    8.20641e+02   -3.13235e+05    6.68626e+04   -2.46373e+05   -2.86090e+05
    Temperature Pressure (bar)   Constr. rmsd
    3.00664e+02   -5.06579e+02    3.16600e-06

           Step           Time
          21000       42.00000

   Energies (kJ/mol)
           Bond            U-B    Proper Dih.  Improper Dih.      CMAP Dih.
    2.75065e+03    7.20367e+03    8.35755e+03    4.08726e+02   -4.53734e+02
          LJ-14     Coulomb-14        LJ (SR)   Coulomb (SR)   Coul. recip.
    2.37248e+03    4.94753e+04    2.55626e+04   -4.11705e+05    1.27156e+03
 Position Rest.      Potential    Kinetic En.   Total Energy  Conserved En.
    8.28258e+02   -3.13928e+05    6.66452e+04   -2.47283e+05   -2.86073e+05
    Temperature Pressure (bar)   Constr. rmsd
    2.99687e+02   -8.80858e+02    2.74155e-06

           Step           Time
          21500       43.00000

   Energies (kJ/mol)
           Bond            U-B    Proper Dih.  Improper Dih.      CMAP Dih.
    2.69314e+03    7.40634e+03    8.38375e+03    4.19432e+02   -4.37326e+02
          LJ-14     Coulomb-14        LJ (SR)   Coulomb (SR)   Coul. recip.
    2.36919e+03    4.93015e+04    2.58399e+04   -4.11998e+05    1.32517e+03
 Position Rest.      Potential    Kinetic En.   Total Energy  Conserved En.
    8.40729e+02   -3.13856e+05    6.61277e+04   -2.47729e+05   -2.86062e+05
    Temperature Pressure (bar)   Constr. rmsd
    2.97360e+02   -4.19635e+02    2.71763e-06


DD  step 21999  vol min/aver 0.898  load imb.: force  1.5%
           Step           Time
          22000       44.00000

   Energies (kJ/mol)
           Bond            U-B    Proper Dih.  Improper Dih.      CMAP Dih.
    2.79321e+03    7.17798e+03    8.33303e+03    4.86337e+02   -4.30519e+02
          LJ-14     Coulomb-14        LJ (SR)   Coulomb (SR)   Coul. recip.
    2.48337e+03    4.93385e+04    2.57630e+04   -4.11209e+05    1.30268e+03
 Position Rest.      Potential    Kinetic En.   Total Energy  Conserved En.
    8.40940e+02   -3.13121e+05    6.65621e+04   -2.46559e+05   -2.86066e+05
    Temperature Pressure (bar)   Constr. rmsd
    2.99313e+02   -3.10093e+02    2.87011e-06

           Step           Time
          22500       45.00000

   Energies (kJ/mol)
           Bond            U-B    Proper Dih.  Improper Dih.      CMAP Dih.
    2.91698e+03    7.43331e+03    8.40224e+03    4.26456e+02   -4.43943e+02
          LJ-14     Coulomb-14        LJ (SR)   Coulomb (SR)   Coul. recip.
    2.25354e+03    4.93664e+04    2.52484e+04   -4.10944e+05    1.37908e+03
 Position Rest.      Potential    Kinetic En.   Total Energy  Conserved En.
    8.72475e+02   -3.13089e+05    6.67731e+04   -2.46316e+05   -2.86064e+05
    Temperature Pressure (bar)   Constr. rmsd
    3.00262e+02   -9.29355e+02    2.90489e-06

           Step           Time
          23000       46.00000

   Energies (kJ/mol)
           Bond            U-B    Proper Dih.  Improper Dih.      CMAP Dih.
    2.54598e+03    7.19117e+03    8.46018e+03    4.38652e+02   -4.41834e+02
          LJ-14     Coulomb-14        LJ (SR)   Coulomb (SR)   Coul. recip.
    2.43213e+03    4.93788e+04    2.62109e+04   -4.12876e+05    1.29748e+03
 Position Rest.      Potential    Kinetic En.   Total Energy  Conserved En.
    8.73960e+02   -3.14489e+05    6.61574e+04   -2.48332e+05   -2.86074e+05
    Temperature Pressure (bar)   Constr. rmsd
    2.97493e+02   -5.93194e+02    2.69153e-06

           Step           Time
          23500       47.00000

   Energies (kJ/mol)
           Bond            U-B    Proper Dih.  Improper Dih.      CMAP Dih.
    2.67153e+03    7.19442e+03    8.46349e+03    4.31891e+02   -4.25860e+02
          LJ-14     Coulomb-14        LJ (SR)   Coulomb (SR)   Coul. recip.
    2.30123e+03    4.95009e+04    2.58539e+04   -4.12669e+05    1.34806e+03
 Position Rest.      Potential    Kinetic En.   Total Energy  Conserved En.
    7.97520e+02   -3.14532e+05    6.62605e+04   -2.48271e+05   -2.86070e+05
    Temperature Pressure (bar)   Constr. rmsd
    2.97957e+02   -5.66720e+02    2.83555e-06


DD  step 23999  vol min/aver 0.909  load imb.: force  1.8%
           Step           Time
          24000       48.00000

   Energies (kJ/mol)
           Bond            U-B    Proper Dih.  Improper Dih.      CMAP Dih.
    2.83543e+03    7.38321e+03    8.49195e+03    4.50854e+02   -4.26255e+02
          LJ-14     Coulomb-14        LJ (SR)   Coulomb (SR)   Coul. recip.
    2.44788e+03    4.92646e+04    2.63369e+04   -4.11788e+05    1.41371e+03
 Position Rest.      Potential    Kinetic En.   Total Energy  Conserved En.
    8.48196e+02   -3.12741e+05    6.73819e+04   -2.45359e+05   -2.86057e+05
    Temperature Pressure (bar)   Constr. rmsd
    3.02999e+02   -7.32914e+02    2.99714e-06

           Step           Time
          24500       49.00000

   Energies (kJ/mol)
           Bond            U-B    Proper Dih.  Improper Dih.      CMAP Dih.
    2.69695e+03    7.21056e+03    8.48557e+03    4.60723e+02   -4.33998e+02
          LJ-14     Coulomb-14        LJ (SR)   Coulomb (SR)   Coul. recip.
    2.39966e+03    4.94232e+04    2.65228e+04   -4.12451e+05    1.23965e+03
 Position Rest.      Potential    Kinetic En.   Total Energy  Conserved En.
    8.34351e+02   -3.13611e+05    6.77189e+04   -2.45892e+05   -2.86105e+05
    Temperature Pressure (bar)   Constr. rmsd
    3.04515e+02   -9.06801e+02    3.20102e-06

           Step           Time
          25000       50.00000

   Energies (kJ/mol)
           Bond            U-B    Proper Dih.  Improper Dih.      CMAP Dih.
    2.74534e+03    7.30747e+03    8.39863e+03    4.44814e+02   -4.58266e+02
          LJ-14     Coulomb-14        LJ (SR)   Coulomb (SR)   Coul. recip.
    2.35973e+03    4.93940e+04    2.58403e+04   -4.12370e+05    1.23572e+03
 Position Rest.      Potential    Kinetic En.   Total Energy  Conserved En.
    8.65419e+02   -3.14237e+05    6.66218e+04   -2.47615e+05   -2.86070e+05
    Temperature Pressure (bar)   Constr. rmsd
    2.99581e+02   -6.07215e+02    2.85403e-06

           Step           Time
          25500       51.00000

   Energies (kJ/mol)
           Bond            U-B    Proper Dih.  Improper Dih.      CMAP Dih.
    2.63087e+03    7.18539e+03    8.41634e+03    4.91919e+02   -4.46587e+02
          LJ-14     Coulomb-14        LJ (SR)   Coulomb (SR)   Coul. recip.
    2.36651e+03    4.93669e+04    2.61729e+04   -4.12787e+05    1.29073e+03
 Position Rest.      Potential    Kinetic En.   Total Energy  Conserved En.
    8.35317e+02   -3.14477e+05    6.73058e+04   -2.47171e+05   -2.86089e+05
    Temperature Pressure (bar)   Constr. rmsd
    3.02657e+02   -1.19738e+03    2.72147e-06


DD  step 25999  vol min/aver 0.902  load imb.: force  1.1%
           Step           Time
          26000       52.00000

   Energies (kJ/mol)
           Bond            U-B    Proper Dih.  Improper Dih.      CMAP Dih.
    2.86349e+03    7.44312e+03    8.40543e+03    4.86741e+02   -4.55893e+02
          LJ-14     Coulomb-14        LJ (SR)   Coulomb (SR)   Coul. recip.
    2.34416e+03    4.94840e+04    2.51513e+04   -4.10140e+05    1.29547e+03
 Position Rest.      Potential    Kinetic En.   Total Energy  Conserved En.
    8.35415e+02   -3.12286e+05    6.70230e+04   -2.45263e+05   -2.86061e+05
    Temperature Pressure (bar)   Constr. rmsd
    3.01386e+02   -9.02200e+02    2.89579e-06

           Step           Time
          26500       53.00000

   Energies (kJ/mol)
           Bond            U-B    Proper Dih.  Improper Dih.      CMAP Dih.
    2.65709e+03    7.05378e+03    8.45103e+03    4.93728e+02   -4.11220e+02
          LJ-14     Coulomb-14        LJ (SR)   Coulomb (SR)   Coul. recip.
    2.45510e+03    4.92971e+04    2.66785e+04   -4.12952e+05    1.33251e+03
 Position Rest.      Potential    Kinetic En.   Total Energy  Conserved En.
    8.77057e+02   -3.14067e+05    6.74193e+04   -2.46648e+05   -2.86089e+05
    Temperature Pressure (bar)   Constr. rmsd
    3.03168e+02   -3.31845e+02    3.07190e-06

           Step           Time
          27000       54.00000

   Energies (kJ/mol)
           Bond            U-B    Proper Dih.  Improper Dih.      CMAP Dih.
    2.60935e+03    7.21883e+03    8.47060e+03    4.88015e+02   -4.63084e+02
          LJ-14     Coulomb-14        LJ (SR)   Coulomb (SR)   Coul. recip.
    2.42759e+03    4.94717e+04    2.69601e+04   -4.12652e+05    1.32497e+03
 Position Rest.      Potential    Kinetic En.   Total Energy  Conserved En.
    7.96598e+02   -3.13347e+05    6.67534e+04   -2.46594e+05   -2.86077e+05
    Temperature Pressure (bar)   Constr. rmsd
    3.00174e+02   -7.64700e+02    2.84498e-06

           Step           Time
          27500       55.00000

   Energies (kJ/mol)
           Bond            U-B    Proper Dih.  Improper Dih.      CMAP Dih.
    2.70755e+03    7.28249e+03    8.37512e+03    4.11768e+02   -4.54104e+02
          LJ-14     Coulomb-14        LJ (SR)   Coulomb (SR)   Coul. recip.
    2.40753e+03    4.93011e+04    2.57531e+04   -4.11426e+05    1.34140e+03
 Position Rest.      Potential    Kinetic En.   Total Energy  Conserved En.
    8.86892e+02   -3.13413e+05    6.65227e+04   -2.46890e+05   -2.86090e+05
    Temperature Pressure (bar)   Constr. rmsd
    2.99136e+02   -6.96008e+02    3.18409e-06


DD  step 27999  vol min/aver 0.918  load imb.: force  2.0%
           Step           Time
          28000       56.00000

   Energies (kJ/mol)
           Bond            U-B    Proper Dih.  Improper Dih.      CMAP Dih.
    2.79284e+03    7.18514e+03    8.39022e+03    3.70425e+02   -4.46289e+02
          LJ-14     Coulomb-14        LJ (SR)   Coulomb (SR)   Coul. recip.
    2.42429e+03    4.94480e+04    2.69628e+04   -4.13780e+05    1.25920e+03
 Position Rest.      Potential    Kinetic En.   Total Energy  Conserved En.
    7.96484e+02   -3.14597e+05    6.69692e+04   -2.47628e+05   -2.86071e+05
    Temperature Pressure (bar)   Constr. rmsd
    3.01144e+02   -6.23829e+02    3.19945e-06

           Step           Time
          28500       57.00000

   Energies (kJ/mol)
           Bond            U-B    Proper Dih.  Improper Dih.      CMAP Dih.
    2.66170e+03    7.23909e+03    8.44892e+03    4.38463e+02   -4.24347e+02
          LJ-14     Coulomb-14        LJ (SR)   Coulomb (SR)   Coul. recip.
    2.43956e+03    4.92764e+04    2.56505e+04   -4.11589e+05    1.32606e+03
 Position Rest.      Potential    Kinetic En.   Total Energy  Conserved En.
    7.99224e+02   -3.13733e+05    6.63060e+04   -2.47427e+05   -2.86066e+05
    Temperature Pressure (bar)   Constr. rmsd
    2.98162e+02   -4.05455e+02    2.72468e-06

           Step           Time
          29000       58.00000

   Energies (kJ/mol)
           Bond            U-B    Proper Dih.  Improper Dih.      CMAP Dih.
    2.66730e+03    7.32796e+03    8.39168e+03    4.62453e+02   -4.41331e+02
          LJ-14     Coulomb-14        LJ (SR)   Coulomb (SR)   Coul. recip.
    2.42669e+03    4.97153e+04    2.62844e+04   -4.10863e+05    1.32565e+03
 Position Rest.      Potential    Kinetic En.   Total Energy  Conserved En.
    8.48125e+02   -3.11855e+05    6.69084e+04   -2.44946e+05   -2.86061e+05
    Temperature Pressure (bar)   Constr. rmsd
    3.00871e+02   -1.04921e+03    2.95475e-06

           Step           Time
          29500       59.00000

   Energies (kJ/mol)
           Bond            U-B    Proper Dih.  Improper Dih.      CMAP Dih.
    2.77866e+03    7.15852e+03    8.37504e+03    4.43353e+02   -3.73923e+02
          LJ-14     Coulomb-14        LJ (SR)   Coulomb (SR)   Coul. recip.
    2.39723e+03    4.92996e+04    2.62018e+04   -4.12000e+05    1.38344e+03
 Position Rest.      Potential    Kinetic En.   Total Energy  Conserved En.
    7.96613e+02   -3.13540e+05    6.63964e+04   -2.47144e+05   -2.86074e+05
    Temperature Pressure (bar)   Constr. rmsd
    2.98568e+02   -1.10905e+03    3.22186e-06


DD  step 29999  vol min/aver 0.945  load imb.: force  1.4%
           Step           Time
          30000       60.00000

   Energies (kJ/mol)
           Bond            U-B    Proper Dih.  Improper Dih.      CMAP Dih.
    2.62888e+03    7.22167e+03    8.57626e+03    4.74185e+02   -3.77429e+02
          LJ-14     Coulomb-14        LJ (SR)   Coulomb (SR)   Coul. recip.
    2.45346e+03    4.95330e+04    2.53196e+04   -4.10921e+05    1.36467e+03
 Position Rest.      Potential    Kinetic En.   Total Energy  Conserved En.
    8.68503e+02   -3.12858e+05    6.68713e+04   -2.45987e+05   -2.86071e+05
    Temperature Pressure (bar)   Constr. rmsd
    3.00703e+02   -1.17545e+03    3.10214e-06

           Step           Time
          30500       61.00000

   Energies (kJ/mol)
           Bond            U-B    Proper Dih.  Improper Dih.      CMAP Dih.
    2.70992e+03    7.10766e+03    8.33515e+03    4.87146e+02   -4.40300e+02
          LJ-14     Coulomb-14        LJ (SR)   Coulomb (SR)   Coul. recip.
    2.33547e+03    4.93995e+04    2.61614e+04   -4.12628e+05    1.33657e+03
 Position Rest.      Potential    Kinetic En.   Total Energy  Conserved En.
    9.10145e+02   -3.14285e+05    6.67835e+04   -2.47502e+05   -2.86103e+05
    Temperature Pressure (bar)   Constr. rmsd
    3.00309e+02   -1.03212e+03    3.07827e-06

           Step           Time
          31000       62.00000

   Energies (kJ/mol)
           Bond            U-B    Proper Dih.  Improper Dih.      CMAP Dih.
    2.72252e+03    7.06428e+03    8.48506e+03    4.09554e+02   -4.43110e+02
          LJ-14     Coulomb-14        LJ (SR)   Coulomb (SR)   Coul. recip.
    2.44328e+03    4.92753e+04    2.73293e+04   -4.14092e+05    1.31847e+03
 Position Rest.      Potential    Kinetic En.   Total Energy  Conserved En.
    8.51425e+02   -3.14636e+05    6.64671e+04   -2.48169e+05   -2.86095e+05
    Temperature Pressure (bar)   Constr. rmsd
    2.98886e+02   -4.29543e+02    2.81121e-06

           Step           Time
          31500       63.00000

   Energies (kJ/mol)
           Bond            U-B    Proper Dih.  Improper Dih.      CMAP Dih.
    2.79381e+03    7.36808e+03    8.40919e+03    4.53806e+02   -4.10140e+02
          LJ-14     Coulomb-14        LJ (SR)   Coulomb (SR)   Coul. recip.
    2.40960e+03    4.95664e+04    2.58588e+04   -4.11739e+05    1.29106e+03
 Position Rest.      Potential    Kinetic En.   Total Energy  Conserved En.
    8.14005e+02   -3.13184e+05    6.70949e+04   -2.46089e+05   -2.86060e+05
    Temperature Pressure (bar)   Constr. rmsd
    3.01709e+02   -3.31025e+02    3.00647e-06


DD  step 31999  vol min/aver 0.917  load imb.: force  2.0%
           Step           Time
          32000       64.00000

   Energies (kJ/mol)
           Bond            U-B    Proper Dih.  Improper Dih.      CMAP Dih.
    2.73082e+03    7.25963e+03    8.29835e+03    4.39178e+02   -4.21784e+02
          LJ-14     Coulomb-14        LJ (SR)   Coulomb (SR)   Coul. recip.
    2.35678e+03    4.91189e+04    2.56938e+04   -4.11363e+05    1.31130e+03
 Position Rest.      Potential    Kinetic En.   Total Energy  Conserved En.
    8.00829e+02   -3.13775e+05    6.61912e+04   -2.47584e+05   -2.86079e+05
    Temperature Pressure (bar)   Constr. rmsd
    2.97646e+02   -9.10795e+02    2.89809e-06

           Step           Time
          32500       65.00000

   Energies (kJ/mol)
           Bond            U-B    Proper Dih.  Improper Dih.      CMAP Dih.
    2.80398e+03    7.21221e+03    8.36050e+03    4.31350e+02   -4.58696e+02
          LJ-14     Coulomb-14        LJ (SR)   Coulomb (SR)   Coul. recip.
    2.33526e+03    4.92246e+04    2.61907e+04   -4.12011e+05    1.36178e+03
 Position Rest.      Potential    Kinetic En.   Total Energy  Conserved En.
    8.04565e+02   -3.13745e+05    6.63467e+04   -2.47398e+05   -2.86080e+05
    Temperature Pressure (bar)   Constr. rmsd
    2.98345e+02   -8.08058e+02    2.83018e-06

           Step           Time
          33000       66.00000

   Energies (kJ/mol)
           Bond            U-B    Proper Dih.  Improper Dih.      CMAP Dih.
    2.63472e+03    7.41899e+03    8.37289e+03    4.99752e+02   -4.22380e+02
          LJ-14     Coulomb-14        LJ (SR)   Coulomb (SR)   Coul. recip.
    2.35922e+03    4.93853e+04    2.54065e+04   -4.11349e+05    1.28675e+03
 Position Rest.      Potential    Kinetic En.   Total Energy  Conserved En.
    8.37317e+02   -3.13570e+05    6.68159e+04   -2.46754e+05   -2.86077e+05
    Temperature Pressure (bar)   Constr. rmsd
    3.00454e+02   -1.53998e+03    2.85894e-06

           Step           Time
          33500       67.00000

   Energies (kJ/mol)
           Bond            U-B    Proper Dih.  Improper Dih.      CMAP Dih.
    2.73086e+03    7.34853e+03    8.38273e+03    4.37646e+02   -4.46136e+02
          LJ-14     Coulomb-14        LJ (SR)   Coulomb (SR)   Coul. recip.
    2.42255e+03    4.93335e+04    2.60095e+04   -4.10598e+05    1.34292e+03
 Position Rest.      Potential    Kinetic En.   Total Energy  Conserved En.
    8.25988e+02   -3.12210e+05    6.71157e+04   -2.45094e+05   -2.86091e+05
    Temperature Pressure (bar)   Constr. rmsd
    3.01802e+02   -3.49148e+02    2.97871e-06


DD  step 33999  vol min/aver 0.914  load imb.: force  2.0%
           Step           Time
          34000       68.00000

   Energies (kJ/mol)
           Bond            U-B    Proper Dih.  Improper Dih.      CMAP Dih.
    2.67348e+03    7.30272e+03    8.40327e+03    5.10548e+02   -4.08329e+02
          LJ-14     Coulomb-14        LJ (SR)   Coulomb (SR)   Coul. recip.
    2.43483e+03    4.93798e+04    2.63496e+04   -4.12378e+05    1.32081e+03
 Position Rest.      Potential    Kinetic En.   Total Energy  Conserved En.
    8.33403e+02   -3.13578e+05    6.77947e+04   -2.45784e+05   -2.86085e+05
    Temperature Pressure (bar)   Constr. rmsd
    3.04856e+02   -9.06631e+01    3.13074e-06

           Step           Time
          34500       69.00000

   Energies (kJ/mol)
           Bond            U-B    Proper Dih.  Improper Dih.      CMAP Dih.
    2.71250e+03    7.23767e+03    8.35173e+03    4.10425e+02   -4.17230e+02
          LJ-14     Coulomb-14        LJ (SR)   Coulomb (SR)   Coul. recip.
    2.36935e+03    4.93491e+04    2.59610e+04   -4.11730e+05    1.30371e+03
 Position Rest.      Potential    Kinetic En.   Total Energy  Conserved En.
    8.29838e+02   -3.13622e+05    6.65065e+04   -2.47115e+05   -2.86102e+05
    Temperature Pressure (bar)   Constr. rmsd
    2.99063e+02   -1.42116e+03    3.03892e-06

           Step           Time
          35000       70.00000

   Energies (kJ/mol)
           Bond            U-B    Proper Dih.  Improper Dih.      CMAP Dih.
    2.85621e+03    7.11785e+03    8.37429e+03    4.12059e+02   -3.87623e+02
          LJ-14     Coulomb-14        LJ (SR)   Coulomb (SR)   Coul. recip.
    2.37643e+03    4.95258e+04    2.68999e+04   -4.12744e+05    1.31375e+03
 Position Rest.      Potential    Kinetic En.   Total Energy  Conserved En.
    8.44225e+02   -3.13412e+05    6.64164e+04   -2.46995e+05   -2.86065e+05
    Temperature Pressure (bar)   Constr. rmsd
    2.98658e+02   -8.12795e+02    2.68262e-06

           Step           Time
          35500       71.00000

   Energies (kJ/mol)
           Bond            U-B    Proper Dih.  Improper Dih.      CMAP Dih.
    2.65692e+03    7.01586e+03    8.47283e+03    4.44547e+02   -3.96746e+02
          LJ-14     Coulomb-14        LJ (SR)   Coulomb (SR)   Coul. recip.
    2.40489e+03    4.93311e+04    2.73956e+04   -4.13206e+05    1.33255e+03
 Position Rest.      Potential    Kinetic En.   Total Energy  Conserved En.
    8.03791e+02   -3.13744e+05    6.60109e+04   -2.47734e+05   -2.86076e+05
    Temperature Pressure (bar)   Constr. rmsd
    2.96835e+02   -8.38579e+02    2.83962e-06


DD  step 35999  vol min/aver 0.915  load imb.: force  1.9%
           Step           Time
          36000       72.00000

   Energies (kJ/mol)
           Bond            U-B    Proper Dih.  Improper Dih.      CMAP Dih.
    2.70440e+03    7.21697e+03    8.42344e+03    4.63842e+02   -4.30476e+02
          LJ-14     Coulomb-14        LJ (SR)   Coulomb (SR)   Coul. recip.
    2.42419e+03    4.95220e+04    2.54027e+04   -4.11427e+05    1.31524e+03
 Position Rest.      Potential    Kinetic En.   Total Energy  Conserved En.
    8.28466e+02   -3.13557e+05    6.75177e+04   -2.46039e+05   -2.86096e+05
    Temperature Pressure (bar)   Constr. rmsd
    3.03610e+02   -7.54764e+02    2.90657e-06

           Step           Time
          36500       73.00000

   Energies (kJ/mol)
           Bond            U-B    Proper Dih.  Improper Dih.      CMAP Dih.
    2.59737e+03    7.22689e+03    8.38479e+03    4.83790e+02   -3.84782e+02
          LJ-14     Coulomb-14        LJ (SR)   Coulomb (SR)   Coul. recip.
    2.39835e+03    4.93274e+04    2.60251e+04   -4.12625e+05    1.29389e+03
 Position Rest.      Potential    Kinetic En.   Total Energy  Conserved En.
    7.49107e+02   -3.14523e+05    6.65931e+04   -2.47930e+05   -2.86089e+05
    Temperature Pressure (bar)   Constr. rmsd
    2.99452e+02   -1.19346e+03    2.84885e-06

           Step           Time
          37000       74.00000

   Energies (kJ/mol)
           Bond            U-B    Proper Dih.  Improper Dih.      CMAP Dih.
    2.62252e+03    6.93989e+03    8.41778e+03    4.78591e+02   -4.53619e+02
          LJ-14     Coulomb-14        LJ (SR)   Coulomb (SR)   Coul. recip.
    2.47429e+03    4.94037e+04    2.61017e+04   -4.11962e+05    1.37690e+03
 Position Rest.      Potential    Kinetic En.   Total Energy  Conserved En.
    7.74484e+02   -3.13826e+05    6.60977e+04   -2.47728e+05   -2.86084e+05
    Temperature Pressure (bar)   Constr. rmsd
    2.97225e+02   -1.17655e+03    2.89588e-06

           Step           Time
          37500       75.00000

   Energies (kJ/mol)
           Bond            U-B    Proper Dih.  Improper Dih.      CMAP Dih.
    2.60222e+03    7.35516e+03    8.37788e+03    4.17467e+02   -4.40119e+02
          LJ-14     Coulomb-14        LJ (SR)   Coulomb (SR)   Coul. recip.
    2.43391e+03    4.93566e+04    2.58649e+04   -4.11478e+05    1.30560e+03
 Position Rest.      Potential    Kinetic En.   Total Energy  Conserved En.
    8.27631e+02   -3.13377e+05    6.67212e+04   -2.46656e+05   -2.86084e+05
    Temperature Pressure (bar)   Constr. rmsd
    3.00029e+02   -6.21657e+02    2.99613e-06


DD  step 37999  vol min/aver 0.908  load imb.: force  2.0%
           Step           Time
          38000       76.00000

   Energies (kJ/mol)
           Bond            U-B    Proper Dih.  Improper Dih.      CMAP Dih.
    2.69809e+03    6.81962e+03    8.42263e+03    4.88518e+02   -3.87809e+02
          LJ-14     Coulomb-14        LJ (SR)   Coulomb (SR)   Coul. recip.
    2.45939e+03    4.94622e+04    2.58719e+04   -4.11898e+05    1.34381e+03
 Position Rest.      Potential    Kinetic En.   Total Energy  Conserved En.
    7.66935e+02   -3.13953e+05    6.63104e+04   -2.47643e+05   -2.86101e+05
    Temperature Pressure (bar)   Constr. rmsd
    2.98181e+02   -4.21711e+02    3.22055e-06

           Step           Time
          38500       77.00000

   Energies (kJ/mol)
           Bond            U-B    Proper Dih.  Improper Dih.      CMAP Dih.
    2.75991e+03    7.25020e+03    8.40514e+03    4.27773e+02   -3.82654e+02
          LJ-14     Coulomb-14        LJ (SR)   Coulomb (SR)   Coul. recip.
    2.37313e+03    4.89994e+04    2.72544e+04   -4.13012e+05    1.32561e+03
 Position Rest.      Potential    Kinetic En.   Total Energy  Conserved En.
    8.27665e+02   -3.13772e+05    6.68708e+04   -2.46901e+05   -2.86084e+05
    Temperature Pressure (bar)   Constr. rmsd
    3.00702e+02   -4.33699e+02    2.97629e-06

           Step           Time
          39000       78.00000

   Energies (kJ/mol)
           Bond            U-B    Proper Dih.  Improper Dih.      CMAP Dih.
    2.89127e+03    7.24601e+03    8.29634e+03    4.58898e+02   -4.15428e+02
          LJ-14     Coulomb-14        LJ (SR)   Coulomb (SR)   Coul. recip.
    2.35754e+03    4.92829e+04    2.59038e+04   -4.11510e+05    1.19561e+03
 Position Rest.      Potential    Kinetic En.   Total Energy  Conserved En.
    7.49776e+02   -3.13544e+05    6.64334e+04   -2.47110e+05   -2.86086e+05
    Temperature Pressure (bar)   Constr. rmsd
    2.98734e+02   -1.06215e+03    3.14844e-06

           Step           Time
          39500       79.00000

   Energies (kJ/mol)
           Bond            U-B    Proper Dih.  Improper Dih.      CMAP Dih.
    2.78880e+03    6.93143e+03    8.33526e+03    4.28422e+02   -4.19030e+02
          LJ-14     Coulomb-14        LJ (SR)   Coulomb (SR)   Coul. recip.
    2.37688e+03    4.95642e+04    2.48432e+04   -4.11719e+05    1.31584e+03
 Position Rest.      Potential    Kinetic En.   Total Energy  Conserved En.
    7.76427e+02   -3.14778e+05    6.65329e+04   -2.48245e+05   -2.86105e+05
    Temperature Pressure (bar)   Constr. rmsd
    2.99182e+02   -9.77121e+02    3.27224e-06


DD  step 39999  vol min/aver 0.926  load imb.: force  1.0%
           Step           Time
          40000       80.00000

   Energies (kJ/mol)
           Bond            U-B    Proper Dih.  Improper Dih.      CMAP Dih.
    2.78351e+03    7.36042e+03    8.43819e+03    4.34673e+02   -4.24185e+02
          LJ-14     Coulomb-14        LJ (SR)   Coulomb (SR)   Coul. recip.
    2.37502e+03    4.91251e+04    2.63049e+04   -4.11891e+05    1.35701e+03
 Position Rest.      Potential    Kinetic En.   Total Energy  Conserved En.
    8.08388e+02   -3.13328e+05    6.73955e+04   -2.45933e+05   -2.86106e+05
    Temperature Pressure (bar)   Constr. rmsd
    3.03061e+02   -5.92885e+02    2.84469e-06

           Step           Time
          40500       81.00000

   Energies (kJ/mol)
           Bond            U-B    Proper Dih.  Improper Dih.      CMAP Dih.
    2.58237e+03    7.32925e+03    8.30567e+03    4.27640e+02   -4.59913e+02
          LJ-14     Coulomb-14        LJ (SR)   Coulomb (SR)   Coul. recip.
    2.33677e+03    4.94370e+04    2.62118e+04   -4.12271e+05    1.30256e+03
 Position Rest.      Potential    Kinetic En.   Total Energy  Conserved En.
    8.30662e+02   -3.13967e+05    6.61129e+04   -2.47854e+05   -2.86100e+05
    Temperature Pressure (bar)   Constr. rmsd
    2.97293e+02   -1.10552e+03    2.99721e-06

           Step           Time
          41000       82.00000

   Energies (kJ/mol)
           Bond            U-B    Proper Dih.  Improper Dih.      CMAP Dih.
    2.72656e+03    6.96297e+03    8.38673e+03    4.87505e+02   -4.15466e+02
          LJ-14     Coulomb-14        LJ (SR)   Coulomb (SR)   Coul. recip.
    2.42907e+03    4.94274e+04    2.62002e+04   -4.11852e+05    1.30274e+03
 Position Rest.      Potential    Kinetic En.   Total Energy  Conserved En.
    7.70395e+02   -3.13574e+05    6.64860e+04   -2.47088e+05   -2.86118e+05
    Temperature Pressure (bar)   Constr. rmsd
    2.98971e+02   -4.32733e+02    3.06635e-06

           Step           Time
          41500       83.00000

   Energies (kJ/mol)
           Bond            U-B    Proper Dih.  Improper Dih.      CMAP Dih.
    2.79337e+03    7.19809e+03    8.34825e+03    4.33489e+02   -4.24082e+02
          LJ-14     Coulomb-14        LJ (SR)   Coulomb (SR)   Coul. recip.
    2.33028e+03    4.91663e+04    2.55673e+04   -4.11286e+05    1.31855e+03
 Position Rest.      Potential    Kinetic En.   Total Energy  Conserved En.
    7.87484e+02   -3.13767e+05    6.65469e+04   -2.47220e+05   -2.86114e+05
    Temperature Pressure (bar)   Constr. rmsd
    2.99245e+02   -1.36562e+03    2.97824e-06


DD  step 41999  vol min/aver 0.907  load imb.: force  2.1%
           Step           Time
          42000       84.00000

   Energies (kJ/mol)
           Bond            U-B    Proper Dih.  Improper Dih.      CMAP Dih.
    2.72994e+03    6.99297e+03    8.36846e+03    4.59769e+02   -4.26717e+02
          LJ-14     Coulomb-14        LJ (SR)   Coulomb (SR)   Coul. recip.
    2.37532e+03    4.95310e+04    2.59046e+04   -4.12220e+05    1.35537e+03
 Position Rest.      Potential    Kinetic En.   Total Energy  Conserved En.
    8.05044e+02   -3.14124e+05    6.62518e+04   -2.47873e+05   -2.86113e+05
    Temperature Pressure (bar)   Constr. rmsd
    2.97918e+02   -3.49212e+02    2.86820e-06

           Step           Time
          42500       85.00000

   Energies (kJ/mol)
           Bond            U-B    Proper Dih.  Improper Dih.      CMAP Dih.
    2.63692e+03    7.16459e+03    8.29733e+03    4.68516e+02   -4.17373e+02
          LJ-14     Coulomb-14        LJ (SR)   Coulomb (SR)   Coul. recip.
    2.39376e+03    4.94016e+04    2.66394e+04   -4.12395e+05    1.32804e+03
 Position Rest.      Potential    Kinetic En.   Total Energy  Conserved En.
    7.73318e+02   -3.13709e+05    6.61118e+04   -2.47597e+05   -2.86109e+05
    Temperature Pressure (bar)   Constr. rmsd
    2.97288e+02   -6.07620e+02    2.85863e-06

           Step           Time
          43000       86.00000

   Energies (kJ/mol)
           Bond            U-B    Proper Dih.  Improper Dih.      CMAP Dih.
    2.73631e+03    7.31694e+03    8.36128e+03    4.80783e+02   -3.88311e+02
          LJ-14     Coulomb-14        LJ (SR)   Coulomb (SR)   Coul. recip.
    2.46648e+03    4.92475e+04    2.57715e+04   -4.11710e+05    1.33871e+03
 Position Rest.      Potential    Kinetic En.   Total Energy  Conserved En.
    8.23096e+02   -3.13556e+05    6.64434e+04   -2.47113e+05   -2.86107e+05
    Temperature Pressure (bar)   Constr. rmsd
    2.98780e+02   -9.15524e+02    2.87493e-06

           Step           Time
          43500       87.00000

   Energies (kJ/mol)
           Bond            U-B    Proper Dih.  Improper Dih.      CMAP Dih.
    2.59604e+03    7.50745e+03    8.37733e+03    4.47920e+02   -4.02791e+02
          LJ-14     Coulomb-14        LJ (SR)   Coulomb (SR)   Coul. recip.
    2.40558e+03    4.92506e+04    2.52821e+04   -4.11558e+05    1.35528e+03
 Position Rest.      Potential    Kinetic En.   Total Energy  Conserved En.
    8.29614e+02   -3.13909e+05    6.68948e+04   -2.47014e+05   -2.86103e+05
    Temperature Pressure (bar)   Constr. rmsd
    3.00809e+02   -1.09257e+03    2.94763e-06


DD  step 43999  vol min/aver 0.904  load imb.: force  2.0%
           Step           Time
          44000       88.00000

   Energies (kJ/mol)
           Bond            U-B    Proper Dih.  Improper Dih.      CMAP Dih.
    2.64393e+03    7.37532e+03    8.38877e+03    4.63255e+02   -4.04495e+02
          LJ-14     Coulomb-14        LJ (SR)   Coulomb (SR)   Coul. recip.
    2.40452e+03    4.92760e+04    2.56490e+04   -4.11916e+05    1.30218e+03
 Position Rest.      Potential    Kinetic En.   Total Energy  Conserved En.
    7.84644e+02   -3.14033e+05    6.76190e+04   -2.46414e+05   -2.86111e+05
    Temperature Pressure (bar)   Constr. rmsd
    3.04066e+02   -3.22226e+02    2.92768e-06

           Step           Time
          44500       89.00000

   Energies (kJ/mol)
           Bond            U-B    Proper Dih.  Improper Dih.      CMAP Dih.
    2.63028e+03    6.92579e+03    8.37816e+03    3.85990e+02   -4.17954e+02
          LJ-14     Coulomb-14        LJ (SR)   Coulomb (SR)   Coul. recip.
    2.40950e+03    4.92926e+04    2.58682e+04   -4.12071e+05    1.30774e+03
 Position Rest.      Potential    Kinetic En.   Total Energy  Conserved En.
    7.48315e+02   -3.14542e+05    6.77456e+04   -2.46797e+05   -2.86157e+05
    Temperature Pressure (bar)   Constr. rmsd
    3.04635e+02   -9.11301e+02    3.41804e-06

           Step           Time
          45000       90.00000

   Energies (kJ/mol)
           Bond            U-B    Proper Dih.  Improper Dih.      CMAP Dih.
    2.73799e+03    7.30689e+03    8.45262e+03    4.39164e+02   -4.45400e+02
          LJ-14     Coulomb-14        LJ (SR)   Coulomb (SR)   Coul. recip.
    2.32378e+03    4.92812e+04    2.55678e+04   -4.11233e+05    1.28473e+03
 Position Rest.      Potential    Kinetic En.   Total Energy  Conserved En.
    7.86420e+02   -3.13498e+05    6.64408e+04   -2.47057e+05   -2.86101e+05
    Temperature Pressure (bar)   Constr. rmsd
    2.98768e+02   -8.44442e+02    2.78183e-06

           Step           Time
          45500       91.00000

   Energies (kJ/mol)
           Bond            U-B    Proper Dih.  Improper Dih.      CMAP Dih.
    2.67440e+03    7.24813e+03    8.35953e+03    4.64448e+02   -4.52604e+02
          LJ-14     Coulomb-14        LJ (SR)   Coulomb (SR)   Coul. recip.
    2.44377e+03    4.95322e+04    2.54404e+04   -4.11054e+05    1.34076e+03
 Position Rest.      Potential    Kinetic En.   Total Energy  Conserved En.
    7.96691e+02   -3.13206e+05    6.63134e+04   -2.46893e+05   -2.86090e+05
    Temperature Pressure (bar)   Constr. rmsd
    2.98195e+02   -8.47591e+02    2.79498e-06


DD  step 45999  vol min/aver 0.928  load imb.: force  0.9%
           Step           Time
          46000       92.00000

   Energies (kJ/mol)
           Bond            U-B    Proper Dih.  Improper Dih.      CMAP Dih.
    2.63102e+03    7.24384e+03    8.39247e+03    4.79111e+02   -4.29326e+02
          LJ-14     Coulomb-14        LJ (SR)   Coulomb (SR)   Coul. recip.
    2.50477e+03    4.94846e+04    2.56645e+04   -4.11371e+05    1.28844e+03
 Position Rest.      Potential    Kinetic En.   Total Energy  Conserved En.
    8.74666e+02   -3.13237e+05    6.60509e+04   -2.47186e+05   -2.86095e+05
    Temperature Pressure (bar)   Constr. rmsd
    2.97014e+02   -7.17679e+02    3.06024e-06

           Step           Time
          46500       93.00000

   Energies (kJ/mol)
           Bond            U-B    Proper Dih.  Improper Dih.      CMAP Dih.
    2.71221e+03    7.28582e+03    8.38388e+03    4.34350e+02   -3.86166e+02
          LJ-14     Coulomb-14        LJ (SR)   Coulomb (SR)   Coul. recip.
    2.38944e+03    4.94807e+04    2.60589e+04   -4.12131e+05    1.34101e+03
 Position Rest.      Potential    Kinetic En.   Total Energy  Conserved En.
    8.38236e+02   -3.13593e+05    6.67418e+04   -2.46851e+05   -2.86094e+05
    Temperature Pressure (bar)   Constr. rmsd
    3.00121e+02   -7.21711e+02    3.20898e-06

           Step           Time
          47000       94.00000

   Energies (kJ/mol)
           Bond            U-B    Proper Dih.  Improper Dih.      CMAP Dih.
    2.81657e+03    7.09789e+03    8.38507e+03    4.14903e+02   -4.53586e+02
          LJ-14     Coulomb-14        LJ (SR)   Coulomb (SR)   Coul. recip.
    2.28692e+03    4.96094e+04    2.74955e+04   -4.14068e+05    1.34859e+03
 Position Rest.      Potential    Kinetic En.   Total Energy  Conserved En.
    7.99990e+02   -3.14267e+05    6.56554e+04   -2.48612e+05   -2.86105e+05
    Temperature Pressure (bar)   Constr. rmsd
    2.95236e+02   -1.15783e+03    2.85313e-06

           Step           Time
          47500       95.00000

   Energies (kJ/mol)
           Bond            U-B    Proper Dih.  Improper Dih.      CMAP Dih.
    2.71448e+03    6.93979e+03    8.37592e+03    4.29342e+02   -4.40960e+02
          LJ-14     Coulomb-14        LJ (SR)   Coulomb (SR)   Coul. recip.
    2.41293e+03    4.95698e+04    2.63557e+04   -4.13439e+05    1.29855e+03
 Position Rest.      Potential    Kinetic En.   Total Energy  Conserved En.
    8.19538e+02   -3.14964e+05    6.70971e+04   -2.47867e+05   -2.86131e+05
    Temperature Pressure (bar)   Constr. rmsd
    3.01719e+02   -1.23392e+03    3.18920e-06


DD  step 47999  vol min/aver 0.917  load imb.: force  1.5%
           Step           Time
          48000       96.00000

   Energies (kJ/mol)
           Bond            U-B    Proper Dih.  Improper Dih.      CMAP Dih.
    2.65711e+03    7.45967e+03    8.39199e+03    4.21128e+02   -4.16829e+02
          LJ-14     Coulomb-14        LJ (SR)   Coulomb (SR)   Coul. recip.
    2.40433e+03    4.93643e+04    2.60436e+04   -4.12505e+05    1.30698e+03
 Position Rest.      Potential    Kinetic En.   Total Energy  Conserved En.
    7.80259e+02   -3.14093e+05    6.75209e+04   -2.46572e+05   -2.86130e+05
    Temperature Pressure (bar)   Constr. rmsd
    3.03625e+02   -2.44893e+02    3.06432e-06

           Step           Time
          48500       97.00000

   Energies (kJ/mol)
           Bond            U-B    Proper Dih.  Improper Dih.      CMAP Dih.
    2.68812e+03    7.35322e+03    8.40971e+03    3.80223e+02   -4.44902e+02
          LJ-14     Coulomb-14        LJ (SR)   Coulomb (SR)   Coul. recip.
    2.39373e+03    4.93411e+04    2.61271e+04   -4.11888e+05    1.29292e+03
 Position Rest.      Potential    Kinetic En.   Total Energy  Conserved En.
    8.73467e+02   -3.13474e+05    6.70879e+04   -2.46386e+05   -2.86116e+05
    Temperature Pressure (bar)   Constr. rmsd
    3.01678e+02   -6.24319e+02    3.01116e-06

           Step           Time
          49000       98.00000

   Energies (kJ/mol)
           Bond            U-B    Proper Dih.  Improper Dih.      CMAP Dih.
    2.94439e+03    7.36276e+03    8.40206e+03    4.23089e+02   -4.26628e+02
          LJ-14     Coulomb-14        LJ (SR)   Coulomb (SR)   Coul. recip.
    2.39102e+03    4.91126e+04    2.62227e+04   -4.11675e+05    1.34109e+03
 Position Rest.      Potential    Kinetic En.   Total Energy  Conserved En.
    7.80860e+02   -3.13121e+05    6.72111e+04   -2.45910e+05   -2.86120e+05
    Temperature Pressure (bar)   Constr. rmsd
    3.02232e+02   -1.04360e+03    2.87532e-06

           Step           Time
          49500       99.00000

   Energies (kJ/mol)
           Bond            U-B    Proper Dih.  Improper Dih.      CMAP Dih.
    2.70199e+03    7.32288e+03    8.38014e+03    4.75485e+02   -4.25187e+02
          LJ-14     Coulomb-14        LJ (SR)   Coulomb (SR)   Coul. recip.
    2.38142e+03    4.91218e+04    2.50021e+04   -4.11182e+05    1.34586e+03
 Position Rest.      Potential    Kinetic En.   Total Energy  Conserved En.
    8.41057e+02   -3.14035e+05    6.63591e+04   -2.47675e+05   -2.86122e+05
    Temperature Pressure (bar)   Constr. rmsd
    2.98400e+02   -1.36804e+03    2.73250e-06


DD  step 49999  vol min/aver 0.910  load imb.: force  2.5%
           Step           Time
          50000      100.00000

Writing checkpoint, step 50000 at Mon Oct 18 22:29:12 2021


   Energies (kJ/mol)
           Bond            U-B    Proper Dih.  Improper Dih.      CMAP Dih.
    2.79861e+03    7.30819e+03    8.42805e+03    4.70993e+02   -4.38672e+02
          LJ-14     Coulomb-14        LJ (SR)   Coulomb (SR)   Coul. recip.
    2.37988e+03    4.93952e+04    2.52090e+04   -4.10836e+05    1.31016e+03
 Position Rest.      Potential    Kinetic En.   Total Energy  Conserved En.
    8.09610e+02   -3.13165e+05    6.69526e+04   -2.46212e+05   -2.86123e+05
    Temperature Pressure (bar)   Constr. rmsd
    3.01069e+02   -9.43090e+02    2.98714e-06


Energy conservation over simulation part #1 of length 100 ns, time 0 to 100 ns
  Conserved energy drift: 2.84e-04 kJ/mol/ps per atom


	<======  ###############  ==>
	<====  A V E R A G E S  ====>
	<==  ###############  ======>

	Statistics over 50001 steps using 501 frames

   Energies (kJ/mol)
           Bond            U-B    Proper Dih.  Improper Dih.      CMAP Dih.
    2.70923e+03    7.23187e+03    8.41009e+03    4.47461e+02   -4.22353e+02
          LJ-14     Coulomb-14        LJ (SR)   Coulomb (SR)   Coul. recip.
    2.40309e+03    4.93676e+04    2.61628e+04   -4.12141e+05    1.31981e+03
 Position Rest.      Potential    Kinetic En.   Total Energy  Conserved En.
    8.27270e+02   -3.13684e+05    6.66639e+04   -2.47021e+05   -2.86082e+05
    Temperature Pressure (bar)   Constr. rmsd
    2.99771e+02   -7.38582e+02    0.00000e+00

   Total Virial (kJ/mol)
    2.82255e+04    1.20467e+02    5.75187e+01
    1.20511e+02    2.80112e+04   -1.78759e+02
    5.74383e+01   -1.78868e+02    2.81064e+04

   Pressure (bar)
   -7.52502e+02   -1.51135e+01   -1.13509e+01
   -1.51190e+01   -7.25012e+02    1.95583e+01
   -1.13408e+01    1.95720e+01   -7.38233e+02

  T-Protein_PEAT-Water_and_ions
    2.99746e+02    2.99776e+02


	M E G A - F L O P S   A C C O U N T I N G

 NB=Group-cutoff nonbonded kernels    NxN=N-by-N cluster Verlet kernels
 RF=Reaction-Field  VdW=Van der Waals  QSTab=quadratic-spline table
 W3=SPC/TIP3p  W4=TIP4p (single or pairs)
 V&F=Potential and force  V=Potential only  F=Force only

 Computing:                               M-Number         M-Flops  % Flops
-----------------------------------------------------------------------------
 Pair Search distance check           10245.024260       92205.218     0.1
 NxN Ewald Elec. + LJ [F]           1237111.778176    96494718.698    93.3
 NxN Ewald Elec. + LJ [V&F]           12522.211440     1615365.276     1.6
 NxN LJ [F]                              31.000128        1395.006     0.0
 NxN LJ [V&F]                             0.306112          19.897     0.0
 NxN Ewald Elec. [F]                  39918.191712     2435009.694     2.4
 NxN Ewald Elec. [V&F]                  404.557968       33982.869     0.0
 1,4 nonbonded interactions             420.058401       37805.256     0.0
 Calc Weights                          3888.827775      139997.800     0.1
 Spread Q Bspline                     82961.659200      165923.318     0.2
 Gather F Bspline                     82961.659200      497769.955     0.5
 3D-FFT                              185299.305912     1482394.447     1.4
 Solve PME                              230.404608       14745.895     0.0
 Reset In Box                            16.229050          48.687     0.0
 CG-CoM                                  16.254975          48.765     0.0
 Bonds                                   84.401688        4979.700     0.0
 Propers                                408.508170       93548.371     0.1
 Impropers                               28.750575        5980.120     0.0
 Pos. Restr.                             82.101642        4105.082     0.0
 Virial                                  13.168785         237.038     0.0
 Stop-CM                                 13.014350         130.143     0.0
 Calc-Ekin                              259.301850        7001.150     0.0
 Lincs                                   84.771551        5086.293     0.0
 Lincs-Mat                              442.312752        1769.251     0.0
 Constraint-V                          1403.019106       12627.172     0.0
 Constraint-Vir                          13.208493         317.004     0.0
 Settle                                 411.167989      152132.156     0.1
 CMAP                                    10.800216       18360.367     0.0
 Urey-Bradley                           292.055841       53446.219     0.1
-----------------------------------------------------------------------------
 Total                                               103371150.848   100.0
-----------------------------------------------------------------------------


    D O M A I N   D E C O M P O S I T I O N   S T A T I S T I C S

 av. #atoms communicated per step for force:  2 x 45300.3
 av. #atoms communicated per step for LINCS:  2 x 2185.8


Dynamic load balancing report:
 DLB was turned on during the run due to measured imbalance.
 Average load imbalance: 1.7%.
 The balanceable part of the MD step is 78%, load imbalance is computed from this.
 Part of the total run time spent waiting due to load imbalance: 1.4%.
 Steps where the load balancing was limited by -rdd, -rcon and/or -dds: X 0 % Y 0 %


     R E A L   C Y C L E   A N D   T I M E   A C C O U N T I N G

On 8 MPI ranks, each using 4 OpenMP threads

 Computing:          Num   Num      Call    Wall time         Giga-Cycles
                     Ranks Threads  Count      (s)         total sum    %
-----------------------------------------------------------------------------
 Domain decomp.         8    4        626       0.862         57.768   0.7
 DD comm. load          8    4        625       0.002          0.146   0.0
 DD comm. bounds        8    4        624       0.008          0.549   0.0
 Neighbor search        8    4        626       1.882        126.176   1.5
 Comm. coord.           8    4      49375       1.379         92.456   1.1
 Force                  8    4      50001      92.880       6227.000  74.9
 Wait + Comm. F         8    4      50001       1.260         84.464   1.0
 PME mesh               8    4      50001      20.353       1364.527  16.4
 NB X/F buffer ops.     8    4     148751       1.751        117.397   1.4
 Write traj.            8    4        101       0.136          9.109   0.1
 Update                 8    4      50001       0.509         34.093   0.4
 Constraints            8    4      50003       2.357        157.990   1.9
 Comm. energies         8    4       5001       0.308         20.634   0.2
 Rest                                           0.274         18.386   0.2
-----------------------------------------------------------------------------
 Total                                        123.959       8310.697 100.0
-----------------------------------------------------------------------------
 Breakdown of PME mesh computation
-----------------------------------------------------------------------------
 PME redist. X/F        8    4     100002       6.148        412.214   5.0
 PME spread             8    4      50001       4.676        313.503   3.8
 PME gather             8    4      50001       3.066        205.572   2.5
 PME 3D-FFT             8    4     100002       3.445        230.972   2.8
 PME 3D-FFT Comm.       8    4     200004       2.541        170.355   2.0
 PME solve Elec         8    4      50001       0.326         21.888   0.3
-----------------------------------------------------------------------------

               Core t (s)   Wall t (s)        (%)
       Time:     3966.682      123.959     3200.0
                 (ns/day)    (hour/ns)
Performance:       69.702        0.344
Finished mdrun on rank 0 Mon Oct 18 22:29:13 2021

