                      :-) GROMACS - gmx mdrun, 2021.2 (-:

                            GROMACS is written by:
     Andrey Alekseenko              Emile Apol              Rossen Apostolov     
         Paul Bauer           Herman J.C. Berendsen           Par Bjelkmar       
       Christian Blau           Viacheslav Bolnykh             Kevin Boyd        
     Aldert van Buuren           Rudi van Drunen             Anton Feenstra      
    Gilles Gouaillardet             Alan Gray               Gerrit Groenhof      
       Anca Hamuraru            Vincent Hindriksen          M. Eric Irrgang      
      Aleksei Iupinov           Christoph Junghans             Joe Jordan        
    Dimitrios Karkoulis            Peter Kasson                Jiri Kraus        
      Carsten Kutzner              Per Larsson              Justin A. Lemkul     
       Viveca Lindahl            Magnus Lundborg             Erik Marklund       
        Pascal Merz             Pieter Meulenhoff            Teemu Murtola       
        Szilard Pall               Sander Pronk              Roland Schulz       
       Michael Shirts            Alexey Shvetsov             Alfons Sijbers      
       Peter Tieleman              Jon Vincent              Teemu Virolainen     
     Christian Wennberg            Maarten Wolf              Artem Zhmurov       
                           and the project leaders:
        Mark Abraham, Berk Hess, Erik Lindahl, and David van der Spoel

Copyright (c) 1991-2000, University of Groningen, The Netherlands.
Copyright (c) 2001-2019, The GROMACS development team at
Uppsala University, Stockholm University and
the Royal Institute of Technology, Sweden.
check out http://www.gromacs.org for more information.

GROMACS is free software; you can redistribute it and/or modify it
under the terms of the GNU Lesser General Public License
as published by the Free Software Foundation; either version 2.1
of the License, or (at your option) any later version.

GROMACS:      gmx mdrun, version 2021.2
Executable:   /cvmfs/soft.computecanada.ca/easybuild/software/2020/avx2/MPI/gcc9/openmpi4/gromacs/2021.2/bin/gmx
Data prefix:  /cvmfs/soft.computecanada.ca/easybuild/software/2020/avx2/MPI/gcc9/openmpi4/gromacs/2021.2
Working dir:  /project/6002183/sehacker/uwaterloo-igem-2021/gromacs/3
Process ID:   12657
Command line:
  gmx mdrun -deffnm md_0_10

GROMACS version:    2021.2
Verified release checksum is d91a739522d82c53dc47c2276b9ac5fae3b2119283e84e3a1c7bed8ce741fda2
Precision:          mixed
Memory model:       64 bit
MPI library:        thread_mpi
OpenMP support:     enabled (GMX_OPENMP_MAX_THREADS = 64)
GPU support:        disabled
SIMD instructions:  AVX2_256
FFT library:        Intel MKL
RDTSCP usage:       enabled
TNG support:        enabled
Hwloc support:      disabled
Tracing support:    disabled
C compiler:         /cvmfs/soft.computecanada.ca/easybuild/software/2020/avx2/Compiler/gcc9/openmpi/4.0.3/bin/mpicc GNU 9.3.0
C compiler flags:   -mavx2 -mfma -Wno-missing-field-initializers -fexcess-precision=fast -funroll-all-loops -O3 -DNDEBUG
C++ compiler:       /cvmfs/soft.computecanada.ca/easybuild/software/2020/avx2/Compiler/gcc9/openmpi/4.0.3/bin/mpicxx GNU 9.3.0
C++ compiler flags: -mavx2 -mfma -Wno-missing-field-initializers -fexcess-precision=fast -funroll-all-loops -fopenmp -O3 -DNDEBUG


Running on 1 node with total 32 cores, 32 logical cores
Hardware detected:
  CPU info:
    Vendor: Intel
    Brand:  Intel(R) Xeon(R) CPU E5-2683 v4 @ 2.10GHz
    Family: 6   Model: 79   Stepping: 1
    Features: aes apic avx avx2 clfsh cmov cx8 cx16 f16c fma hle htt intel lahf mmx msr nonstop_tsc pcid pclmuldq pdcm pdpe1gb popcnt pse rdrnd rdtscp rtm sse2 sse3 sse4.1 sse4.2 ssse3 tdt x2apic
  Hardware topology: Only logical processor count


++++ PLEASE READ AND CITE THE FOLLOWING REFERENCE ++++
M. J. Abraham, T. Murtola, R. Schulz, S. Páll, J. C. Smith, B. Hess, E.
Lindahl
GROMACS: High performance molecular simulations through multi-level
parallelism from laptops to supercomputers
SoftwareX 1 (2015) pp. 19-25
-------- -------- --- Thank You --- -------- --------


++++ PLEASE READ AND CITE THE FOLLOWING REFERENCE ++++
S. Páll, M. J. Abraham, C. Kutzner, B. Hess, E. Lindahl
Tackling Exascale Software Challenges in Molecular Dynamics Simulations with
GROMACS
In S. Markidis & E. Laure (Eds.), Solving Software Challenges for Exascale 8759 (2015) pp. 3-27
-------- -------- --- Thank You --- -------- --------


++++ PLEASE READ AND CITE THE FOLLOWING REFERENCE ++++
S. Pronk, S. Páll, R. Schulz, P. Larsson, P. Bjelkmar, R. Apostolov, M. R.
Shirts, J. C. Smith, P. M. Kasson, D. van der Spoel, B. Hess, and E. Lindahl
GROMACS 4.5: a high-throughput and highly parallel open source molecular
simulation toolkit
Bioinformatics 29 (2013) pp. 845-54
-------- -------- --- Thank You --- -------- --------


++++ PLEASE READ AND CITE THE FOLLOWING REFERENCE ++++
B. Hess and C. Kutzner and D. van der Spoel and E. Lindahl
GROMACS 4: Algorithms for highly efficient, load-balanced, and scalable
molecular simulation
J. Chem. Theory Comput. 4 (2008) pp. 435-447
-------- -------- --- Thank You --- -------- --------


++++ PLEASE READ AND CITE THE FOLLOWING REFERENCE ++++
D. van der Spoel, E. Lindahl, B. Hess, G. Groenhof, A. E. Mark and H. J. C.
Berendsen
GROMACS: Fast, Flexible and Free
J. Comp. Chem. 26 (2005) pp. 1701-1719
-------- -------- --- Thank You --- -------- --------


++++ PLEASE READ AND CITE THE FOLLOWING REFERENCE ++++
E. Lindahl and B. Hess and D. van der Spoel
GROMACS 3.0: A package for molecular simulation and trajectory analysis
J. Mol. Mod. 7 (2001) pp. 306-317
-------- -------- --- Thank You --- -------- --------


++++ PLEASE READ AND CITE THE FOLLOWING REFERENCE ++++
H. J. C. Berendsen, D. van der Spoel and R. van Drunen
GROMACS: A message-passing parallel molecular dynamics implementation
Comp. Phys. Comm. 91 (1995) pp. 43-56
-------- -------- --- Thank You --- -------- --------


++++ PLEASE CITE THE DOI FOR THIS VERSION OF GROMACS ++++
https://doi.org/10.5281/zenodo.4723562
-------- -------- --- Thank You --- -------- --------


The number of OpenMP threads was set by environment variable OMP_NUM_THREADS to 1

Input Parameters:
   integrator                     = md
   tinit                          = 0
   dt                             = 0.002
   nsteps                         = 5000000
   init-step                      = 0
   simulation-part                = 1
   mts                            = false
   comm-mode                      = Linear
   nstcomm                        = 100
   bd-fric                        = 0
   ld-seed                        = -1179694
   emtol                          = 10
   emstep                         = 0.01
   niter                          = 20
   fcstep                         = 0
   nstcgsteep                     = 1000
   nbfgscorr                      = 10
   rtpi                           = 0.05
   nstxout                        = 0
   nstvout                        = 0
   nstfout                        = 0
   nstlog                         = 5000
   nstcalcenergy                  = 100
   nstenergy                      = 5000
   nstxout-compressed             = 5000
   compressed-x-precision         = 1000
   cutoff-scheme                  = Verlet
   nstlist                        = 20
   pbc                            = xyz
   periodic-molecules             = false
   verlet-buffer-tolerance        = 0.005
   rlist                          = 1.22
   coulombtype                    = PME
   coulomb-modifier               = Potential-shift
   rcoulomb-switch                = 0
   rcoulomb                       = 1.2
   epsilon-r                      = 1
   epsilon-rf                     = inf
   vdw-type                       = Cut-off
   vdw-modifier                   = Force-switch
   rvdw-switch                    = 1
   rvdw                           = 1.2
   DispCorr                       = No
   table-extension                = 1
   fourierspacing                 = 0.16
   fourier-nx                     = 48
   fourier-ny                     = 48
   fourier-nz                     = 48
   pme-order                      = 4
   ewald-rtol                     = 1e-05
   ewald-rtol-lj                  = 0.001
   lj-pme-comb-rule               = Geometric
   ewald-geometry                 = 0
   epsilon-surface                = 0
   tcoupl                         = V-rescale
   nsttcouple                     = 10
   nh-chain-length                = 0
   print-nose-hoover-chain-variables = false
   pcoupl                         = Parrinello-Rahman
   pcoupltype                     = Isotropic
   nstpcouple                     = 10
   tau-p                          = 2
   compressibility (3x3):
      compressibility[    0]={ 4.50000e-05,  0.00000e+00,  0.00000e+00}
      compressibility[    1]={ 0.00000e+00,  4.50000e-05,  0.00000e+00}
      compressibility[    2]={ 0.00000e+00,  0.00000e+00,  4.50000e-05}
   ref-p (3x3):
      ref-p[    0]={ 1.00000e+00,  0.00000e+00,  0.00000e+00}
      ref-p[    1]={ 0.00000e+00,  1.00000e+00,  0.00000e+00}
      ref-p[    2]={ 0.00000e+00,  0.00000e+00,  1.00000e+00}
   refcoord-scaling               = No
   posres-com (3):
      posres-com[0]= 0.00000e+00
      posres-com[1]= 0.00000e+00
      posres-com[2]= 0.00000e+00
   posres-comB (3):
      posres-comB[0]= 0.00000e+00
      posres-comB[1]= 0.00000e+00
      posres-comB[2]= 0.00000e+00
   QMMM                           = false
qm-opts:
   ngQM                           = 0
   constraint-algorithm           = Lincs
   continuation                   = true
   Shake-SOR                      = false
   shake-tol                      = 0.0001
   lincs-order                    = 4
   lincs-iter                     = 1
   lincs-warnangle                = 30
   nwall                          = 0
   wall-type                      = 9-3
   wall-r-linpot                  = -1
   wall-atomtype[0]               = -1
   wall-atomtype[1]               = -1
   wall-density[0]                = 0
   wall-density[1]                = 0
   wall-ewald-zfac                = 3
   pull                           = false
   awh                            = false
   rotation                       = false
   interactiveMD                  = false
   disre                          = No
   disre-weighting                = Conservative
   disre-mixed                    = false
   dr-fc                          = 1000
   dr-tau                         = 0
   nstdisreout                    = 100
   orire-fc                       = 0
   orire-tau                      = 0
   nstorireout                    = 100
   free-energy                    = no
   cos-acceleration               = 0
   deform (3x3):
      deform[    0]={ 0.00000e+00,  0.00000e+00,  0.00000e+00}
      deform[    1]={ 0.00000e+00,  0.00000e+00,  0.00000e+00}
      deform[    2]={ 0.00000e+00,  0.00000e+00,  0.00000e+00}
   simulated-tempering            = false
   swapcoords                     = no
   userint1                       = 0
   userint2                       = 0
   userint3                       = 0
   userint4                       = 0
   userreal1                      = 0
   userreal2                      = 0
   userreal3                      = 0
   userreal4                      = 0
   applied-forces:
     electric-field:
       x:
         E0                       = 0
         omega                    = 0
         t0                       = 0
         sigma                    = 0
       y:
         E0                       = 0
         omega                    = 0
         t0                       = 0
         sigma                    = 0
       z:
         E0                       = 0
         omega                    = 0
         t0                       = 0
         sigma                    = 0
     density-guided-simulation:
       active                     = false
       group                      = protein
       similarity-measure         = inner-product
       atom-spreading-weight      = unity
       force-constant             = 1e+09
       gaussian-transform-spreading-width = 0.2
       gaussian-transform-spreading-range-in-multiples-of-width = 4
       reference-density-filename = reference.mrc
       nst                        = 1
       normalize-densities        = true
       adaptive-force-scaling     = false
       adaptive-force-scaling-time-constant = 4
       shift-vector               = 
       transformation-matrix      = 
grpopts:
   nrdf:     8039.55     45453.4
   ref-t:         300         300
   tau-t:         0.1         0.1
annealing:          No          No
annealing-npoints:           0           0
   acc:	           0           0           0
   nfreeze:           N           N           N
   energygrp-flags[  0]: 0

Changing nstlist from 20 to 80, rlist from 1.22 to 1.316


Initializing Domain Decomposition on 32 ranks
Dynamic load balancing: auto
Minimum cell size due to atom displacement: 0.639 nm
Initial maximum distances in bonded interactions:
    two-body bonded interactions: 0.442 nm, LJ-14, atoms 2533 2835
  multi-body bonded interactions: 0.507 nm, CMAP Dih., atoms 1489 1505
Minimum cell size due to bonded interactions: 0.557 nm
Maximum distance for 5 constraints, at 120 deg. angles, all-trans: 0.222 nm
Estimated maximum distance required for P-LINCS: 0.222 nm
Scaling the initial minimum size with 1/0.8 (option -dds) = 1.25
Guess for relative PME load: 0.13
Will use 24 particle-particle and 8 PME only ranks
This is a guess, check the performance at the end of the log file
Using 8 separate PME ranks, as guessed by mdrun
Optimizing the DD grid for 24 cells with a minimum initial size of 0.799 nm
The maximum allowed number of cells is: X 7 Y 7 Z 6
Domain decomposition grid 4 x 6 x 1, separate PME ranks 8
PME domain decomposition: 4 x 2 x 1
Interleaving PP and PME ranks
This rank does only particle-particle work.
Domain decomposition rank 0, coordinates 0 0 0

The initial number of communication pulses is: X 1 Y 2
The initial domain decomposition cell size is: X 1.45 nm Y 0.97 nm

The maximum allowed distance for atoms involved in interactions is:
                 non-bonded interactions           1.316 nm
(the following are initial values, they could change due to box deformation)
            two-body bonded interactions  (-rdd)   1.316 nm
          multi-body bonded interactions  (-rdd)   0.969 nm
  atoms separated by up to 5 constraints  (-rcon)  0.969 nm

When dynamic load balancing gets turned on, these settings will change to:
The maximum number of communication pulses is: X 2 Y 2
The minimum size for domain decomposition cells is 0.763 nm
The requested allowed shrink of DD cells (option -dds) is: 0.80
The allowed shrink of domain decomposition cells is: X 0.53 Y 0.79
The maximum allowed distance for atoms involved in interactions is:
                 non-bonded interactions           1.316 nm
            two-body bonded interactions  (-rdd)   1.316 nm
          multi-body bonded interactions  (-rdd)   0.763 nm
  atoms separated by up to 5 constraints  (-rcon)  0.763 nm

Using 32 MPI threads

Non-default thread affinity set, disabling internal thread affinity

Using 1 OpenMP thread per tMPI thread

System total charge: 0.000
Will do PME sum in reciprocal space for electrostatic interactions.

++++ PLEASE READ AND CITE THE FOLLOWING REFERENCE ++++
U. Essmann, L. Perera, M. L. Berkowitz, T. Darden, H. Lee and L. G. Pedersen 
A smooth particle mesh Ewald method
J. Chem. Phys. 103 (1995) pp. 8577-8592
-------- -------- --- Thank You --- -------- --------

Using a Gaussian width (1/beta) of 0.384195 nm for Ewald
Potential shift: LJ r^-12: -2.648e-01 r^-6: -5.349e-01, Ewald -8.333e-06
Initialized non-bonded Ewald tables, spacing: 1.02e-03 size: 1176

Generated table with 1158 data points for 1-4 COUL.
Tabscale = 500 points/nm
Generated table with 1158 data points for 1-4 LJ6.
Tabscale = 500 points/nm
Generated table with 1158 data points for 1-4 LJ12.
Tabscale = 500 points/nm


Using SIMD 4x8 nonbonded short-range kernels

Using a dual 4x8 pair-list setup updated with dynamic pruning:
  outer list: updated every 80 steps, buffer 0.116 nm, rlist 1.316 nm
  inner list: updated every 14 steps, buffer 0.003 nm, rlist 1.203 nm
At tolerance 0.005 kJ/mol/ps per atom, equivalent classical 1x1 list would be:
  outer list: updated every 80 steps, buffer 0.261 nm, rlist 1.461 nm
  inner list: updated every 14 steps, buffer 0.056 nm, rlist 1.256 nm

Initializing Parallel LINear Constraint Solver

++++ PLEASE READ AND CITE THE FOLLOWING REFERENCE ++++
B. Hess
P-LINCS: A Parallel Linear Constraint Solver for molecular simulation
J. Chem. Theory Comput. 4 (2008) pp. 116-122
-------- -------- --- Thank You --- -------- --------

The number of constraints is 1557
There are constraints between atoms in different decomposition domains,
will communicate selected coordinates each lincs iteration

++++ PLEASE READ AND CITE THE FOLLOWING REFERENCE ++++
S. Miyamoto and P. A. Kollman
SETTLE: An Analytical Version of the SHAKE and RATTLE Algorithms for Rigid
Water Models
J. Comp. Chem. 13 (1992) pp. 952-962
-------- -------- --- Thank You --- -------- --------


Linking all bonded interactions to atoms


Intra-simulation communication will occur every 10 steps.

++++ PLEASE READ AND CITE THE FOLLOWING REFERENCE ++++
G. Bussi, D. Donadio and M. Parrinello
Canonical sampling through velocity rescaling
J. Chem. Phys. 126 (2007) pp. 014101
-------- -------- --- Thank You --- -------- --------

There are: 25925 Atoms
Atom distribution over 24 domains: av 1080 stddev 30 min 1040 max 1129
Center of mass motion removal mode is Linear
We have the following groups for center of mass motion removal:
  0:  rest

Started mdrun on rank 0 Tue Oct 19 00:19:56 2021

           Step           Time
              0        0.00000

   Energies (kJ/mol)
           Bond            U-B    Proper Dih.  Improper Dih.      CMAP Dih.
    2.72320e+03    7.28683e+03    8.28113e+03    4.51972e+02   -4.34963e+02
          LJ-14     Coulomb-14        LJ (SR)   Coulomb (SR)   Coul. recip.
    2.40168e+03    4.92700e+04    2.75334e+04   -4.16394e+05    1.29047e+03
      Potential    Kinetic En.   Total Energy  Conserved En.    Temperature
   -3.17590e+05    6.67825e+04   -2.50808e+05   -2.50792e+05    3.00304e+02
 Pressure (bar)   Constr. rmsd
    2.96166e+01    3.03658e-06


DD  step 79 load imb.: force 18.0%  pme mesh/force 5.037
step  480: timed with pme grid 48 48 48, coulomb cutoff 1.200: 176126.4 M-cycles
step  640: timed with pme grid 42 42 42, coulomb cutoff 1.271: 172917.2 M-cycles
Writing checkpoint, step 720 at Tue Oct 19 00:35:33 2021


step  800: timed with pme grid 36 36 36, coulomb cutoff 1.483: 180492.2 M-cycles
step  960: timed with pme grid 32 32 32, coulomb cutoff 1.668: 98038.6 M-cycles
step  960: the maximum allowed grid scaling limits the PME load balancing to a coulomb cut-off of 1.668
step 1120: timed with pme grid 32 32 32, coulomb cutoff 1.668: 76798.5 M-cycles
step 1280: timed with pme grid 32 32 32, coulomb cutoff 1.668: 67535.3 M-cycles
step 1440: timed with pme grid 32 32 32, coulomb cutoff 1.668: 90599.2 M-cycles
              optimal pme grid 32 32 32, coulomb cutoff 1.668
Writing checkpoint, step 1920 at Tue Oct 19 00:50:04 2021


Writing checkpoint, step 3440 at Tue Oct 19 01:05:13 2021


Writing checkpoint, step 4960 at Tue Oct 19 01:20:35 2021


           Step           Time
           5000       10.00000

   Energies (kJ/mol)
           Bond            U-B    Proper Dih.  Improper Dih.      CMAP Dih.
    2.67061e+03    7.38336e+03    8.54205e+03    4.66828e+02   -4.30165e+02
          LJ-14     Coulomb-14        LJ (SR)   Coulomb (SR)   Coul. recip.
    2.40277e+03    4.93530e+04    2.73866e+04   -4.16238e+05    4.85593e+02
      Potential    Kinetic En.   Total Energy  Conserved En.    Temperature
   -3.17977e+05    6.59393e+04   -2.52038e+05   -2.50752e+05    2.96513e+02
 Pressure (bar)   Constr. rmsd
   -3.11434e+02    2.88555e-06

Writing checkpoint, step 6480 at Tue Oct 19 01:35:19 2021


Writing checkpoint, step 8000 at Tue Oct 19 01:50:42 2021


Writing checkpoint, step 9360 at Tue Oct 19 02:05:29 2021



DD  step 9999 load imb.: force 10.9%  pme mesh/force 3.737
           Step           Time
          10000       20.00000

   Energies (kJ/mol)
           Bond            U-B    Proper Dih.  Improper Dih.      CMAP Dih.
    2.68591e+03    7.30744e+03    8.70775e+03    4.89734e+02   -5.19772e+02
          LJ-14     Coulomb-14        LJ (SR)   Coulomb (SR)   Coul. recip.
    2.38495e+03    4.92996e+04    2.76511e+04   -4.17002e+05    4.62906e+02
      Potential    Kinetic En.   Total Energy  Conserved En.    Temperature
   -3.18532e+05    6.65056e+04   -2.52026e+05   -2.50718e+05    2.99059e+02
 Pressure (bar)   Constr. rmsd
    2.21839e+02    2.81360e-06

Writing checkpoint, step 10880 at Tue Oct 19 02:20:06 2021


Writing checkpoint, step 12400 at Tue Oct 19 02:35:37 2021


Writing checkpoint, step 13680 at Tue Oct 19 02:50:11 2021


Writing checkpoint, step 14960 at Tue Oct 19 03:05:46 2021


           Step           Time
          15000       30.00000

   Energies (kJ/mol)
           Bond            U-B    Proper Dih.  Improper Dih.      CMAP Dih.
    2.62164e+03    7.44170e+03    8.45241e+03    4.59865e+02   -5.52650e+02
          LJ-14     Coulomb-14        LJ (SR)   Coulomb (SR)   Coul. recip.
    2.51392e+03    4.94881e+04    2.68210e+04   -4.15278e+05    4.38769e+02
      Potential    Kinetic En.   Total Energy  Conserved En.    Temperature
   -3.17593e+05    6.68506e+04   -2.50742e+05   -2.50688e+05    3.00611e+02
 Pressure (bar)   Constr. rmsd
    1.11009e+02    2.94361e-06

Writing checkpoint, step 16320 at Tue Oct 19 03:20:09 2021


Writing checkpoint, step 17760 at Tue Oct 19 03:35:18 2021


Writing checkpoint, step 19280 at Tue Oct 19 03:50:43 2021



DD  step 19999 load imb.: force  8.8%  pme mesh/force 3.527
           Step           Time
          20000       40.00000

   Energies (kJ/mol)
           Bond            U-B    Proper Dih.  Improper Dih.      CMAP Dih.
    2.56712e+03    7.56423e+03    8.55390e+03    4.87512e+02   -4.34650e+02
          LJ-14     Coulomb-14        LJ (SR)   Coulomb (SR)   Coul. recip.
    2.43538e+03    4.92737e+04    2.68805e+04   -4.15333e+05    4.14613e+02
      Potential    Kinetic En.   Total Energy  Conserved En.    Temperature
   -3.17591e+05    6.73295e+04   -2.50261e+05   -2.50657e+05    3.02764e+02
 Pressure (bar)   Constr. rmsd
    1.81657e+02    2.73139e-06

Writing checkpoint, step 20320 at Tue Oct 19 04:05:07 2021


Writing checkpoint, step 21040 at Tue Oct 19 04:20:54 2021


Writing checkpoint, step 22320 at Tue Oct 19 04:35:20 2021


Writing checkpoint, step 23600 at Tue Oct 19 04:50:43 2021


Writing checkpoint, step 24080 at Tue Oct 19 05:06:16 2021


Writing checkpoint, step 24480 at Tue Oct 19 05:21:19 2021


           Step           Time
          25000       50.00000

   Energies (kJ/mol)
           Bond            U-B    Proper Dih.  Improper Dih.      CMAP Dih.
    2.81302e+03    7.34856e+03    8.54659e+03    4.93287e+02   -5.00810e+02
          LJ-14     Coulomb-14        LJ (SR)   Coulomb (SR)   Coul. recip.
    2.42758e+03    4.93623e+04    2.65237e+04   -4.13846e+05    4.26658e+02
      Potential    Kinetic En.   Total Energy  Conserved En.    Temperature
   -3.16405e+05    6.70823e+04   -2.49323e+05   -2.50614e+05    3.01653e+02
 Pressure (bar)   Constr. rmsd
   -6.98881e+01    2.97692e-06

Writing checkpoint, step 25680 at Tue Oct 19 05:35:35 2021


Writing checkpoint, step 26880 at Tue Oct 19 05:51:34 2021


Writing checkpoint, step 28000 at Tue Oct 19 06:05:05 2021


Writing checkpoint, step 29440 at Tue Oct 19 06:20:08 2021



DD  step 29999 load imb.: force 15.2%  pme mesh/force 3.044
           Step           Time
          30000       60.00000

   Energies (kJ/mol)
           Bond            U-B    Proper Dih.  Improper Dih.      CMAP Dih.
    2.74648e+03    7.28615e+03    8.58618e+03    4.34082e+02   -4.65693e+02
          LJ-14     Coulomb-14        LJ (SR)   Coulomb (SR)   Coul. recip.
    2.41966e+03    4.94728e+04    2.70214e+04   -4.15827e+05    4.33599e+02
      Potential    Kinetic En.   Total Energy  Conserved En.    Temperature
   -3.17892e+05    6.65528e+04   -2.51340e+05   -2.50557e+05    2.99271e+02
 Pressure (bar)   Constr. rmsd
    1.83727e+01    2.84223e-06

Writing checkpoint, step 30960 at Tue Oct 19 06:35:09 2021


Writing checkpoint, step 32400 at Tue Oct 19 06:50:30 2021


Writing checkpoint, step 33840 at Tue Oct 19 07:05:48 2021


           Step           Time
          35000       70.00000

   Energies (kJ/mol)
           Bond            U-B    Proper Dih.  Improper Dih.      CMAP Dih.
    2.67958e+03    7.44353e+03    8.61162e+03    4.37790e+02   -4.39854e+02
          LJ-14     Coulomb-14        LJ (SR)   Coulomb (SR)   Coul. recip.
    2.46716e+03    4.96956e+04    2.75256e+04   -4.15356e+05    4.29139e+02
      Potential    Kinetic En.   Total Energy  Conserved En.    Temperature
   -3.16506e+05    6.73358e+04   -2.49170e+05   -2.50532e+05    3.02792e+02
 Pressure (bar)   Constr. rmsd
    1.14159e+02    3.04023e-06

Writing checkpoint, step 35200 at Tue Oct 19 07:20:16 2021


Writing checkpoint, step 36400 at Tue Oct 19 07:35:23 2021


Writing checkpoint, step 37920 at Tue Oct 19 07:50:28 2021


Writing checkpoint, step 39360 at Tue Oct 19 08:06:00 2021



DD  step 39999 load imb.: force 10.3%  pme mesh/force 3.584
           Step           Time
          40000       80.00000

   Energies (kJ/mol)
           Bond            U-B    Proper Dih.  Improper Dih.      CMAP Dih.
    2.68783e+03    7.38560e+03    8.56584e+03    4.23273e+02   -4.61531e+02
          LJ-14     Coulomb-14        LJ (SR)   Coulomb (SR)   Coul. recip.
    2.32210e+03    4.92546e+04    2.77654e+04   -4.16852e+05    4.49885e+02
      Potential    Kinetic En.   Total Energy  Conserved En.    Temperature
   -3.18459e+05    6.69126e+04   -2.51547e+05   -2.50505e+05    3.00889e+02
 Pressure (bar)   Constr. rmsd
    2.00619e+02    3.05839e-06

Writing checkpoint, step 40720 at Tue Oct 19 08:20:54 2021


Writing checkpoint, step 41760 at Tue Oct 19 08:35:45 2021


Writing checkpoint, step 43280 at Tue Oct 19 08:50:24 2021


Writing checkpoint, step 44320 at Tue Oct 19 09:05:38 2021


           Step           Time
          45000       90.00000

   Energies (kJ/mol)
           Bond            U-B    Proper Dih.  Improper Dih.      CMAP Dih.
    2.60770e+03    7.41991e+03    8.40932e+03    3.84457e+02   -4.34315e+02
          LJ-14     Coulomb-14        LJ (SR)   Coulomb (SR)   Coul. recip.
    2.41896e+03    4.94371e+04    2.69452e+04   -4.16628e+05    4.30177e+02
      Potential    Kinetic En.   Total Energy  Conserved En.    Temperature
   -3.19010e+05    6.60196e+04   -2.52990e+05   -2.50454e+05    2.96874e+02
 Pressure (bar)   Constr. rmsd
    6.40414e+01    2.91788e-06

Writing checkpoint, step 45360 at Tue Oct 19 09:20:18 2021


Writing checkpoint, step 46800 at Tue Oct 19 09:35:17 2021


Writing checkpoint, step 48160 at Tue Oct 19 09:50:13 2021


Writing checkpoint, step 49360 at Tue Oct 19 10:06:18 2021



DD  step 49999 load imb.: force 10.9%  pme mesh/force 3.412
           Step           Time
          50000      100.00000

   Energies (kJ/mol)
           Bond            U-B    Proper Dih.  Improper Dih.      CMAP Dih.
    2.80480e+03    7.38352e+03    8.46334e+03    4.46652e+02   -4.36432e+02
          LJ-14     Coulomb-14        LJ (SR)   Coulomb (SR)   Coul. recip.
    2.42614e+03    4.94687e+04    2.65219e+04   -4.14398e+05    4.40156e+02
      Potential    Kinetic En.   Total Energy  Conserved En.    Temperature
   -3.16879e+05    6.67761e+04   -2.50103e+05   -2.50397e+05    3.00276e+02
 Pressure (bar)   Constr. rmsd
   -1.22578e+02    2.93575e-06

