                      :-) GROMACS - gmx mdrun, 2021.2 (-:

                            GROMACS is written by:
     Andrey Alekseenko              Emile Apol              Rossen Apostolov     
         Paul Bauer           Herman J.C. Berendsen           Par Bjelkmar       
       Christian Blau           Viacheslav Bolnykh             Kevin Boyd        
     Aldert van Buuren           Rudi van Drunen             Anton Feenstra      
    Gilles Gouaillardet             Alan Gray               Gerrit Groenhof      
       Anca Hamuraru            Vincent Hindriksen          M. Eric Irrgang      
      Aleksei Iupinov           Christoph Junghans             Joe Jordan        
    Dimitrios Karkoulis            Peter Kasson                Jiri Kraus        
      Carsten Kutzner              Per Larsson              Justin A. Lemkul     
       Viveca Lindahl            Magnus Lundborg             Erik Marklund       
        Pascal Merz             Pieter Meulenhoff            Teemu Murtola       
        Szilard Pall               Sander Pronk              Roland Schulz       
       Michael Shirts            Alexey Shvetsov             Alfons Sijbers      
       Peter Tieleman              Jon Vincent              Teemu Virolainen     
     Christian Wennberg            Maarten Wolf              Artem Zhmurov       
                           and the project leaders:
        Mark Abraham, Berk Hess, Erik Lindahl, and David van der Spoel

Copyright (c) 1991-2000, University of Groningen, The Netherlands.
Copyright (c) 2001-2019, The GROMACS development team at
Uppsala University, Stockholm University and
the Royal Institute of Technology, Sweden.
check out http://www.gromacs.org for more information.

GROMACS is free software; you can redistribute it and/or modify it
under the terms of the GNU Lesser General Public License
as published by the Free Software Foundation; either version 2.1
of the License, or (at your option) any later version.

GROMACS:      gmx mdrun, version 2021.2
Executable:   /cvmfs/soft.computecanada.ca/easybuild/software/2020/avx2/MPI/gcc9/openmpi4/gromacs/2021.2/bin/gmx
Data prefix:  /cvmfs/soft.computecanada.ca/easybuild/software/2020/avx2/MPI/gcc9/openmpi4/gromacs/2021.2
Working dir:  /project/6002183/sehacker/uwaterloo-igem-2021/gromacs/1
Process ID:   28062
Command line:
  gmx mdrun -v -deffnm em

GROMACS version:    2021.2
Verified release checksum is d91a739522d82c53dc47c2276b9ac5fae3b2119283e84e3a1c7bed8ce741fda2
Precision:          mixed
Memory model:       64 bit
MPI library:        thread_mpi
OpenMP support:     enabled (GMX_OPENMP_MAX_THREADS = 64)
GPU support:        disabled
SIMD instructions:  AVX2_256
FFT library:        Intel MKL
RDTSCP usage:       enabled
TNG support:        enabled
Hwloc support:      disabled
Tracing support:    disabled
C compiler:         /cvmfs/soft.computecanada.ca/easybuild/software/2020/avx2/Compiler/gcc9/openmpi/4.0.3/bin/mpicc GNU 9.3.0
C compiler flags:   -mavx2 -mfma -Wno-missing-field-initializers -fexcess-precision=fast -funroll-all-loops -O3 -DNDEBUG
C++ compiler:       /cvmfs/soft.computecanada.ca/easybuild/software/2020/avx2/Compiler/gcc9/openmpi/4.0.3/bin/mpicxx GNU 9.3.0
C++ compiler flags: -mavx2 -mfma -Wno-missing-field-initializers -fexcess-precision=fast -funroll-all-loops -fopenmp -O3 -DNDEBUG


Running on 1 node with total 16 cores, 32 logical cores
Hardware detected:
  CPU info:
    Vendor: Intel
    Brand:  Intel(R) Xeon(R) CPU E5-2667 v4 @ 3.20GHz
    Family: 6   Model: 79   Stepping: 1
    Features: aes apic avx avx2 clfsh cmov cx8 cx16 f16c fma hle htt intel lahf mmx msr nonstop_tsc pcid pclmuldq pdcm pdpe1gb popcnt pse rdrnd rdtscp rtm sse2 sse3 sse4.1 sse4.2 ssse3 tdt x2apic
  Hardware topology: Basic
    Sockets, cores, and logical processors:
      Socket  0: [   0  16] [   1  17] [   2  18] [   3  19] [   4  20] [   5  21] [   6  22] [   7  23]
      Socket  1: [   8  24] [   9  25] [  10  26] [  11  27] [  12  28] [  13  29] [  14  30] [  15  31]


++++ PLEASE READ AND CITE THE FOLLOWING REFERENCE ++++
M. J. Abraham, T. Murtola, R. Schulz, S. Páll, J. C. Smith, B. Hess, E.
Lindahl
GROMACS: High performance molecular simulations through multi-level
parallelism from laptops to supercomputers
SoftwareX 1 (2015) pp. 19-25
-------- -------- --- Thank You --- -------- --------


++++ PLEASE READ AND CITE THE FOLLOWING REFERENCE ++++
S. Páll, M. J. Abraham, C. Kutzner, B. Hess, E. Lindahl
Tackling Exascale Software Challenges in Molecular Dynamics Simulations with
GROMACS
In S. Markidis & E. Laure (Eds.), Solving Software Challenges for Exascale 8759 (2015) pp. 3-27
-------- -------- --- Thank You --- -------- --------


++++ PLEASE READ AND CITE THE FOLLOWING REFERENCE ++++
S. Pronk, S. Páll, R. Schulz, P. Larsson, P. Bjelkmar, R. Apostolov, M. R.
Shirts, J. C. Smith, P. M. Kasson, D. van der Spoel, B. Hess, and E. Lindahl
GROMACS 4.5: a high-throughput and highly parallel open source molecular
simulation toolkit
Bioinformatics 29 (2013) pp. 845-54
-------- -------- --- Thank You --- -------- --------


++++ PLEASE READ AND CITE THE FOLLOWING REFERENCE ++++
B. Hess and C. Kutzner and D. van der Spoel and E. Lindahl
GROMACS 4: Algorithms for highly efficient, load-balanced, and scalable
molecular simulation
J. Chem. Theory Comput. 4 (2008) pp. 435-447
-------- -------- --- Thank You --- -------- --------


++++ PLEASE READ AND CITE THE FOLLOWING REFERENCE ++++
D. van der Spoel, E. Lindahl, B. Hess, G. Groenhof, A. E. Mark and H. J. C.
Berendsen
GROMACS: Fast, Flexible and Free
J. Comp. Chem. 26 (2005) pp. 1701-1719
-------- -------- --- Thank You --- -------- --------


++++ PLEASE READ AND CITE THE FOLLOWING REFERENCE ++++
E. Lindahl and B. Hess and D. van der Spoel
GROMACS 3.0: A package for molecular simulation and trajectory analysis
J. Mol. Mod. 7 (2001) pp. 306-317
-------- -------- --- Thank You --- -------- --------


++++ PLEASE READ AND CITE THE FOLLOWING REFERENCE ++++
H. J. C. Berendsen, D. van der Spoel and R. van Drunen
GROMACS: A message-passing parallel molecular dynamics implementation
Comp. Phys. Comm. 91 (1995) pp. 43-56
-------- -------- --- Thank You --- -------- --------


++++ PLEASE CITE THE DOI FOR THIS VERSION OF GROMACS ++++
https://doi.org/10.5281/zenodo.4723562
-------- -------- --- Thank You --- -------- --------

Input Parameters:
   integrator                     = steep
   tinit                          = 0
   dt                             = 0.001
   nsteps                         = 50000
   init-step                      = 0
   simulation-part                = 1
   mts                            = false
   comm-mode                      = Linear
   nstcomm                        = 100
   bd-fric                        = 0
   ld-seed                        = -1344645
   emtol                          = 1000
   emstep                         = 0.01
   niter                          = 20
   fcstep                         = 0
   nstcgsteep                     = 1000
   nbfgscorr                      = 10
   rtpi                           = 0.05
   nstxout                        = 0
   nstvout                        = 0
   nstfout                        = 0
   nstlog                         = 1000
   nstcalcenergy                  = 100
   nstenergy                      = 1000
   nstxout-compressed             = 0
   compressed-x-precision         = 1000
   cutoff-scheme                  = Verlet
   nstlist                        = 1
   pbc                            = xyz
   periodic-molecules             = false
   verlet-buffer-tolerance        = 0.005
   rlist                          = 1.2
   coulombtype                    = PME
   coulomb-modifier               = Potential-shift
   rcoulomb-switch                = 0
   rcoulomb                       = 1.2
   epsilon-r                      = 1
   epsilon-rf                     = inf
   vdw-type                       = Cut-off
   vdw-modifier                   = Force-switch
   rvdw-switch                    = 1
   rvdw                           = 1.2
   DispCorr                       = No
   table-extension                = 1
   fourierspacing                 = 0.12
   fourier-nx                     = 64
   fourier-ny                     = 64
   fourier-nz                     = 64
   pme-order                      = 4
   ewald-rtol                     = 1e-05
   ewald-rtol-lj                  = 0.001
   lj-pme-comb-rule               = Geometric
   ewald-geometry                 = 0
   epsilon-surface                = 0
   tcoupl                         = No
   nsttcouple                     = -1
   nh-chain-length                = 0
   print-nose-hoover-chain-variables = false
   pcoupl                         = No
   pcoupltype                     = Isotropic
   nstpcouple                     = -1
   tau-p                          = 1
   compressibility (3x3):
      compressibility[    0]={ 0.00000e+00,  0.00000e+00,  0.00000e+00}
      compressibility[    1]={ 0.00000e+00,  0.00000e+00,  0.00000e+00}
      compressibility[    2]={ 0.00000e+00,  0.00000e+00,  0.00000e+00}
   ref-p (3x3):
      ref-p[    0]={ 0.00000e+00,  0.00000e+00,  0.00000e+00}
      ref-p[    1]={ 0.00000e+00,  0.00000e+00,  0.00000e+00}
      ref-p[    2]={ 0.00000e+00,  0.00000e+00,  0.00000e+00}
   refcoord-scaling               = No
   posres-com (3):
      posres-com[0]= 0.00000e+00
      posres-com[1]= 0.00000e+00
      posres-com[2]= 0.00000e+00
   posres-comB (3):
      posres-comB[0]= 0.00000e+00
      posres-comB[1]= 0.00000e+00
      posres-comB[2]= 0.00000e+00
   QMMM                           = false
qm-opts:
   ngQM                           = 0
   constraint-algorithm           = Lincs
   continuation                   = false
   Shake-SOR                      = false
   shake-tol                      = 0.0001
   lincs-order                    = 4
   lincs-iter                     = 1
   lincs-warnangle                = 30
   nwall                          = 0
   wall-type                      = 9-3
   wall-r-linpot                  = -1
   wall-atomtype[0]               = -1
   wall-atomtype[1]               = -1
   wall-density[0]                = 0
   wall-density[1]                = 0
   wall-ewald-zfac                = 3
   pull                           = false
   awh                            = false
   rotation                       = false
   interactiveMD                  = false
   disre                          = No
   disre-weighting                = Conservative
   disre-mixed                    = false
   dr-fc                          = 1000
   dr-tau                         = 0
   nstdisreout                    = 100
   orire-fc                       = 0
   orire-tau                      = 0
   nstorireout                    = 100
   free-energy                    = no
   cos-acceleration               = 0
   deform (3x3):
      deform[    0]={ 0.00000e+00,  0.00000e+00,  0.00000e+00}
      deform[    1]={ 0.00000e+00,  0.00000e+00,  0.00000e+00}
      deform[    2]={ 0.00000e+00,  0.00000e+00,  0.00000e+00}
   simulated-tempering            = false
   swapcoords                     = no
   userint1                       = 0
   userint2                       = 0
   userint3                       = 0
   userint4                       = 0
   userreal1                      = 0
   userreal2                      = 0
   userreal3                      = 0
   userreal4                      = 0
   applied-forces:
     electric-field:
       x:
         E0                       = 0
         omega                    = 0
         t0                       = 0
         sigma                    = 0
       y:
         E0                       = 0
         omega                    = 0
         t0                       = 0
         sigma                    = 0
       z:
         E0                       = 0
         omega                    = 0
         t0                       = 0
         sigma                    = 0
     density-guided-simulation:
       active                     = false
       group                      = protein
       similarity-measure         = inner-product
       atom-spreading-weight      = unity
       force-constant             = 1e+09
       gaussian-transform-spreading-width = 0.2
       gaussian-transform-spreading-range-in-multiples-of-width = 4
       reference-density-filename = reference.mrc
       nst                        = 1
       normalize-densities        = true
       adaptive-force-scaling     = false
       adaptive-force-scaling-time-constant = 4
       shift-vector               = 
       transformation-matrix      = 
grpopts:
   nrdf:       55050
   ref-t:           0
   tau-t:           0
annealing:          No
annealing-npoints:           0
   acc:	           0           0           0
   nfreeze:           N           N           N
   energygrp-flags[  0]: 0


Initializing Domain Decomposition on 32 ranks
NOTE: disabling dynamic load balancing as it is only supported with dynamics, not with integrator 'steep'.
Dynamic load balancing: off
Using update groups, nr 10777, average size 2.4 atoms, max. radius 0.078 nm
Minimum cell size due to atom displacement: 0.000 nm
Initial maximum distances in bonded interactions:
    two-body bonded interactions: 0.611 nm, LJ-14, atoms 1902 1909
  multi-body bonded interactions: 0.656 nm, CMAP Dih., atoms 1907 1919
Minimum cell size due to bonded interactions: 0.722 nm
Guess for relative PME load: 0.20
Will use 24 particle-particle and 8 PME only ranks
This is a guess, check the performance at the end of the log file
Using 8 separate PME ranks, as guessed by mdrun
Optimizing the DD grid for 24 cells with a minimum initial size of 0.722 nm
The maximum allowed number of cells is: X 8 Y 8 Z 7
Domain decomposition grid 8 x 3 x 1, separate PME ranks 8
PME domain decomposition: 8 x 1 x 1
Interleaving PP and PME ranks
This rank does only particle-particle work.
Domain decomposition rank 0, coordinates 0 0 0

The initial number of communication pulses is: X 2 Y 1
The initial domain decomposition cell size is: X 0.74 nm Y 1.96 nm

The maximum allowed distance for atom groups involved in interactions is:
                 non-bonded interactions           1.356 nm
            two-body bonded interactions  (-rdd)   1.356 nm
          multi-body bonded interactions  (-rdd)   0.736 nm

Using 32 MPI threads
Using 1 OpenMP thread per tMPI thread

Pinning threads with an auto-selected logical core stride of 1
System total charge: 0.000
Will do PME sum in reciprocal space for electrostatic interactions.

++++ PLEASE READ AND CITE THE FOLLOWING REFERENCE ++++
U. Essmann, L. Perera, M. L. Berkowitz, T. Darden, H. Lee and L. G. Pedersen 
A smooth particle mesh Ewald method
J. Chem. Phys. 103 (1995) pp. 8577-8592
-------- -------- --- Thank You --- -------- --------

Using a Gaussian width (1/beta) of 0.384195 nm for Ewald
Potential shift: LJ r^-12: -2.648e-01 r^-6: -5.349e-01, Ewald -8.333e-06
Initialized non-bonded Ewald tables, spacing: 1.02e-03 size: 1176

Generated table with 1100 data points for 1-4 COUL.
Tabscale = 500 points/nm
Generated table with 1100 data points for 1-4 LJ6.
Tabscale = 500 points/nm
Generated table with 1100 data points for 1-4 LJ12.
Tabscale = 500 points/nm


Using SIMD 4x8 nonbonded short-range kernels

Using a 4x8 pair-list setup:
  updated every 1 steps, buffer 0.000 nm, rlist 1.200 nm
Removing pbc first time

++++ PLEASE READ AND CITE THE FOLLOWING REFERENCE ++++
S. Miyamoto and P. A. Kollman
SETTLE: An Analytical Version of the SHAKE and RATTLE Algorithms for Rigid
Water Models
J. Comp. Chem. 13 (1992) pp. 952-962
-------- -------- --- Thank You --- -------- --------


Linking all bonded interactions to atoms


Note that activating steepest-descent energy minimization via the integrator .mdp option and the command gmx mdrun may be available in a different form in a future version of GROMACS, e.g. gmx minimize and an .mdp option.
Initiating Steepest Descents

Atom distribution over 24 domains: av 1080 stddev 34 min 1042 max 1140
Started Steepest Descents on rank 0 Sun Oct 17 00:44:00 2021


Steepest Descents:
   Tolerance (Fmax)   =  1.00000e+03
   Number of steps    =        50000
           Step           Time
              0        0.00000

   Energies (kJ/mol)
           Bond            U-B    Proper Dih.  Improper Dih.      CMAP Dih.
    2.87138e+04    4.40431e+03    7.53562e+03    8.29135e+01   -3.04475e+02
          LJ-14     Coulomb-14        LJ (SR)   Coulomb (SR)   Coul. recip.
    3.23937e+03    4.97386e+04    2.52522e+05   -3.96568e+05    8.58608e+03
      Potential Pressure (bar)
   -4.20502e+04    8.23125e+04


DD  step 0 load imb.: force  2.8%  pme mesh/force 8.419
           Step           Time
              1        1.00000

   Energies (kJ/mol)
           Bond            U-B    Proper Dih.  Improper Dih.      CMAP Dih.
    2.77596e+04    4.40152e+03    7.53967e+03    8.79377e+01   -3.04006e+02
          LJ-14     Coulomb-14        LJ (SR)   Coulomb (SR)   Coul. recip.
    3.24310e+03    4.97413e+04    2.01305e+05   -3.97016e+05    8.57127e+03
      Potential Pressure (bar)
   -9.46703e+04    6.93259e+04

           Step           Time
              2        2.00000

   Energies (kJ/mol)
           Bond            U-B    Proper Dih.  Improper Dih.      CMAP Dih.
    2.50454e+04    4.44986e+03    7.55689e+03    1.13821e+02   -3.04430e+02
          LJ-14     Coulomb-14        LJ (SR)   Coulomb (SR)   Coul. recip.
    3.25212e+03    4.97453e+04    1.47280e+05   -3.97842e+05    8.52793e+03
      Potential Pressure (bar)
   -1.52175e+05    5.55319e+04

           Step           Time
              3        3.00000

   Energies (kJ/mol)
           Bond            U-B    Proper Dih.  Improper Dih.      CMAP Dih.
    2.09223e+04    4.57650e+03    7.57949e+03    1.37381e+02   -3.07917e+02
          LJ-14     Coulomb-14        LJ (SR)   Coulomb (SR)   Coul. recip.
    3.25978e+03    4.97457e+04    1.20522e+05   -3.98608e+05    8.45681e+03
      Potential Pressure (bar)
   -1.83716e+05    4.85275e+04

           Step           Time
              4        4.00000

   Energies (kJ/mol)
           Bond            U-B    Proper Dih.  Improper Dih.      CMAP Dih.
    1.63369e+04    4.78811e+03    7.60630e+03    1.53915e+02   -3.13172e+02
          LJ-14     Coulomb-14        LJ (SR)   Coulomb (SR)   Coul. recip.
    3.26441e+03    4.97423e+04    1.03772e+05   -3.99390e+05    8.35798e+03
      Potential Pressure (bar)
   -2.05681e+05    4.38951e+04

           Step           Time
              5        5.00000

   Energies (kJ/mol)
           Bond            U-B    Proper Dih.  Improper Dih.      CMAP Dih.
    1.13612e+04    5.10469e+03    7.64326e+03    1.65942e+02   -3.20353e+02
          LJ-14     Coulomb-14        LJ (SR)   Coulomb (SR)   Coul. recip.
    3.26155e+03    4.97335e+04    8.98574e+04   -4.00402e+05    8.20300e+03
      Potential Pressure (bar)
   -2.25392e+05    3.96567e+04

           Step           Time
              6        6.00000

   Energies (kJ/mol)
           Bond            U-B    Proper Dih.  Improper Dih.      CMAP Dih.
    5.88226e+03    5.49773e+03    7.70831e+03    1.81747e+02   -3.31991e+02
          LJ-14     Coulomb-14        LJ (SR)   Coulomb (SR)   Coul. recip.
    3.22348e+03    4.97122e+04    7.51551e+04   -4.02200e+05    7.88180e+03
      Potential Pressure (bar)
   -2.47290e+05    3.43383e+04

           Step           Time
              7        7.00000

   Energies (kJ/mol)
           Bond            U-B    Proper Dih.  Improper Dih.      CMAP Dih.
    3.15951e+03    4.89506e+03    7.76333e+03    1.88007e+02   -3.39199e+02
          LJ-14     Coulomb-14        LJ (SR)   Coulomb (SR)   Coul. recip.
    3.07978e+03    4.96918e+04    6.48439e+04   -4.04641e+05    7.40026e+03
      Potential Pressure (bar)
   -2.63958e+05    2.97533e+04

           Step           Time
              8        8.00000

   Energies (kJ/mol)
           Bond            U-B    Proper Dih.  Improper Dih.      CMAP Dih.
    2.58716e+03    4.61964e+03    7.79163e+03    1.90880e+02   -3.38074e+02
          LJ-14     Coulomb-14        LJ (SR)   Coulomb (SR)   Coul. recip.
    2.96194e+03    4.97111e+04    5.83728e+04   -4.07203e+05    6.87851e+03
      Potential Pressure (bar)
   -2.74427e+05    2.66858e+04

           Step           Time
              9        9.00000

   Energies (kJ/mol)
           Bond            U-B    Proper Dih.  Improper Dih.      CMAP Dih.
    3.12890e+03    4.02628e+03    7.79752e+03    1.81061e+02   -3.44522e+02
          LJ-14     Coulomb-14        LJ (SR)   Coulomb (SR)   Coul. recip.
    2.90085e+03    4.96831e+04    5.59452e+04   -4.08479e+05    6.62665e+03
      Potential Pressure (bar)
   -2.78534e+05    2.56613e+04

           Step           Time
             10       10.00000

   Energies (kJ/mol)
           Bond            U-B    Proper Dih.  Improper Dih.      CMAP Dih.
    2.17302e+03    4.31511e+03    7.80120e+03    1.83878e+02   -3.40007e+02
          LJ-14     Coulomb-14        LJ (SR)   Coulomb (SR)   Coul. recip.
    2.88531e+03    4.96907e+04    5.43015e+04   -4.09490e+05    6.43234e+03
      Potential Pressure (bar)
   -2.82047e+05    2.49069e+04

           Step           Time
             11       11.00000

   Energies (kJ/mol)
           Bond            U-B    Proper Dih.  Improper Dih.      CMAP Dih.
    4.14908e+03    3.80611e+03    7.79773e+03    1.81319e+02   -3.49051e+02
          LJ-14     Coulomb-14        LJ (SR)   Coulomb (SR)   Coul. recip.
    2.83009e+03    4.96609e+04    5.20951e+04   -4.10855e+05    6.17102e+03
      Potential Pressure (bar)
   -2.84513e+05    2.40454e+04

           Step           Time
             12       12.00000

   Energies (kJ/mol)
           Bond            U-B    Proper Dih.  Improper Dih.      CMAP Dih.
    2.27550e+03    4.19520e+03    7.80376e+03    1.85114e+02   -3.42639e+02
          LJ-14     Coulomb-14        LJ (SR)   Coulomb (SR)   Coul. recip.
    2.83545e+03    4.96714e+04    5.10089e+04   -4.11706e+05    6.01442e+03
      Potential Pressure (bar)
   -2.88059e+05    2.35395e+04

           Step           Time
             13       13.00000

           Step           Time
             14       14.00000

   Energies (kJ/mol)
           Bond            U-B    Proper Dih.  Improper Dih.      CMAP Dih.
    1.84212e+03    3.72856e+03    7.80063e+03    1.78097e+02   -3.53458e+02
          LJ-14     Coulomb-14        LJ (SR)   Coulomb (SR)   Coul. recip.
    2.79912e+03    4.96558e+04    5.00975e+04   -4.12333e+05    5.90013e+03
      Potential Pressure (bar)
   -2.90684e+05    2.33141e+04

           Step           Time
             15       15.00000

   Energies (kJ/mol)
           Bond            U-B    Proper Dih.  Improper Dih.      CMAP Dih.
    2.53539e+03    4.13200e+03    7.80562e+03    2.17490e+02   -3.45709e+02
          LJ-14     Coulomb-14        LJ (SR)   Coulomb (SR)   Coul. recip.
    2.79656e+03    4.96524e+04    4.84424e+04   -4.13702e+05    5.65481e+03
      Potential Pressure (bar)
   -2.92811e+05    2.25267e+04

           Step           Time
             16       16.00000

   Energies (kJ/mol)
           Bond            U-B    Proper Dih.  Improper Dih.      CMAP Dih.
    2.26669e+03    3.61826e+03    7.78269e+03    2.21478e+02   -3.53963e+02
          LJ-14     Coulomb-14        LJ (SR)   Coulomb (SR)   Coul. recip.
    2.75617e+03    4.96360e+04    4.76697e+04   -4.14271e+05    5.55788e+03
      Potential Pressure (bar)
   -2.95116e+05    2.23868e+04

           Step           Time
             17       17.00000

           Step           Time
             18       18.00000

   Energies (kJ/mol)
           Bond            U-B    Proper Dih.  Improper Dih.      CMAP Dih.
    1.37752e+03    3.73444e+03    7.80603e+03    1.85680e+02   -3.58709e+02
          LJ-14     Coulomb-14        LJ (SR)   Coulomb (SR)   Coul. recip.
    2.75644e+03    4.96351e+04    4.70618e+04   -4.14854e+05    5.45774e+03
      Potential Pressure (bar)
   -2.97198e+05    2.21280e+04

           Step           Time
             19       19.00000

   Energies (kJ/mol)
           Bond            U-B    Proper Dih.  Improper Dih.      CMAP Dih.
    2.61037e+03    3.46409e+03    7.78728e+03    1.94092e+02   -3.60122e+02
          LJ-14     Coulomb-14        LJ (SR)   Coulomb (SR)   Coul. recip.
    2.72124e+03    4.96276e+04    4.56452e+04   -4.16098e+05    5.25236e+03
      Potential Pressure (bar)
   -2.99156e+05    2.16476e+04

           Step           Time
             20       20.00000

   Energies (kJ/mol)
           Bond            U-B    Proper Dih.  Improper Dih.      CMAP Dih.
    1.74042e+03    3.76838e+03    7.80101e+03    2.88145e+02   -3.60410e+02
          LJ-14     Coulomb-14        LJ (SR)   Coulomb (SR)   Coul. recip.
    2.73547e+03    4.96279e+04    4.50769e+04   -4.16748e+05    5.14701e+03
      Potential Pressure (bar)
   -3.00923e+05    2.13554e+04

           Step           Time
             21       21.00000

   Energies (kJ/mol)
           Bond            U-B    Proper Dih.  Improper Dih.      CMAP Dih.
    3.06546e+03    3.44717e+03    7.76890e+03    2.30484e+02   -3.55358e+02
          LJ-14     Coulomb-14        LJ (SR)   Coulomb (SR)   Coul. recip.
    2.69953e+03    4.96164e+04    4.43338e+04   -4.17380e+05    5.05164e+03
      Potential Pressure (bar)
   -3.01522e+05    2.11645e+04

           Step           Time
             22       22.00000

   Energies (kJ/mol)
           Bond            U-B    Proper Dih.  Improper Dih.      CMAP Dih.
    2.95579e+03    4.03921e+03    7.79439e+03    2.82891e+02   -3.54727e+02
          LJ-14     Coulomb-14        LJ (SR)   Coulomb (SR)   Coul. recip.
    2.72769e+03    4.96160e+04    4.37536e+04   -4.18110e+05    4.93802e+03
      Potential Pressure (bar)
   -3.02357e+05    2.07911e+04

           Step           Time
             23       23.00000

   Energies (kJ/mol)
           Bond            U-B    Proper Dih.  Improper Dih.      CMAP Dih.
    3.30230e+03    3.38559e+03    7.76922e+03    2.24298e+02   -3.63942e+02
          LJ-14     Coulomb-14        LJ (SR)   Coulomb (SR)   Coul. recip.
    2.68028e+03    4.96101e+04    4.32671e+04   -4.18528e+05    4.87702e+03
      Potential Pressure (bar)
   -3.03775e+05    2.07574e+04

           Step           Time
             24       24.00000

           Step           Time
             25       25.00000

   Energies (kJ/mol)
           Bond            U-B    Proper Dih.  Improper Dih.      CMAP Dih.
    1.55840e+03    3.54483e+03    7.78105e+03    4.48275e+02   -3.66865e+02
          LJ-14     Coulomb-14        LJ (SR)   Coulomb (SR)   Coul. recip.
    2.69240e+03    4.96158e+04    4.28791e+04   -4.19059e+05    4.79849e+03
      Potential Pressure (bar)
   -3.06107e+05    2.05841e+04

           Step           Time
             26       26.00000

           Step           Time
             27       27.00000

   Energies (kJ/mol)
           Bond            U-B    Proper Dih.  Improper Dih.      CMAP Dih.
    1.35936e+03    3.28700e+03    7.78278e+03    2.09508e+02   -3.67702e+02
          LJ-14     Coulomb-14        LJ (SR)   Coulomb (SR)   Coul. recip.
    2.67298e+03    4.96105e+04    4.25192e+04   -4.19384e+05    4.75281e+03
      Potential Pressure (bar)
   -3.07557e+05    2.05448e+04

           Step           Time
             28       28.00000

   Energies (kJ/mol)
           Bond            U-B    Proper Dih.  Improper Dih.      CMAP Dih.
    1.66068e+03    3.57038e+03    7.80059e+03    2.87019e+02   -3.68932e+02
          LJ-14     Coulomb-14        LJ (SR)   Coulomb (SR)   Coul. recip.
    2.68027e+03    4.96130e+04    4.18133e+04   -4.20265e+05    4.62842e+03
      Potential Pressure (bar)
   -3.08580e+05    2.02079e+04

           Step           Time
             29       29.00000

   Energies (kJ/mol)
           Bond            U-B    Proper Dih.  Improper Dih.      CMAP Dih.
    1.60310e+03    3.24036e+03    7.77770e+03    1.99814e+02   -3.65753e+02
          LJ-14     Coulomb-14        LJ (SR)   Coulomb (SR)   Coul. recip.
    2.65312e+03    4.96018e+04    4.14440e+04   -4.20607e+05    4.58150e+03
      Potential Pressure (bar)
   -3.09872e+05    2.01725e+04

           Step           Time
             30       30.00000

   Energies (kJ/mol)
           Bond            U-B    Proper Dih.  Improper Dih.      CMAP Dih.
    2.31767e+03    3.71190e+03    7.80354e+03    2.78457e+02   -3.65144e+02
          LJ-14     Coulomb-14        LJ (SR)   Coulomb (SR)   Coul. recip.
    2.67448e+03    4.96104e+04    4.09004e+04   -4.21369e+05    4.47978e+03
      Potential Pressure (bar)
   -3.09958e+05    1.98363e+04

           Step           Time
             31       31.00000

   Energies (kJ/mol)
           Bond            U-B    Proper Dih.  Improper Dih.      CMAP Dih.
    1.98383e+03    3.21651e+03    7.76205e+03    2.50996e+02   -3.64602e+02
          LJ-14     Coulomb-14        LJ (SR)   Coulomb (SR)   Coul. recip.
    2.63659e+03    4.95926e+04    4.05761e+04   -4.21651e+05    4.44189e+03
      Potential Pressure (bar)
   -3.11555e+05    1.98513e+04

           Step           Time
             32       32.00000

           Step           Time
             33       33.00000

   Energies (kJ/mol)
           Bond            U-B    Proper Dih.  Improper Dih.      CMAP Dih.
    1.19473e+03    3.33907e+03    7.79806e+03    1.95487e+02   -3.76202e+02
          LJ-14     Coulomb-14        LJ (SR)   Coulomb (SR)   Coul. recip.
    2.64061e+03    4.95981e+04    4.02978e+04   -4.22057e+05    4.38927e+03
      Potential Pressure (bar)
   -3.12980e+05    1.97202e+04

           Step           Time
             34       34.00000

   Energies (kJ/mol)
           Bond            U-B    Proper Dih.  Improper Dih.      CMAP Dih.
    2.40223e+03    3.15202e+03    7.78281e+03    1.77071e+02   -3.72499e+02
          LJ-14     Coulomb-14        LJ (SR)   Coulomb (SR)   Coul. recip.
    2.61934e+03    4.95939e+04    3.97280e+04   -4.22732e+05    4.30242e+03
      Potential Pressure (bar)
   -3.13347e+05    1.95545e+04

           Step           Time
             35       35.00000

   Energies (kJ/mol)
           Bond            U-B    Proper Dih.  Improper Dih.      CMAP Dih.
    1.70410e+03    3.47216e+03    7.80086e+03    2.73362e+02   -3.76371e+02
          LJ-14     Coulomb-14        LJ (SR)   Coulomb (SR)   Coul. recip.
    2.63889e+03    4.96039e+04    3.94659e+04   -4.23198e+05    4.24554e+03
      Potential Pressure (bar)
   -3.14370e+05    1.93743e+04

           Step           Time
             36       36.00000

           Step           Time
             37       37.00000

   Energies (kJ/mol)
           Bond            U-B    Proper Dih.  Improper Dih.      CMAP Dih.
    1.05712e+03    3.12984e+03    7.78793e+03    1.72255e+02   -3.76580e+02
          LJ-14     Coulomb-14        LJ (SR)   Coulomb (SR)   Coul. recip.
    2.61551e+03    4.95944e+04    3.92598e+04   -4.23388e+05    4.22137e+03
      Potential Pressure (bar)
   -3.15926e+05    1.94031e+04

           Step           Time
             38       38.00000

   Energies (kJ/mol)
           Bond            U-B    Proper Dih.  Improper Dih.      CMAP Dih.
    2.01050e+03    3.47868e+03    7.79237e+03    4.24266e+02   -3.80192e+02
          LJ-14     Coulomb-14        LJ (SR)   Coulomb (SR)   Coul. recip.
    2.62440e+03    4.96012e+04    3.83664e+04   -4.24671e+05    4.06600e+03
      Potential Pressure (bar)
   -3.16688e+05    1.89640e+04

           Step           Time
             39       39.00000

   Energies (kJ/mol)
           Bond            U-B    Proper Dih.  Improper Dih.      CMAP Dih.
    1.18830e+03    3.04911e+03    7.78039e+03    1.80060e+02   -3.75650e+02
          LJ-14     Coulomb-14        LJ (SR)   Coulomb (SR)   Coul. recip.
    2.59315e+03    4.95841e+04    3.81846e+04   -4.24829e+05    4.04545e+03
      Potential Pressure (bar)
   -3.18599e+05    1.90211e+04

           Step           Time
             40       40.00000

           Step           Time
             41       41.00000

   Energies (kJ/mol)
           Bond            U-B    Proper Dih.  Improper Dih.      CMAP Dih.
    1.12522e+03    3.21359e+03    7.80422e+03    1.46238e+02   -3.84271e+02
          LJ-14     Coulomb-14        LJ (SR)   Coulomb (SR)   Coul. recip.
    2.59577e+03    4.95944e+04    3.78932e+04   -4.25285e+05    3.99563e+03
      Potential Pressure (bar)
   -3.19301e+05    1.88703e+04

           Step           Time
             42       42.00000

   Energies (kJ/mol)
           Bond            U-B    Proper Dih.  Improper Dih.      CMAP Dih.
    1.49175e+03    3.01138e+03    7.78448e+03    1.64861e+02   -3.78768e+02
          LJ-14     Coulomb-14        LJ (SR)   Coulomb (SR)   Coul. recip.
    2.58018e+03    4.95805e+04    3.75944e+04   -4.25660e+05    3.95034e+03
      Potential Pressure (bar)
   -3.19881e+05    1.88163e+04

           Step           Time
             43       43.00000

   Energies (kJ/mol)
           Bond            U-B    Proper Dih.  Improper Dih.      CMAP Dih.
    1.31254e+03    3.26883e+03    7.80778e+03    1.47420e+02   -3.85356e+02
          LJ-14     Coulomb-14        LJ (SR)   Coulomb (SR)   Coul. recip.
    2.58972e+03    4.95955e+04    3.73635e+04   -4.26066e+05    3.90897e+03
      Potential Pressure (bar)
   -3.20458e+05    1.86610e+04

           Step           Time
             44       44.00000

   Energies (kJ/mol)
           Bond            U-B    Proper Dih.  Improper Dih.      CMAP Dih.
    2.07065e+03    3.00275e+03    7.78150e+03    1.64142e+02   -3.78924e+02
          LJ-14     Coulomb-14        LJ (SR)   Coulomb (SR)   Coul. recip.
    2.56807e+03    4.95744e+04    3.70709e+04   -4.26414e+05    3.86692e+03
      Potential Pressure (bar)
   -3.20694e+05    1.86209e+04

           Step           Time
             45       45.00000

   Energies (kJ/mol)
           Bond            U-B    Proper Dih.  Improper Dih.      CMAP Dih.
    1.80451e+03    3.40996e+03    7.81229e+03    1.39924e+02   -3.87470e+02
          LJ-14     Coulomb-14        LJ (SR)   Coulomb (SR)   Coul. recip.
    2.58741e+03    4.95955e+04    3.68695e+04   -4.26817e+05    3.82844e+03
      Potential Pressure (bar)
   -3.21157e+05    1.84417e+04

           Step           Time
             46       46.00000

           Step           Time
             47       47.00000

   Energies (kJ/mol)
           Bond            U-B    Proper Dih.  Improper Dih.      CMAP Dih.
    9.59639e+02    2.99800e+03    7.79245e+03    1.52126e+02   -3.86195e+02
          LJ-14     Coulomb-14        LJ (SR)   Coulomb (SR)   Coul. recip.
    2.56379e+03    4.95807e+04    3.67209e+04   -4.26974e+05    3.80809e+03
      Potential Pressure (bar)
   -3.22784e+05    1.85019e+04

           Step           Time
             48       48.00000

   Energies (kJ/mol)
           Bond            U-B    Proper Dih.  Improper Dih.      CMAP Dih.
    2.34948e+03    3.44848e+03    7.80234e+03    2.75873e+02   -3.88560e+02
          LJ-14     Coulomb-14        LJ (SR)   Coulomb (SR)   Coul. recip.
    2.57712e+03    4.95920e+04    3.59312e+04   -4.28276e+05    3.67277e+03
      Potential Pressure (bar)
   -3.23015e+05    1.80571e+04

           Step           Time
             49       49.00000

   Energies (kJ/mol)
           Bond            U-B    Proper Dih.  Improper Dih.      CMAP Dih.
    1.09087e+03    2.93375e+03    7.77578e+03    1.86789e+02   -3.83586e+02
          LJ-14     Coulomb-14        LJ (SR)   Coulomb (SR)   Coul. recip.
    2.54146e+03    4.95708e+04    3.57975e+04   -4.28386e+05    3.65815e+03
      Potential Pressure (bar)
   -3.25215e+05    1.81583e+04

           Step           Time
             50       50.00000

           Step           Time
             51       51.00000

   Energies (kJ/mol)
           Bond            U-B    Proper Dih.  Improper Dih.      CMAP Dih.
    1.20630e+03    3.10711e+03    7.80305e+03    1.39231e+02   -3.92595e+02
          LJ-14     Coulomb-14        LJ (SR)   Coulomb (SR)   Coul. recip.
    2.54551e+03    4.95801e+04    3.55580e+04   -4.28822e+05    3.61597e+03
      Potential Pressure (bar)
   -3.25659e+05    1.80189e+04

           Step           Time
             52       52.00000

   Energies (kJ/mol)
           Bond            U-B    Proper Dih.  Improper Dih.      CMAP Dih.
    1.40552e+03    2.90642e+03    7.78307e+03    1.56053e+02   -3.85389e+02
          LJ-14     Coulomb-14        LJ (SR)   Coulomb (SR)   Coul. recip.
    2.52997e+03    4.95677e+04    3.53660e+04   -4.29076e+05    3.58837e+03
      Potential Pressure (bar)
   -3.26158e+05    1.80101e+04

           Step           Time
             53       53.00000

   Energies (kJ/mol)
           Bond            U-B    Proper Dih.  Improper Dih.      CMAP Dih.
    1.48607e+03    3.20985e+03    7.80776e+03    1.36281e+02   -3.93795e+02
          LJ-14     Coulomb-14        LJ (SR)   Coulomb (SR)   Coul. recip.
    2.54310e+03    4.95812e+04    3.51920e+04   -4.29441e+05    3.55603e+03
      Potential Pressure (bar)
   -3.26322e+05    1.78571e+04

           Step           Time
             54       54.00000

   Energies (kJ/mol)
           Bond            U-B    Proper Dih.  Improper Dih.      CMAP Dih.
    2.04637e+03    2.91188e+03    7.78264e+03    1.50900e+02   -3.86244e+02
          LJ-14     Coulomb-14        LJ (SR)   Coulomb (SR)   Coul. recip.
    2.51970e+03    4.95624e+04    3.49962e+04   -4.29678e+05    3.52933e+03
      Potential Pressure (bar)
   -3.26565e+05    1.78653e+04

           Step           Time
             55       55.00000

           Step           Time
             56       56.00000

   Energies (kJ/mol)
           Bond            U-B    Proper Dih.  Improper Dih.      CMAP Dih.
    8.45339e+02    2.94782e+03    7.79417e+03    1.43412e+02   -3.93473e+02
          LJ-14     Coulomb-14        LJ (SR)   Coulomb (SR)   Coul. recip.
    2.52459e+03    4.95711e+04    3.49193e+04   -4.29858e+05    3.51350e+03
      Potential Pressure (bar)
   -3.27992e+05    1.78310e+04

           Step           Time
             57       57.00000

   Energies (kJ/mol)
           Bond            U-B    Proper Dih.  Improper Dih.      CMAP Dih.
    2.71820e+03    2.92460e+03    7.78743e+03    1.47227e+02   -3.91108e+02
          LJ-14     Coulomb-14        LJ (SR)   Coulomb (SR)   Coul. recip.
    2.49552e+03    4.95571e+04    3.41006e+04   -4.31203e+05    3.38182e+03
      Potential Pressure (bar)
   -3.28482e+05    1.75068e+04

           Step           Time
             58       58.00000

   Energies (kJ/mol)
           Bond            U-B    Proper Dih.  Improper Dih.      CMAP Dih.
    9.62023e+02    2.97521e+03    7.79828e+03    1.66116e+02   -3.98784e+02
          LJ-14     Coulomb-14        LJ (SR)   Coulomb (SR)   Coul. recip.
    2.50694e+03    4.95671e+04    3.40324e+04   -4.31409e+05    3.36383e+03
      Potential Pressure (bar)
   -3.30436e+05    1.74795e+04

           Step           Time
             59       59.00000

           Step           Time
             60       60.00000

   Energies (kJ/mol)
           Bond            U-B    Proper Dih.  Improper Dih.      CMAP Dih.
    1.23553e+03    2.83866e+03    7.78566e+03    1.45996e+02   -3.92212e+02
          LJ-14     Coulomb-14        LJ (SR)   Coulomb (SR)   Coul. recip.
    2.49265e+03    4.95587e+04    3.38761e+04   -4.31633e+05    3.34294e+03
      Potential Pressure (bar)
   -3.30749e+05    1.74580e+04

           Step           Time
             61       61.00000

   Energies (kJ/mol)
           Bond            U-B    Proper Dih.  Improper Dih.      CMAP Dih.
    1.21144e+03    3.05130e+03    7.80135e+03    1.37166e+02   -4.00177e+02
          LJ-14     Coulomb-14        LJ (SR)   Coulomb (SR)   Coul. recip.
    2.50288e+03    4.95633e+04    3.37559e+04   -4.31921e+05    3.31782e+03
      Potential Pressure (bar)
   -3.30980e+05    1.73539e+04

           Step           Time
             62       62.00000

   Energies (kJ/mol)
           Bond            U-B    Proper Dih.  Improper Dih.      CMAP Dih.
    1.67763e+03    2.85353e+03    7.78330e+03    1.43805e+02   -3.92516e+02
          LJ-14     Coulomb-14        LJ (SR)   Coulomb (SR)   Coul. recip.
    2.48359e+03    4.95552e+04    3.36015e+04   -4.32128e+05    3.29859e+03
      Potential Pressure (bar)
   -3.31124e+05    1.73464e+04

           Step           Time
             63       63.00000

           Step           Time
             64       64.00000

   Energies (kJ/mol)
           Bond            U-B    Proper Dih.  Improper Dih.      CMAP Dih.
    8.19843e+02    2.86662e+03    7.79126e+03    1.39785e+02   -3.96967e+02
          LJ-14     Coulomb-14        LJ (SR)   Coulomb (SR)   Coul. recip.
    2.48874e+03    4.95575e+04    3.35467e+04   -4.32273e+05    3.28537e+03
      Potential Pressure (bar)
   -3.32175e+05    1.73243e+04

           Step           Time
             65       65.00000

   Energies (kJ/mol)
           Bond            U-B    Proper Dih.  Improper Dih.      CMAP Dih.
    2.39130e+03    2.92372e+03    7.78794e+03    1.39393e+02   -3.98443e+02
          LJ-14     Coulomb-14        LJ (SR)   Coulomb (SR)   Coul. recip.
    2.45960e+03    4.95505e+04    3.28136e+04   -4.33615e+05    3.16551e+03
      Potential Pressure (bar)
   -3.32782e+05    1.70124e+04

           Step           Time
             66       66.00000

   Energies (kJ/mol)
           Bond            U-B    Proper Dih.  Improper Dih.      CMAP Dih.
    9.36025e+02    2.90235e+03    7.79571e+03    1.42812e+02   -4.04488e+02
          LJ-14     Coulomb-14        LJ (SR)   Coulomb (SR)   Coul. recip.
    2.47075e+03    4.95481e+04    3.27660e+04   -4.33778e+05    3.14927e+03
      Potential Pressure (bar)
   -3.34472e+05    1.70130e+04

           Step           Time
             67       67.00000

           Step           Time
             68       68.00000

   Energies (kJ/mol)
           Bond            U-B    Proper Dih.  Improper Dih.      CMAP Dih.
    1.19671e+03    2.80299e+03    7.78506e+03    1.36415e+02   -3.98403e+02
          LJ-14     Coulomb-14        LJ (SR)   Coulomb (SR)   Coul. recip.
    2.45768e+03    4.95483e+04    3.26410e+04   -4.33980e+05    3.13350e+03
      Potential Pressure (bar)
   -3.34677e+05    1.69824e+04

           Step           Time
             69       69.00000

   Energies (kJ/mol)
           Bond            U-B    Proper Dih.  Improper Dih.      CMAP Dih.
    1.19285e+03    2.96958e+03    7.79534e+03    1.32399e+02   -4.03644e+02
          LJ-14     Coulomb-14        LJ (SR)   Coulomb (SR)   Coul. recip.
    2.46750e+03    4.95429e+04    3.25571e+04   -4.34210e+05    3.11214e+03
      Potential Pressure (bar)
   -3.34844e+05    1.69140e+04

           Step           Time
             70       70.00000

           Step           Time
             71       71.00000

   Energies (kJ/mol)
           Bond            U-B    Proper Dih.  Improper Dih.      CMAP Dih.
    8.26118e+02    2.79310e+03    7.78780e+03    1.34398e+02   -4.01131e+02
          LJ-14     Coulomb-14        LJ (SR)   Coulomb (SR)   Coul. recip.
    2.45663e+03    4.95453e+04    3.24922e+04   -4.34304e+05    3.10513e+03
      Potential Pressure (bar)
   -3.35564e+05    1.69283e+04

           Step           Time
             72       72.00000

   Energies (kJ/mol)
           Bond            U-B    Proper Dih.  Improper Dih.      CMAP Dih.
    1.82598e+03    3.09721e+03    7.79475e+03    1.31106e+02   -4.05030e+02
          LJ-14     Coulomb-14        LJ (SR)   Coulomb (SR)   Coul. recip.
    2.45538e+03    4.95296e+04    3.20032e+04   -4.35377e+05    3.01091e+03
      Potential Pressure (bar)
   -3.35934e+05    1.66631e+04

           Step           Time
             73       73.00000

   Energies (kJ/mol)
           Bond            U-B    Proper Dih.  Improper Dih.      CMAP Dih.
    9.61280e+02    2.76950e+03    7.78344e+03    1.31813e+02   -4.03027e+02
          LJ-14     Coulomb-14        LJ (SR)   Coulomb (SR)   Coul. recip.
    2.43709e+03    4.95398e+04    3.19272e+04   -4.35472e+05    3.00600e+03
      Potential Pressure (bar)
   -3.37319e+05    1.67012e+04

           Step           Time
             74       74.00000

           Step           Time
             75       75.00000

   Energies (kJ/mol)
           Bond            U-B    Proper Dih.  Improper Dih.      CMAP Dih.
    1.09797e+03    2.88493e+03    7.78817e+03    1.30500e+02   -4.03578e+02
          LJ-14     Coulomb-14        LJ (SR)   Coulomb (SR)   Coul. recip.
    2.44339e+03    4.95294e+04    3.18401e+04   -4.35702e+05    2.98427e+03
      Potential Pressure (bar)
   -3.37407e+05    1.66496e+04

           Step           Time
             76       76.00000

   Energies (kJ/mol)
           Bond            U-B    Proper Dih.  Improper Dih.      CMAP Dih.
    1.20889e+03    2.79166e+03    7.78089e+03    1.30678e+02   -4.02871e+02
          LJ-14     Coulomb-14        LJ (SR)   Coulomb (SR)   Coul. recip.
    2.42984e+03    4.95398e+04    3.17489e+04   -4.35857e+05    2.97527e+03
      Potential Pressure (bar)
   -3.37654e+05    1.66199e+04

           Step           Time
             77       77.00000

           Step           Time
             78       78.00000

   Energies (kJ/mol)
           Bond            U-B    Proper Dih.  Improper Dih.      CMAP Dih.
    8.10669e+02    2.77781e+03    7.78416e+03    1.30055e+02   -4.04070e+02
          LJ-14     Coulomb-14        LJ (SR)   Coulomb (SR)   Coul. recip.
    2.43450e+03    4.95315e+04    3.17116e+04   -4.35966e+05    2.96354e+03
      Potential Pressure (bar)
   -3.38226e+05    1.66197e+04

           Step           Time
             79       79.00000

           Step           Time
             80       80.00000

   Energies (kJ/mol)
           Bond            U-B    Proper Dih.  Improper Dih.      CMAP Dih.
    9.52441e+02    2.75841e+03    7.78038e+03    1.29756e+02   -4.04439e+02
          LJ-14     Coulomb-14        LJ (SR)   Coulomb (SR)   Coul. recip.
    2.42626e+03    4.95357e+04    3.15873e+04   -4.36227e+05    2.94395e+03
      Potential Pressure (bar)
   -3.38518e+05    1.65644e+04

           Step           Time
             81       81.00000

   Energies (kJ/mol)
           Bond            U-B    Proper Dih.  Improper Dih.      CMAP Dih.
    8.63647e+02    2.78893e+03    7.78286e+03    1.29361e+02   -4.04353e+02
          LJ-14     Coulomb-14        LJ (SR)   Coulomb (SR)   Coul. recip.
    2.42984e+03    4.95270e+04    3.15325e+04   -4.36375e+05    2.92947e+03
      Potential Pressure (bar)
   -3.38796e+05    1.65467e+04

           Step           Time
             82       82.00000

   Energies (kJ/mol)
           Bond            U-B    Proper Dih.  Improper Dih.      CMAP Dih.
    1.11805e+03    2.77336e+03    7.77786e+03    1.29028e+02   -4.04611e+02
          LJ-14     Coulomb-14        LJ (SR)   Coulomb (SR)   Coul. recip.
    2.41989e+03    4.95358e+04    3.14274e+04   -4.36589e+05    2.91533e+03
      Potential Pressure (bar)
   -3.38897e+05    1.64909e+04

           Step           Time
             83       83.00000

   Energies (kJ/mol)
           Bond            U-B    Proper Dih.  Improper Dih.      CMAP Dih.
    9.91096e+02    2.81763e+03    7.78179e+03    1.28879e+02   -4.04180e+02
          LJ-14     Coulomb-14        LJ (SR)   Coulomb (SR)   Coul. recip.
    2.42633e+03    4.95221e+04    3.13777e+04   -4.36738e+05    2.89927e+03
      Potential Pressure (bar)
   -3.39198e+05    1.64801e+04

           Step           Time
             84       84.00000

           Step           Time
             85       85.00000

   Energies (kJ/mol)
           Bond            U-B    Proper Dih.  Improper Dih.      CMAP Dih.
    8.18165e+02    2.73822e+03    7.77835e+03    1.28489e+02   -4.05747e+02
          LJ-14     Coulomb-14        LJ (SR)   Coulomb (SR)   Coul. recip.
    2.41934e+03    4.95295e+04    3.13279e+04   -4.36832e+05    2.89390e+03
      Potential Pressure (bar)
   -3.39604e+05    1.64666e+04

           Step           Time
             86       86.00000

   Energies (kJ/mol)
           Bond            U-B    Proper Dih.  Improper Dih.      CMAP Dih.
    1.09457e+03    2.82916e+03    7.77922e+03    1.28729e+02   -4.04902e+02
          LJ-14     Coulomb-14        LJ (SR)   Coulomb (SR)   Coul. recip.
    2.41986e+03    4.95172e+04    3.11635e+04   -4.37246e+05    2.85760e+03
      Potential Pressure (bar)
   -3.39861e+05    1.63914e+04

           Step           Time
             87       87.00000

   Energies (kJ/mol)
           Bond            U-B    Proper Dih.  Improper Dih.      CMAP Dih.
    8.77748e+02    2.73128e+03    7.77485e+03    1.27790e+02   -4.07061e+02
          LJ-14     Coulomb-14        LJ (SR)   Coulomb (SR)   Coul. recip.
    2.41076e+03    4.95285e+04    3.11077e+04   -4.37351e+05    2.85265e+03
      Potential Pressure (bar)
   -3.40347e+05    1.63729e+04

           Step           Time
             88       88.00000

           Step           Time
             89       89.00000

   Energies (kJ/mol)
           Bond            U-B    Proper Dih.  Improper Dih.      CMAP Dih.
    8.31827e+02    2.74845e+03    7.77619e+03    1.27886e+02   -4.06778e+02
          LJ-14     Coulomb-14        LJ (SR)   Coulomb (SR)   Coul. recip.
    2.41285e+03    4.95206e+04    3.10581e+04   -4.37486e+05    2.83966e+03
      Potential Pressure (bar)
   -3.40577e+05    1.63607e+04

           Step           Time
             90       90.00000

   Energies (kJ/mol)
           Bond            U-B    Proper Dih.  Improper Dih.      CMAP Dih.
    9.39782e+02    2.73304e+03    7.77266e+03    1.27217e+02   -4.07828e+02
          LJ-14     Coulomb-14        LJ (SR)   Coulomb (SR)   Coul. recip.
    2.40556e+03    4.95281e+04    3.09762e+04   -4.37670e+05    2.82771e+03
      Potential Pressure (bar)
   -3.40767e+05    1.63149e+04

           Step           Time
             91       91.00000

   Energies (kJ/mol)
           Bond            U-B    Proper Dih.  Improper Dih.      CMAP Dih.
    8.89582e+02    2.75929e+03    7.77482e+03    1.27477e+02   -4.07159e+02
          LJ-14     Coulomb-14        LJ (SR)   Coulomb (SR)   Coul. recip.
    2.40922e+03    4.95170e+04    3.09290e+04   -4.37807e+05    2.81365e+03
      Potential Pressure (bar)
   -3.40994e+05    1.63077e+04

           Step           Time
             92       92.00000

   Energies (kJ/mol)
           Bond            U-B    Proper Dih.  Improper Dih.      CMAP Dih.
    1.05849e+03    2.74513e+03    7.77040e+03    1.26572e+02   -4.08332e+02
          LJ-14     Coulomb-14        LJ (SR)   Coulomb (SR)   Coul. recip.
    2.40034e+03    4.95283e+04    3.08512e+04   -4.37978e+05    2.80402e+03
      Potential Pressure (bar)
   -3.41102e+05    1.62555e+04

           Step           Time
             93       93.00000

   Energies (kJ/mol)
           Bond            U-B    Proper Dih.  Improper Dih.      CMAP Dih.
    1.01819e+03    2.78679e+03    7.77371e+03    1.27114e+02   -4.07109e+02
          LJ-14     Coulomb-14        LJ (SR)   Coulomb (SR)   Coul. recip.
    2.40626e+03    4.95125e+04    3.08079e+04   -4.38116e+05    2.78860e+03
      Potential Pressure (bar)
   -3.41302e+05    1.62552e+04

           Step           Time
             94       94.00000

           Step           Time
             95       95.00000

   Energies (kJ/mol)
           Bond            U-B    Proper Dih.  Improper Dih.      CMAP Dih.
    8.01024e+02    2.71083e+03    7.77075e+03    1.26260e+02   -4.09257e+02
          LJ-14     Coulomb-14        LJ (SR)   Coulomb (SR)   Coul. recip.
    2.39994e+03    4.95212e+04    3.07681e+04   -4.38197e+05    2.78472e+03
      Potential Pressure (bar)
   -3.41724e+05    1.62406e+04

           Step           Time
             96       96.00000

   Energies (kJ/mol)
           Bond            U-B    Proper Dih.  Improper Dih.      CMAP Dih.
    1.10841e+03    2.79499e+03    7.77059e+03    1.26400e+02   -4.08423e+02
          LJ-14     Coulomb-14        LJ (SR)   Coulomb (SR)   Coul. recip.
    2.39847e+03    4.95075e+04    3.05794e+04   -4.38705e+05    2.74172e+03
      Potential Pressure (bar)
   -3.42086e+05    1.61598e+04

           Step           Time
             97       97.00000

   Energies (kJ/mol)
           Bond            U-B    Proper Dih.  Improper Dih.      CMAP Dih.
    8.48172e+02    2.70348e+03    7.76669e+03    1.25052e+02   -4.10996e+02
          LJ-14     Coulomb-14        LJ (SR)   Coulomb (SR)   Coul. recip.
    2.39026e+03    4.95200e+04    3.05344e+04   -4.38798e+05    2.73823e+03
      Potential Pressure (bar)
   -3.42583e+05    1.61387e+04

           Step           Time
             98       98.00000

           Step           Time
             99       99.00000

   Energies (kJ/mol)
           Bond            U-B    Proper Dih.  Improper Dih.      CMAP Dih.
    8.39001e+02    2.72108e+03    7.76777e+03    1.25194e+02   -4.10355e+02
          LJ-14     Coulomb-14        LJ (SR)   Coulomb (SR)   Coul. recip.
    2.39203e+03    4.95114e+04    3.04883e+04   -4.38933e+05    2.72546e+03
      Potential Pressure (bar)
   -3.42773e+05    1.61309e+04

           Step           Time
            100      100.00000

   Energies (kJ/mol)
           Bond            U-B    Proper Dih.  Improper Dih.      CMAP Dih.
    9.02114e+02    2.70579e+03    7.76458e+03    1.24341e+02   -4.11630e+02
          LJ-14     Coulomb-14        LJ (SR)   Coulomb (SR)   Coul. recip.
    2.38563e+03    4.95197e+04    3.04282e+04   -4.39080e+05    2.71694e+03
      Potential Pressure (bar)
   -3.42944e+05    1.60898e+04

           Step           Time
            101      101.00000

   Energies (kJ/mol)
           Bond            U-B    Proper Dih.  Improper Dih.      CMAP Dih.
    9.02524e+02    2.73327e+03    7.76645e+03    1.24726e+02   -4.10471e+02
          LJ-14     Coulomb-14        LJ (SR)   Coulomb (SR)   Coul. recip.
    2.38896e+03    4.95078e+04    3.03861e+04   -4.39212e+05    2.70346e+03
      Potential Pressure (bar)
   -3.43110e+05    1.60884e+04

           Step           Time
            102      102.00000

   Energies (kJ/mol)
           Bond            U-B    Proper Dih.  Improper Dih.      CMAP Dih.
    1.00891e+03    2.71756e+03    7.76232e+03    1.23673e+02   -4.12068e+02
          LJ-14     Coulomb-14        LJ (SR)   Coulomb (SR)   Coul. recip.
    2.38091e+03    4.95201e+04    3.03260e+04   -4.39357e+05    2.69645e+03
      Potential Pressure (bar)
   -3.43233e+05    1.60383e+04

           Step           Time
            103      103.00000

   Energies (kJ/mol)
           Bond            U-B    Proper Dih.  Improper Dih.      CMAP Dih.
    1.03872e+03    2.76147e+03    7.76534e+03    1.24387e+02   -4.10144e+02
          LJ-14     Coulomb-14        LJ (SR)   Coulomb (SR)   Coul. recip.
    2.38647e+03    4.95034e+04    3.02888e+04   -4.39486e+05    2.68196e+03
      Potential Pressure (bar)
   -3.43345e+05    1.60456e+04

           Step           Time
            104      104.00000

   Energies (kJ/mol)
           Bond            U-B    Proper Dih.  Improper Dih.      CMAP Dih.
    1.22090e+03    2.74918e+03    7.75987e+03    1.23039e+02   -4.12089e+02
          LJ-14     Coulomb-14        LJ (SR)   Coulomb (SR)   Coul. recip.
    2.37607e+03    4.95214e+04    3.02276e+04   -4.39628e+05    2.67690e+03
      Potential Pressure (bar)
   -3.43385e+05    1.59811e+04

           Step           Time
            105      105.00000

           Step           Time
            106      106.00000

   Energies (kJ/mol)
           Bond            U-B    Proper Dih.  Improper Dih.      CMAP Dih.
    7.84805e+02    2.68827e+03    7.76213e+03    1.23271e+02   -4.12563e+02
          LJ-14     Coulomb-14        LJ (SR)   Coulomb (SR)   Coul. recip.
    2.37955e+03    4.95099e+04    3.02101e+04   -4.39690e+05    2.66845e+03
      Potential Pressure (bar)
   -3.43977e+05    1.60144e+04


Steepest Descents converged to Fmax < 1000 in 107 steps
Potential Energy  = -3.4397659e+05
Maximum force     =  9.9290399e+02 on atom 1222
Norm of force     =  7.1684626e+01

    D O M A I N   D E C O M P O S I T I O N   S T A T I S T I C S

 av. #atoms communicated per step for force:  2 x 91786.0

Finished mdrun on rank 0 Sun Oct 17 00:44:03 2021

