                      :-) GROMACS - gmx mdrun, 2021.2 (-:

                            GROMACS is written by:
     Andrey Alekseenko              Emile Apol              Rossen Apostolov     
         Paul Bauer           Herman J.C. Berendsen           Par Bjelkmar       
       Christian Blau           Viacheslav Bolnykh             Kevin Boyd        
     Aldert van Buuren           Rudi van Drunen             Anton Feenstra      
    Gilles Gouaillardet             Alan Gray               Gerrit Groenhof      
       Anca Hamuraru            Vincent Hindriksen          M. Eric Irrgang      
      Aleksei Iupinov           Christoph Junghans             Joe Jordan        
    Dimitrios Karkoulis            Peter Kasson                Jiri Kraus        
      Carsten Kutzner              Per Larsson              Justin A. Lemkul     
       Viveca Lindahl            Magnus Lundborg             Erik Marklund       
        Pascal Merz             Pieter Meulenhoff            Teemu Murtola       
        Szilard Pall               Sander Pronk              Roland Schulz       
       Michael Shirts            Alexey Shvetsov             Alfons Sijbers      
       Peter Tieleman              Jon Vincent              Teemu Virolainen     
     Christian Wennberg            Maarten Wolf              Artem Zhmurov       
                           and the project leaders:
        Mark Abraham, Berk Hess, Erik Lindahl, and David van der Spoel

Copyright (c) 1991-2000, University of Groningen, The Netherlands.
Copyright (c) 2001-2019, The GROMACS development team at
Uppsala University, Stockholm University and
the Royal Institute of Technology, Sweden.
check out http://www.gromacs.org for more information.

GROMACS is free software; you can redistribute it and/or modify it
under the terms of the GNU Lesser General Public License
as published by the Free Software Foundation; either version 2.1
of the License, or (at your option) any later version.

GROMACS:      gmx mdrun, version 2021.2
Executable:   /cvmfs/soft.computecanada.ca/easybuild/software/2020/avx2/MPI/gcc9/openmpi4/gromacs/2021.2/bin/gmx
Data prefix:  /cvmfs/soft.computecanada.ca/easybuild/software/2020/avx2/MPI/gcc9/openmpi4/gromacs/2021.2
Working dir:  /project/6002183/sehacker/uwaterloo-igem-2021/gromacs/1
Process ID:   28225
Command line:
  gmx mdrun -deffnm ie -rerun md_0_10.xtc -nb cpu

GROMACS version:    2021.2
Verified release checksum is d91a739522d82c53dc47c2276b9ac5fae3b2119283e84e3a1c7bed8ce741fda2
Precision:          mixed
Memory model:       64 bit
MPI library:        thread_mpi
OpenMP support:     enabled (GMX_OPENMP_MAX_THREADS = 64)
GPU support:        disabled
SIMD instructions:  AVX2_256
FFT library:        Intel MKL
RDTSCP usage:       enabled
TNG support:        enabled
Hwloc support:      disabled
Tracing support:    disabled
C compiler:         /cvmfs/soft.computecanada.ca/easybuild/software/2020/avx2/Compiler/gcc9/openmpi/4.0.3/bin/mpicc GNU 9.3.0
C compiler flags:   -mavx2 -mfma -Wno-missing-field-initializers -fexcess-precision=fast -funroll-all-loops -O3 -DNDEBUG
C++ compiler:       /cvmfs/soft.computecanada.ca/easybuild/software/2020/avx2/Compiler/gcc9/openmpi/4.0.3/bin/mpicxx GNU 9.3.0
C++ compiler flags: -mavx2 -mfma -Wno-missing-field-initializers -fexcess-precision=fast -funroll-all-loops -fopenmp -O3 -DNDEBUG


Running on 1 node with total 16 cores, 32 logical cores
Hardware detected:
  CPU info:
    Vendor: Intel
    Brand:  Intel(R) Xeon(R) CPU E5-2667 v4 @ 3.20GHz
    Family: 6   Model: 79   Stepping: 1
    Features: aes apic avx avx2 clfsh cmov cx8 cx16 f16c fma hle htt intel lahf mmx msr nonstop_tsc pcid pclmuldq pdcm pdpe1gb popcnt pse rdrnd rdtscp rtm sse2 sse3 sse4.1 sse4.2 ssse3 tdt x2apic
  Hardware topology: Basic
    Sockets, cores, and logical processors:
      Socket  0: [   0  16] [   1  17] [   2  18] [   3  19] [   4  20] [   5  21] [   6  22] [   7  23]
      Socket  1: [   8  24] [   9  25] [  10  26] [  11  27] [  12  28] [  13  29] [  14  30] [  15  31]


++++ PLEASE READ AND CITE THE FOLLOWING REFERENCE ++++
M. J. Abraham, T. Murtola, R. Schulz, S. Páll, J. C. Smith, B. Hess, E.
Lindahl
GROMACS: High performance molecular simulations through multi-level
parallelism from laptops to supercomputers
SoftwareX 1 (2015) pp. 19-25
-------- -------- --- Thank You --- -------- --------


++++ PLEASE READ AND CITE THE FOLLOWING REFERENCE ++++
S. Páll, M. J. Abraham, C. Kutzner, B. Hess, E. Lindahl
Tackling Exascale Software Challenges in Molecular Dynamics Simulations with
GROMACS
In S. Markidis & E. Laure (Eds.), Solving Software Challenges for Exascale 8759 (2015) pp. 3-27
-------- -------- --- Thank You --- -------- --------


++++ PLEASE READ AND CITE THE FOLLOWING REFERENCE ++++
S. Pronk, S. Páll, R. Schulz, P. Larsson, P. Bjelkmar, R. Apostolov, M. R.
Shirts, J. C. Smith, P. M. Kasson, D. van der Spoel, B. Hess, and E. Lindahl
GROMACS 4.5: a high-throughput and highly parallel open source molecular
simulation toolkit
Bioinformatics 29 (2013) pp. 845-54
-------- -------- --- Thank You --- -------- --------


++++ PLEASE READ AND CITE THE FOLLOWING REFERENCE ++++
B. Hess and C. Kutzner and D. van der Spoel and E. Lindahl
GROMACS 4: Algorithms for highly efficient, load-balanced, and scalable
molecular simulation
J. Chem. Theory Comput. 4 (2008) pp. 435-447
-------- -------- --- Thank You --- -------- --------


++++ PLEASE READ AND CITE THE FOLLOWING REFERENCE ++++
D. van der Spoel, E. Lindahl, B. Hess, G. Groenhof, A. E. Mark and H. J. C.
Berendsen
GROMACS: Fast, Flexible and Free
J. Comp. Chem. 26 (2005) pp. 1701-1719
-------- -------- --- Thank You --- -------- --------


++++ PLEASE READ AND CITE THE FOLLOWING REFERENCE ++++
E. Lindahl and B. Hess and D. van der Spoel
GROMACS 3.0: A package for molecular simulation and trajectory analysis
J. Mol. Mod. 7 (2001) pp. 306-317
-------- -------- --- Thank You --- -------- --------


++++ PLEASE READ AND CITE THE FOLLOWING REFERENCE ++++
H. J. C. Berendsen, D. van der Spoel and R. van Drunen
GROMACS: A message-passing parallel molecular dynamics implementation
Comp. Phys. Comm. 91 (1995) pp. 43-56
-------- -------- --- Thank You --- -------- --------


++++ PLEASE CITE THE DOI FOR THIS VERSION OF GROMACS ++++
https://doi.org/10.5281/zenodo.4723562
-------- -------- --- Thank You --- -------- --------

Multiple energy groups is not implemented for GPUs, falling back to the CPU. For better performance, run on the GPU without energy groups and then do gmx mdrun -rerun option on the trajectory with an energy group .tpr file.
Input Parameters:
   integrator                     = md
   tinit                          = 0
   dt                             = 0.002
   nsteps                         = 5000000
   init-step                      = 0
   simulation-part                = 1
   mts                            = false
   comm-mode                      = Linear
   nstcomm                        = 100
   bd-fric                        = 0
   ld-seed                        = -872489090
   emtol                          = 10
   emstep                         = 0.01
   niter                          = 20
   fcstep                         = 0
   nstcgsteep                     = 1000
   nbfgscorr                      = 10
   rtpi                           = 0.05
   nstxout                        = 0
   nstvout                        = 0
   nstfout                        = 0
   nstlog                         = 5000
   nstcalcenergy                  = 100
   nstenergy                      = 5000
   nstxout-compressed             = 5000
   compressed-x-precision         = 1000
   cutoff-scheme                  = Verlet
   nstlist                        = 20
   pbc                            = xyz
   periodic-molecules             = false
   verlet-buffer-tolerance        = 0.005
   rlist                          = 1.22
   coulombtype                    = PME
   coulomb-modifier               = Potential-shift
   rcoulomb-switch                = 0
   rcoulomb                       = 1.2
   epsilon-r                      = 1
   epsilon-rf                     = inf
   vdw-type                       = Cut-off
   vdw-modifier                   = Force-switch
   rvdw-switch                    = 1
   rvdw                           = 1.2
   DispCorr                       = No
   table-extension                = 1
   fourierspacing                 = 0.16
   fourier-nx                     = 48
   fourier-ny                     = 48
   fourier-nz                     = 48
   pme-order                      = 4
   ewald-rtol                     = 1e-05
   ewald-rtol-lj                  = 0.001
   lj-pme-comb-rule               = Geometric
   ewald-geometry                 = 0
   epsilon-surface                = 0
   tcoupl                         = V-rescale
   nsttcouple                     = 10
   nh-chain-length                = 0
   print-nose-hoover-chain-variables = false
   pcoupl                         = Parrinello-Rahman
   pcoupltype                     = Isotropic
   nstpcouple                     = 10
   tau-p                          = 2
   compressibility (3x3):
      compressibility[    0]={ 4.50000e-05,  0.00000e+00,  0.00000e+00}
      compressibility[    1]={ 0.00000e+00,  4.50000e-05,  0.00000e+00}
      compressibility[    2]={ 0.00000e+00,  0.00000e+00,  4.50000e-05}
   ref-p (3x3):
      ref-p[    0]={ 1.00000e+00,  0.00000e+00,  0.00000e+00}
      ref-p[    1]={ 0.00000e+00,  1.00000e+00,  0.00000e+00}
      ref-p[    2]={ 0.00000e+00,  0.00000e+00,  1.00000e+00}
   refcoord-scaling               = No
   posres-com (3):
      posres-com[0]= 0.00000e+00
      posres-com[1]= 0.00000e+00
      posres-com[2]= 0.00000e+00
   posres-comB (3):
      posres-comB[0]= 0.00000e+00
      posres-comB[1]= 0.00000e+00
      posres-comB[2]= 0.00000e+00
   QMMM                           = false
qm-opts:
   ngQM                           = 0
   constraint-algorithm           = Lincs
   continuation                   = true
   Shake-SOR                      = false
   shake-tol                      = 0.0001
   lincs-order                    = 4
   lincs-iter                     = 1
   lincs-warnangle                = 30
   nwall                          = 0
   wall-type                      = 9-3
   wall-r-linpot                  = -1
   wall-atomtype[0]               = -1
   wall-atomtype[1]               = -1
   wall-density[0]                = 0
   wall-density[1]                = 0
   wall-ewald-zfac                = 3
   pull                           = false
   awh                            = false
   rotation                       = false
   interactiveMD                  = false
   disre                          = No
   disre-weighting                = Conservative
   disre-mixed                    = false
   dr-fc                          = 1000
   dr-tau                         = 0
   nstdisreout                    = 100
   orire-fc                       = 0
   orire-tau                      = 0
   nstorireout                    = 100
   free-energy                    = no
   cos-acceleration               = 0
   deform (3x3):
      deform[    0]={ 0.00000e+00,  0.00000e+00,  0.00000e+00}
      deform[    1]={ 0.00000e+00,  0.00000e+00,  0.00000e+00}
      deform[    2]={ 0.00000e+00,  0.00000e+00,  0.00000e+00}
   simulated-tempering            = false
   swapcoords                     = no
   userint1                       = 0
   userint2                       = 0
   userint3                       = 0
   userint4                       = 0
   userreal1                      = 0
   userreal2                      = 0
   userreal3                      = 0
   userreal4                      = 0
   applied-forces:
     electric-field:
       x:
         E0                       = 0
         omega                    = 0
         t0                       = 0
         sigma                    = 0
       y:
         E0                       = 0
         omega                    = 0
         t0                       = 0
         sigma                    = 0
       z:
         E0                       = 0
         omega                    = 0
         t0                       = 0
         sigma                    = 0
     density-guided-simulation:
       active                     = false
       group                      = protein
       similarity-measure         = inner-product
       atom-spreading-weight      = unity
       force-constant             = 1e+09
       gaussian-transform-spreading-width = 0.2
       gaussian-transform-spreading-range-in-multiples-of-width = 4
       reference-density-filename = reference.mrc
       nst                        = 1
       normalize-densities        = true
       adaptive-force-scaling     = false
       adaptive-force-scaling-time-constant = 4
       shift-vector               = 
       transformation-matrix      = 
grpopts:
   nrdf:     8039.55     45453.4
   ref-t:         300         300
   tau-t:         0.1         0.1
annealing:          No          No
annealing-npoints:           0           0
   acc:	           0           0           0
   nfreeze:           N           N           N
   energygrp-flags[  0]: 0 0 0
   energygrp-flags[  1]: 0 0 0
   energygrp-flags[  2]: 0 0 0


Rerun trajectory contains velocities. Rerun does only evaluate potential energy and forces. The velocities will be ignored.
Changing nstlist from 20 to 80, rlist from 1.22 to 1.317


Initializing Domain Decomposition on 32 ranks
NOTE: disabling dynamic load balancing as it is not supported in reruns.
Dynamic load balancing: off
Minimum cell size due to atom displacement: 0.639 nm
Initial maximum distances in bonded interactions:
    two-body bonded interactions: 0.436 nm, LJ-14, atoms 3164 3172
  multi-body bonded interactions: 0.490 nm, CMAP Dih., atoms 2796 2805
Minimum cell size due to bonded interactions: 0.539 nm
Maximum distance for 5 constraints, at 120 deg. angles, all-trans: 0.222 nm
Estimated maximum distance required for P-LINCS: 0.222 nm
To account for pressure scaling, scaling the initial minimum size with 1.05
Guess for relative PME load: 0.13
Will use 24 particle-particle and 8 PME only ranks
This is a guess, check the performance at the end of the log file
Using 8 separate PME ranks, as guessed by mdrun
Optimizing the DD grid for 24 cells with a minimum initial size of 0.671 nm
The maximum allowed number of cells is: X 8 Y 8 Z 7
Domain decomposition grid 8 x 3 x 1, separate PME ranks 8
PME domain decomposition: 8 x 1 x 1
Interleaving PP and PME ranks
This rank does only particle-particle work.
Domain decomposition rank 0, coordinates 0 0 0

The initial number of communication pulses is: X 2 Y 1
The initial domain decomposition cell size is: X 0.73 nm Y 1.94 nm

The maximum allowed distance for atoms involved in interactions is:
                 non-bonded interactions           1.317 nm
(the following are initial values, they could change due to box deformation)
            two-body bonded interactions  (-rdd)   1.317 nm
          multi-body bonded interactions  (-rdd)   0.726 nm
  atoms separated by up to 5 constraints  (-rcon)  0.726 nm

Using 32 MPI threads
Using 1 OpenMP thread per tMPI thread

Pinning threads with an auto-selected logical core stride of 1
System total charge: 0.000
Will do PME sum in reciprocal space for electrostatic interactions.

++++ PLEASE READ AND CITE THE FOLLOWING REFERENCE ++++
U. Essmann, L. Perera, M. L. Berkowitz, T. Darden, H. Lee and L. G. Pedersen 
A smooth particle mesh Ewald method
J. Chem. Phys. 103 (1995) pp. 8577-8592
-------- -------- --- Thank You --- -------- --------

Using a Gaussian width (1/beta) of 0.384195 nm for Ewald
Potential shift: LJ r^-12: -2.648e-01 r^-6: -5.349e-01, Ewald -8.333e-06
Initialized non-bonded Ewald tables, spacing: 1.02e-03 size: 1176

Generated table with 1158 data points for 1-4 COUL.
Tabscale = 500 points/nm
Generated table with 1158 data points for 1-4 LJ6.
Tabscale = 500 points/nm
Generated table with 1158 data points for 1-4 LJ12.
Tabscale = 500 points/nm


Using SIMD 4x8 nonbonded short-range kernels

Using a dual 4x8 pair-list setup updated with dynamic pruning:
  outer list: updated every 80 steps, buffer 0.117 nm, rlist 1.317 nm
  inner list: updated every 14 steps, buffer 0.003 nm, rlist 1.203 nm
At tolerance 0.005 kJ/mol/ps per atom, equivalent classical 1x1 list would be:
  outer list: updated every 80 steps, buffer 0.261 nm, rlist 1.461 nm
  inner list: updated every 14 steps, buffer 0.056 nm, rlist 1.256 nm

Initializing Parallel LINear Constraint Solver

++++ PLEASE READ AND CITE THE FOLLOWING REFERENCE ++++
B. Hess
P-LINCS: A Parallel Linear Constraint Solver for molecular simulation
J. Chem. Theory Comput. 4 (2008) pp. 116-122
-------- -------- --- Thank You --- -------- --------

The number of constraints is 1557
There are constraints between atoms in different decomposition domains,
will communicate selected coordinates each lincs iteration

++++ PLEASE READ AND CITE THE FOLLOWING REFERENCE ++++
S. Miyamoto and P. A. Kollman
SETTLE: An Analytical Version of the SHAKE and RATTLE Algorithms for Rigid
Water Models
J. Comp. Chem. 13 (1992) pp. 952-962
-------- -------- --- Thank You --- -------- --------


Linking all bonded interactions to atoms


Note that it is planned that the command gmx mdrun -rerun will be available in a different form in a future version of GROMACS, e.g. gmx rerun -f.
There are: 25925 Atoms

Atom distribution over 24 domains: av 1080 stddev 33 min 1024 max 1137

Started mdrun on rank 0 Mon Oct 18 16:33:55 2021


Simulations has constraints. Rerun does not recalculate constraints.

Rerun does not report kinetic energy, total energy, temperature, virial and pressure.

Atom distribution over 24 domains: av 1080 stddev 33 min 1026 max 1136
           Step           Time
              0        0.00000


   Energies (kJ/mol)
           Bond            U-B    Proper Dih.  Improper Dih.      CMAP Dih.
    2.72271e+03    7.23541e+03    8.38527e+03    4.87075e+02   -4.95009e+02
          LJ-14     Coulomb-14        LJ (SR)   Coulomb (SR)   Coul. recip.
    2.41084e+03    4.95262e+04    2.68140e+04   -4.15682e+05    1.24749e+03
      Potential
   -3.17348e+05


DD  step 4999 load imb.: force  7.9%  pme mesh/force 1.310

Atom distribution over 24 domains: av 1080 stddev 32 min 1043 max 1130
           Step           Time
           5000       10.00000


   Energies (kJ/mol)
           Bond            U-B    Proper Dih.  Improper Dih.      CMAP Dih.
    2.66662e+03    7.77308e+03    8.46473e+03    4.66247e+02   -5.53476e+02
          LJ-14     Coulomb-14        LJ (SR)   Coulomb (SR)   Coul. recip.
    2.44151e+03    4.92113e+04    2.68624e+04   -4.14922e+05    1.28797e+03
      Potential
   -3.16301e+05


DD  step 9999 load imb.: force 88.5%  pme mesh/force 0.348

Atom distribution over 24 domains: av 1080 stddev 33 min 1038 max 1133
           Step           Time
          10000       20.00000


   Energies (kJ/mol)
           Bond            U-B    Proper Dih.  Improper Dih.      CMAP Dih.
    2.63986e+03    7.27843e+03    8.46602e+03    4.76647e+02   -3.95512e+02
          LJ-14     Coulomb-14        LJ (SR)   Coulomb (SR)   Coul. recip.
    2.43648e+03    4.96133e+04    2.64514e+04   -4.15186e+05    1.25593e+03
      Potential
   -3.16963e+05


DD  step 14999 load imb.: force 74.8%  pme mesh/force 0.650

Atom distribution over 24 domains: av 1080 stddev 32 min 1033 max 1139
           Step           Time
          15000       30.00000


   Energies (kJ/mol)
           Bond            U-B    Proper Dih.  Improper Dih.      CMAP Dih.
    2.71676e+03    7.56038e+03    8.62651e+03    4.81199e+02   -5.78164e+02
          LJ-14     Coulomb-14        LJ (SR)   Coulomb (SR)   Coul. recip.
    2.40489e+03    4.93966e+04    2.63388e+04   -4.16004e+05    1.26918e+03
      Potential
   -3.17788e+05


DD  step 19999 load imb.: force 31.6%  pme mesh/force 0.414

Atom distribution over 24 domains: av 1080 stddev 34 min 1016 max 1127
           Step           Time
          20000       40.00000


   Energies (kJ/mol)
           Bond            U-B    Proper Dih.  Improper Dih.      CMAP Dih.
    2.68682e+03    7.40983e+03    8.46634e+03    4.41196e+02   -4.80757e+02
          LJ-14     Coulomb-14        LJ (SR)   Coulomb (SR)   Coul. recip.
    2.51294e+03    4.95089e+04    2.64446e+04   -4.15965e+05    1.22230e+03
      Potential
   -3.17752e+05


DD  step 24999 load imb.: force 86.1%  pme mesh/force 0.847

Atom distribution over 24 domains: av 1080 stddev 32 min 1042 max 1137
           Step           Time
          25000       50.00000


   Energies (kJ/mol)
           Bond            U-B    Proper Dih.  Improper Dih.      CMAP Dih.
    2.68274e+03    7.50030e+03    8.46974e+03    4.68103e+02   -4.12716e+02
          LJ-14     Coulomb-14        LJ (SR)   Coulomb (SR)   Coul. recip.
    2.52155e+03    4.93356e+04    2.69241e+04   -4.16211e+05    1.21906e+03
      Potential
   -3.17503e+05


DD  step 29999 load imb.: force 110.7%  pme mesh/force 0.128

Atom distribution over 24 domains: av 1080 stddev 31 min 1022 max 1120
           Step           Time
          30000       60.00000


   Energies (kJ/mol)
           Bond            U-B    Proper Dih.  Improper Dih.      CMAP Dih.
    2.80998e+03    7.17385e+03    8.57114e+03    4.02992e+02   -4.89298e+02
          LJ-14     Coulomb-14        LJ (SR)   Coulomb (SR)   Coul. recip.
    2.44077e+03    4.94607e+04    2.78243e+04   -4.17386e+05    1.28022e+03
      Potential
   -3.17912e+05


DD  step 34999 load imb.: force 56.9%  pme mesh/force 1.191

Atom distribution over 24 domains: av 1080 stddev 30 min 1047 max 1123
           Step           Time
          35000       70.00000


   Energies (kJ/mol)
           Bond            U-B    Proper Dih.  Improper Dih.      CMAP Dih.
    2.73356e+03    7.27644e+03    8.46217e+03    4.88745e+02   -5.12203e+02
          LJ-14     Coulomb-14        LJ (SR)   Coulomb (SR)   Coul. recip.
    2.49949e+03    4.92366e+04    2.77361e+04   -4.17796e+05    1.28966e+03
      Potential
   -3.18585e+05


DD  step 39999 load imb.: force 97.7%  pme mesh/force 0.126

Atom distribution over 24 domains: av 1080 stddev 33 min 1020 max 1138
           Step           Time
          40000       80.00000


   Energies (kJ/mol)
           Bond            U-B    Proper Dih.  Improper Dih.      CMAP Dih.
    2.73404e+03    7.55460e+03    8.51570e+03    4.60341e+02   -5.24291e+02
          LJ-14     Coulomb-14        LJ (SR)   Coulomb (SR)   Coul. recip.
    2.38537e+03    4.92559e+04    2.58200e+04   -4.13684e+05    1.28757e+03
      Potential
   -3.16194e+05


DD  step 44999 load imb.: force 28.0%  pme mesh/force 0.146

Atom distribution over 24 domains: av 1080 stddev 29 min 1034 max 1115
           Step           Time
          45000       90.00000


   Energies (kJ/mol)
           Bond            U-B    Proper Dih.  Improper Dih.      CMAP Dih.
    2.74877e+03    7.39975e+03    8.57814e+03    4.53917e+02   -4.83763e+02
          LJ-14     Coulomb-14        LJ (SR)   Coulomb (SR)   Coul. recip.
    2.38073e+03    4.94068e+04    2.66997e+04   -4.15407e+05    1.21097e+03
      Potential
   -3.17012e+05


DD  step 49999 load imb.: force 39.5%  pme mesh/force 0.244

Atom distribution over 24 domains: av 1080 stddev 30 min 1042 max 1137
           Step           Time
          50000      100.00000


   Energies (kJ/mol)
           Bond            U-B    Proper Dih.  Improper Dih.      CMAP Dih.
    2.85103e+03    7.36230e+03    8.54938e+03    4.86520e+02   -4.70428e+02
          LJ-14     Coulomb-14        LJ (SR)   Coulomb (SR)   Coul. recip.
    2.48621e+03    4.94156e+04    2.66889e+04   -4.15463e+05    1.23957e+03
      Potential
   -3.16854e+05


DD  step 54999 load imb.: force 15.5%  pme mesh/force 0.532

Atom distribution over 24 domains: av 1080 stddev 32 min 1021 max 1117
           Step           Time
          55000      110.00000


   Energies (kJ/mol)
           Bond            U-B    Proper Dih.  Improper Dih.      CMAP Dih.
    2.80272e+03    7.60229e+03    8.51623e+03    4.67818e+02   -5.27999e+02
          LJ-14     Coulomb-14        LJ (SR)   Coulomb (SR)   Coul. recip.
    2.39730e+03    4.93981e+04    2.65778e+04   -4.14885e+05    1.21488e+03
      Potential
   -3.16436e+05


DD  step 59999 load imb.: force 86.7%  pme mesh/force 0.389

Atom distribution over 24 domains: av 1080 stddev 32 min 1030 max 1131
           Step           Time
          60000      120.00000


   Energies (kJ/mol)
           Bond            U-B    Proper Dih.  Improper Dih.      CMAP Dih.
    2.76602e+03    7.32283e+03    8.53060e+03    4.69001e+02   -5.17426e+02
          LJ-14     Coulomb-14        LJ (SR)   Coulomb (SR)   Coul. recip.
    2.40257e+03    4.92085e+04    2.71475e+04   -4.17172e+05    1.22892e+03
      Potential
   -3.18613e+05


DD  step 64999 load imb.: force 43.1%  pme mesh/force 0.928

Atom distribution over 24 domains: av 1080 stddev 31 min 1025 max 1124
           Step           Time
          65000      130.00000


   Energies (kJ/mol)
           Bond            U-B    Proper Dih.  Improper Dih.      CMAP Dih.
    2.62752e+03    7.51139e+03    8.42374e+03    4.58440e+02   -5.60471e+02
          LJ-14     Coulomb-14        LJ (SR)   Coulomb (SR)   Coul. recip.
    2.51460e+03    4.93135e+04    2.75559e+04   -4.17206e+05    1.28732e+03
      Potential
   -3.18074e+05


DD  step 69999 load imb.: force 149.0%  pme mesh/force 0.204

Atom distribution over 24 domains: av 1080 stddev 31 min 1044 max 1136
           Step           Time
          70000      140.00000


   Energies (kJ/mol)
           Bond            U-B    Proper Dih.  Improper Dih.      CMAP Dih.
    2.63703e+03    7.38125e+03    8.41813e+03    5.21662e+02   -4.90358e+02
          LJ-14     Coulomb-14        LJ (SR)   Coulomb (SR)   Coul. recip.
    2.39808e+03    4.92097e+04    2.71624e+04   -4.16385e+05    1.22438e+03
      Potential
   -3.17923e+05


DD  step 74999 load imb.: force 106.4%  pme mesh/force 0.467

Atom distribution over 24 domains: av 1080 stddev 28 min 1050 max 1110
           Step           Time
          75000      150.00000


   Energies (kJ/mol)
           Bond            U-B    Proper Dih.  Improper Dih.      CMAP Dih.
    2.62592e+03    7.45926e+03    8.49537e+03    4.72151e+02   -4.69798e+02
          LJ-14     Coulomb-14        LJ (SR)   Coulomb (SR)   Coul. recip.
    2.52196e+03    4.94193e+04    2.80196e+04   -4.17654e+05    1.26298e+03
      Potential
   -3.17847e+05


DD  step 79999 load imb.: force 130.6%  pme mesh/force 0.062

Atom distribution over 24 domains: av 1080 stddev 29 min 1045 max 1118
           Step           Time
          80000      160.00000


   Energies (kJ/mol)
           Bond            U-B    Proper Dih.  Improper Dih.      CMAP Dih.
    2.75441e+03    7.37308e+03    8.42554e+03    4.80149e+02   -5.02785e+02
          LJ-14     Coulomb-14        LJ (SR)   Coulomb (SR)   Coul. recip.
    2.40681e+03    4.92873e+04    2.72760e+04   -4.16293e+05    1.22361e+03
      Potential
   -3.17569e+05


DD  step 84999 load imb.: force 76.2%  pme mesh/force 0.407

Atom distribution over 24 domains: av 1080 stddev 30 min 1036 max 1116
           Step           Time
          85000      170.00000


   Energies (kJ/mol)
           Bond            U-B    Proper Dih.  Improper Dih.      CMAP Dih.
    2.76319e+03    7.18441e+03    8.52020e+03    4.68272e+02   -4.68049e+02
          LJ-14     Coulomb-14        LJ (SR)   Coulomb (SR)   Coul. recip.
    2.35639e+03    4.93770e+04    2.69429e+04   -4.16781e+05    1.20077e+03
      Potential
   -3.18436e+05


DD  step 89999 load imb.: force 121.6%  pme mesh/force 0.991

Atom distribution over 24 domains: av 1080 stddev 26 min 1055 max 1112
           Step           Time
          90000      180.00000


   Energies (kJ/mol)
           Bond            U-B    Proper Dih.  Improper Dih.      CMAP Dih.
    2.62450e+03    7.21876e+03    8.55359e+03    4.49101e+02   -4.70122e+02
          LJ-14     Coulomb-14        LJ (SR)   Coulomb (SR)   Coul. recip.
    2.44940e+03    4.97597e+04    2.64541e+04   -4.15282e+05    1.25602e+03
      Potential
   -3.16986e+05


DD  step 94999 load imb.: force 86.6%  pme mesh/force 0.831

Atom distribution over 24 domains: av 1080 stddev 34 min 1037 max 1142
           Step           Time
          95000      190.00000


   Energies (kJ/mol)
           Bond            U-B    Proper Dih.  Improper Dih.      CMAP Dih.
    2.69657e+03    7.24048e+03    8.43456e+03    4.02353e+02   -5.27304e+02
          LJ-14     Coulomb-14        LJ (SR)   Coulomb (SR)   Coul. recip.
    2.51299e+03    4.93814e+04    2.73344e+04   -4.16582e+05    1.26740e+03
      Potential
   -3.17839e+05


DD  step 99999 load imb.: force 114.3%  pme mesh/force 0.709

Atom distribution over 24 domains: av 1080 stddev 32 min 1043 max 1122
           Step           Time
         100000      200.00000


   Energies (kJ/mol)
           Bond            U-B    Proper Dih.  Improper Dih.      CMAP Dih.
    2.84936e+03    7.38032e+03    8.57346e+03    4.42484e+02   -5.44108e+02
          LJ-14     Coulomb-14        LJ (SR)   Coulomb (SR)   Coul. recip.
    2.44578e+03    4.94507e+04    2.71941e+04   -4.16616e+05    1.30971e+03
      Potential
   -3.17515e+05


DD  step 104999 load imb.: force 139.7%  pme mesh/force 0.347

Atom distribution over 24 domains: av 1080 stddev 34 min 1032 max 1125
           Step           Time
         105000      210.00000


   Energies (kJ/mol)
           Bond            U-B    Proper Dih.  Improper Dih.      CMAP Dih.
    2.72714e+03    7.46906e+03    8.45527e+03    4.66738e+02   -5.14044e+02
          LJ-14     Coulomb-14        LJ (SR)   Coulomb (SR)   Coul. recip.
    2.39579e+03    4.93278e+04    2.79372e+04   -4.16047e+05    1.20549e+03
      Potential
   -3.16577e+05


DD  step 109999 load imb.: force 119.6%  pme mesh/force 0.194

Atom distribution over 24 domains: av 1080 stddev 32 min 1040 max 1123
           Step           Time
         110000      220.00000


   Energies (kJ/mol)
           Bond            U-B    Proper Dih.  Improper Dih.      CMAP Dih.
    2.81776e+03    7.41470e+03    8.46533e+03    4.72296e+02   -4.91224e+02
          LJ-14     Coulomb-14        LJ (SR)   Coulomb (SR)   Coul. recip.
    2.46157e+03    4.94090e+04    2.58547e+04   -4.14438e+05    1.23696e+03
      Potential
   -3.16797e+05


DD  step 114999 load imb.: force 105.1%  pme mesh/force 0.110

Atom distribution over 24 domains: av 1080 stddev 30 min 1040 max 1117
           Step           Time
         115000      230.00000


   Energies (kJ/mol)
           Bond            U-B    Proper Dih.  Improper Dih.      CMAP Dih.
    2.60065e+03    7.21648e+03    8.44364e+03    4.56397e+02   -5.27646e+02
          LJ-14     Coulomb-14        LJ (SR)   Coulomb (SR)   Coul. recip.
    2.49241e+03    4.93261e+04    2.60129e+04   -4.15084e+05    1.22166e+03
      Potential
   -3.17841e+05


	M E G A - F L O P S   A C C O U N T I N G

 NB=Group-cutoff nonbonded kernels    NxN=N-by-N cluster Verlet kernels
 RF=Reaction-Field  VdW=Van der Waals  QSTab=quadratic-spline table
 W3=SPC/TIP3p  W4=TIP4p (single or pairs)
 V&F=Potential and force  V=Potential only  F=Force only

 Computing:                               M-Number         M-Flops  % Flops
-----------------------------------------------------------------------------
 Pair Search distance check             422.790334        3805.113     4.0
 NxN Ewald Elec. + LJ [V&F]             667.450208       86101.077    91.6
 NxN LJ [V&F]                             0.007712           0.501     0.0
 NxN Ewald Elec. [V&F]                   34.610336        2907.268     3.1
 1,4 nonbonded interactions               0.201624          18.146     0.0
 Calc Weights                             1.866600          67.198     0.1
 Spread Q Bspline                        39.820800          79.642     0.1
 Gather F Bspline                        39.820800         238.925     0.3
 3D-FFT                                  88.941888         711.535     0.8
 Solve PME                                0.055296           3.539     0.0
 CG-CoM                                   0.648125           1.944     0.0
 Bonds                                    0.040512           2.390     0.0
 Propers                                  0.196080          44.902     0.0
 Impropers                                0.013800           2.870     0.0
 Virial                                   0.648120          11.666     0.0
 CMAP                                     0.005184           8.813     0.0
 Urey-Bradley                             0.140184          25.654     0.0
-----------------------------------------------------------------------------
 Total                                                   94031.183   100.0
-----------------------------------------------------------------------------


    D O M A I N   D E C O M P O S I T I O N   S T A T I S T I C S

 av. #atoms communicated per step for force:  2 x 97169.4
 av. #atoms communicated per step for LINCS:  2 x 4133.2


Dynamic load balancing report:
 DLB got disabled because it was unsuitable to use.
 Average load imbalance: 72.7%.
 The balanceable part of the MD step is 21%, load imbalance is computed from this.
 Part of the total run time spent waiting due to load imbalance: 15.3%.
 Average PME mesh/force load: 0.492
 Part of the total run time spent waiting due to PP/PME imbalance: 4.2 %

NOTE: 15.3 % of the available CPU time was lost due to load imbalance
      in the domain decomposition.
      You can consider manually changing the decomposition (option -dd);
      e.g. by using fewer domains along the box dimension in which there is
      considerable inhomogeneity in the simulated system.

     R E A L   C Y C L E   A N D   T I M E   A C C O U N T I N G

On 24 MPI ranks doing PP, and
on 8 MPI ranks doing PME

 Computing:          Num   Num      Call    Wall time         Giga-Cycles
                     Ranks Threads  Count      (s)         total sum    %
-----------------------------------------------------------------------------
 Domain decomp.        24    1         24       0.686         52.134  33.1
 DD comm. load         24    1         23       0.045          3.392   2.2
 Send X to PME         24    1         24       0.004          0.342   0.2
 Neighbor search       24    1         24       0.142         10.808   6.9
 Force                 24    1         24       0.163         12.373   7.9
 Wait + Comm. F        24    1         24       0.213         16.170  10.3
 PME mesh *             8    1         24       0.188          4.756   3.0
 PME wait for PP *                              1.212         30.701  19.5
 Wait + Recv. PME F    24    1         24       0.004          0.289   0.2
 NB X/F buffer ops.    24    1         24       0.002          0.135   0.1
 Comm. energies        24    1         24       0.179         13.600   8.6
 Rest                                           0.117          8.881   5.6
-----------------------------------------------------------------------------
 Total                                          1.554        157.498 100.0
-----------------------------------------------------------------------------
(*) Note that with separate PME ranks, the walltime column actually sums to
    twice the total reported, but the cycle count total and % are correct.
-----------------------------------------------------------------------------
 Breakdown of PME mesh computation
-----------------------------------------------------------------------------
 PME redist. X/F        8    1         48       0.075          1.912   1.2
 PME spread             8    1         24       0.051          1.298   0.8
 PME gather             8    1         24       0.007          0.185   0.1
 PME 3D-FFT             8    1         48       0.008          0.203   0.1
 PME 3D-FFT Comm.       8    1         48       0.043          1.095   0.7
 PME solve Elec         8    1         24       0.002          0.057   0.0
-----------------------------------------------------------------------------

NOTE: 33 % of the run time was spent in domain decomposition,
      7 % of the run time was spent in pair search,
      you might want to increase nstlist (this has no effect on accuracy)

NOTE: 9 % of the run time was spent communicating energies,
      you might want to increase some nst* mdp options

               Core t (s)   Wall t (s)        (%)
       Time:       49.330        1.554     3174.8
                 (ns/day)    (hour/ns)
Performance:    12789.536        0.002
Finished mdrun on rank 0 Mon Oct 18 16:33:57 2021

