##############################################################################################################
#
# Rosetta crash log. Please submit the contents of this file to http://crash.rosettacommons.org/
# or use the script Rosetta/main/source/scripts/python/public/report_crashes.py
#

[START_CRASH_REPORT]
[ROSETTA_VERSION]: 2020.08+release.cb1caba
[COMMIT_DATE]: 2020-02-22T18:49:33.865989
[APPLICATION]: /cvmfs/soft.computecanada.ca/easybuild/software/2020/avx2/MPI/intel2020/openmpi4/rosetta/3.12/bin/rosetta_scripts.mpi.linuxiccrelease
[MODE]: Release
[EXTRAS]: mpi (OpenMPI 4.0.3) 
[OS]: GNU/Linux
[COMPILER]: Intel compiler version 1910
[STDLIB]: libstdc++ version 20200312
[START_OPTIONS]
 -in -in:file -in:file:s=1UTM_A_PEA.pdb -in:file:extra_res_fa=PEA.params -out:overwrite -out:nstruct=20 -parser -parser:protocol=dock.xml -packing -packing:ignore_ligand_chi -packing:no_optH=false -packing:flip_HNQ -packing:ex1 -packing:ex2 -mistakes -mistakes:restore_pre_talaris_2013_behavior

[END_OPTIONS]

[START_BACKTRACE]: RAW_LIBC
/cvmfs/soft.computecanada.ca/easybuild/software/2020/avx2/MPI/intel2020/openmpi4/rosetta/3.12/bin/../lib/libutility.so(utility::excn::Exception::Exception(char const*, int, std::__cxx11::basic_string<char, std::char_traits<char>, std::allocator<char> > const&)+0x1a1) [0x2b0dc86313e1]
/cvmfs/soft.computecanada.ca/easybuild/software/2020/avx2/MPI/intel2020/openmpi4/rosetta/3.12/bin/../lib/libprotocols.1.so(protocols::rosetta_scripts::RosettaScriptsParser::validate_input_script_against_xsd(std::__cxx11::basic_string<char, std::char_traits<char>, std::allocator<char> > const&, std::__cxx11::basic_stringstream<char, std::char_traits<char>, std::allocator<char> > const&) const+0x1f10) [0x2b0dc06622d0]
/cvmfs/soft.computecanada.ca/easybuild/software/2020/avx2/MPI/intel2020/openmpi4/rosetta/3.12/bin/../lib/libprotocols.1.so(protocols::rosetta_scripts::RosettaScriptsParser::finish_creating_tag(std::__cxx11::basic_string<char, std::char_traits<char>, std::allocator<char> > const&, utility::vector1<std::__cxx11::basic_string<char, std::char_traits<char>, std::allocator<char> >, std::allocator<std::__cxx11::basic_string<char, std::char_traits<char>, std::allocator<char> > > > const&, std::__cxx11::basic_string<char, std::char_traits<char>, std::allocator<char> > const&) const+0x734) [0x2b0dc065f454]
/cvmfs/soft.computecanada.ca/easybuild/software/2020/avx2/MPI/intel2020/openmpi4/rosetta/3.12/bin/../lib/libprotocols.1.so(protocols::rosetta_scripts::RosettaScriptsParser::create_tag_from_xml(std::__cxx11::basic_string<char, std::char_traits<char>, std::allocator<char> > const&, utility::vector1<std::__cxx11::basic_string<char, std::char_traits<char>, std::allocator<char> >, std::allocator<std::__cxx11::basic_string<char, std::char_traits<char>, std::allocator<char> > > > const&)+0x133) [0x2b0dc065ec53]
/cvmfs/soft.computecanada.ca/easybuild/software/2020/avx2/MPI/intel2020/openmpi4/rosetta/3.12/bin/../lib/libprotocols.1.so(protocols::rosetta_scripts::RosettaScriptsParser::create_tag_from_xml(std::__cxx11::basic_string<char, std::char_traits<char>, std::allocator<char> > const&, utility::options::OptionCollection const&)+0x37d) [0x2b0dc065e51d]
/cvmfs/soft.computecanada.ca/easybuild/software/2020/avx2/MPI/intel2020/openmpi4/rosetta/3.12/bin/../lib/libprotocols.1.so(protocols::rosetta_scripts::RosettaScriptsParser::generate_mover_from_pose(core::pose::Pose&, std::shared_ptr<protocols::moves::Mover>&, bool, std::__cxx11::basic_string<char, std::char_traits<char>, std::allocator<char> > const&, std::__cxx11::basic_string<char, std::char_traits<char>, std::allocator<char> > const&, std::__cxx11::basic_string<char, std::char_traits<char>, std::allocator<char> > const&, bool)+0x431) [0x2b0dc06788f1]
/cvmfs/soft.computecanada.ca/easybuild/software/2020/avx2/MPI/intel2020/openmpi4/rosetta/3.12/bin/../lib/libprotocols.1.so(protocols::jd2::JobDistributor::run_one_job(std::shared_ptr<protocols::moves::Mover>&, long, std::__cxx11::basic_string<char, std::char_traits<char>, std::allocator<char> >&, std::__cxx11::basic_string<char, std::char_traits<char>, std::allocator<char> >&, unsigned long&, unsigned long&, bool)+0xed3) [0x2b0dc0825533]
/cvmfs/soft.computecanada.ca/easybuild/software/2020/avx2/MPI/intel2020/openmpi4/rosetta/3.12/bin/../lib/libprotocols.1.so(protocols::jd2::JobDistributor::go_main(std::shared_ptr<protocols::moves::Mover>)+0x478) [0x2b0dc08220a8]
/cvmfs/soft.computecanada.ca/easybuild/software/2020/avx2/MPI/intel2020/openmpi4/rosetta/3.12/bin/../lib/libprotocols.1.so(protocols::jd2::FileSystemJobDistributor::go(std::shared_ptr<protocols::moves::Mover>)+0x56) [0x2b0dc0815726]
/cvmfs/soft.computecanada.ca/easybuild/software/2020/avx2/MPI/intel2020/openmpi4/rosetta/3.12/bin/rosetta_scripts.mpi.linuxiccrelease() [0x404de9]
/cvmfs/soft.computecanada.ca/gentoo/2020/lib64/libc.so.6(__libc_start_main+0xeb) [0x2b0dca450e1b]
/cvmfs/soft.computecanada.ca/easybuild/software/2020/avx2/MPI/intel2020/openmpi4/rosetta/3.12/bin/rosetta_scripts.mpi.linuxiccrelease() [0x40327a]

[END_BACKTRACE]

[FILE]: src/protocols/rosetta_scripts/RosettaScriptsParser.cc
[LINE]: 1313
[START_MESSAGE]
Input rosetta scripts XML file "dock.xml" failed to validate against the rosetta scripts schema. Use the option -parser::output_schema <output filename> to output the schema to a file to see all valid options.
Your XML has failed validation.  The error message below will tell you where in your XML file the error occurred.  Here's how to fix it:

1) If the validation fails on something obvious, like an illegal attribute due to a spelling error (perhaps you used scorefnction instead of scorefunction), then you need to fix your XML file.
2) If you haven’t run the XML rewriter script and this might be pre-2017 Rosetta XML, run the rewriter script (tools/xsd_xrw/rewrite_rosetta_script.py) on your input XML first.  The attribute values not being in quotes (scorefunction=talaris2014 instead of scorefunction="talaris2014") is a good indicator that this is your problem.
3) If you are a developer and neither 1 nor 2 worked - email the developer’s mailing list or try Slack.
4) If you are an academic or commercial user - try the Rosetta Forums https://www.rosettacommons.org/forum


Error messages were:
Error: AttValue: " or ' expected

1: <ROSETTASCRIPTS>
2: 
3: 		<SCOREFXNS>
4: 			<ligand_soft_rep weights=ligand_soft_rep>
5: 			</ligand_soft_rep>
6: 			<hard_rep weights=ligand>
7: 			</hard_rep>
8: 		</SCOREFXNS>
9: 
Error: attributes construct error

1: <ROSETTASCRIPTS>
2: 
3: 		<SCOREFXNS>
4: 			<ligand_soft_rep weights=ligand_soft_rep>
5: 			</ligand_soft_rep>
6: 			<hard_rep weights=ligand>
7: 			</hard_rep>
8: 		</SCOREFXNS>
9: 
Error: Couldn't find end of Start Tag ligand_soft_rep line 4

1: <ROSETTASCRIPTS>
2: 
3: 		<SCOREFXNS>
4: 			<ligand_soft_rep weights=ligand_soft_rep>
5: 			</ligand_soft_rep>
6: 			<hard_rep weights=ligand>
7: 			</hard_rep>
8: 		</SCOREFXNS>
9: 
Error: Opening and ending tag mismatch: SCOREFXNS line 3 and ligand_soft_rep

 1: <ROSETTASCRIPTS>
 2: 
 3: 		<SCOREFXNS>
 4: 			<ligand_soft_rep weights=ligand_soft_rep>
 5: 			</ligand_soft_rep>
 6: 			<hard_rep weights=ligand>
 7: 			</hard_rep>
 8: 		</SCOREFXNS>
 9: 
10: 		<LIGAND_AREAS>
Error: AttValue: " or ' expected

 1: <ROSETTASCRIPTS>
 2: 
 3: 		<SCOREFXNS>
 4: 			<ligand_soft_rep weights=ligand_soft_rep>
 5: 			</ligand_soft_rep>
 6: 			<hard_rep weights=ligand>
 7: 			</hard_rep>
 8: 		</SCOREFXNS>
 9: 
10: 		<LIGAND_AREAS>
11: 			<inhibitor_dock_sc chain=X cutoff=6.0 add_nbr_radius=true all_atom_mode=false/>
Error: attributes construct error

 1: <ROSETTASCRIPTS>
 2: 
 3: 		<SCOREFXNS>
 4: 			<ligand_soft_rep weights=ligand_soft_rep>
 5: 			</ligand_soft_rep>
 6: 			<hard_rep weights=ligand>
 7: 			</hard_rep>
 8: 		</SCOREFXNS>
 9: 
10: 		<LIGAND_AREAS>
11: 			<inhibitor_dock_sc chain=X cutoff=6.0 add_nbr_radius=true all_atom_mode=false/>
Error: Couldn't find end of Start Tag hard_rep line 6

 1: <ROSETTASCRIPTS>
 2: 
 3: 		<SCOREFXNS>
 4: 			<ligand_soft_rep weights=ligand_soft_rep>
 5: 			</ligand_soft_rep>
 6: 			<hard_rep weights=ligand>
 7: 			</hard_rep>
 8: 		</SCOREFXNS>
 9: 
10: 		<LIGAND_AREAS>
11: 			<inhibitor_dock_sc chain=X cutoff=6.0 add_nbr_radius=true all_atom_mode=false/>
Error: Opening and ending tag mismatch: ROSETTASCRIPTS line 1 and hard_rep

 2: 
 3: 		<SCOREFXNS>
 4: 			<ligand_soft_rep weights=ligand_soft_rep>
 5: 			</ligand_soft_rep>
 6: 			<hard_rep weights=ligand>
 7: 			</hard_rep>
 8: 		</SCOREFXNS>
 9: 
10: 		<LIGAND_AREAS>
11: 			<inhibitor_dock_sc chain=X cutoff=6.0 add_nbr_radius=true all_atom_mode=false/>
12: 			<inhibitor_final_sc chain=X cutoff=6.0 add_nbr_radius=true all_atom_mode=false/>
Error: Extra content at the end of the document

 3: 		<SCOREFXNS>
 4: 			<ligand_soft_rep weights=ligand_soft_rep>
 5: 			</ligand_soft_rep>
 6: 			<hard_rep weights=ligand>
 7: 			</hard_rep>
 8: 		</SCOREFXNS>
 9: 
10: 		<LIGAND_AREAS>
11: 			<inhibitor_dock_sc chain=X cutoff=6.0 add_nbr_radius=true all_atom_mode=false/>
12: 			<inhibitor_final_sc chain=X cutoff=6.0 add_nbr_radius=true all_atom_mode=false/>
13: 			<inhibitor_final_bb chain=X cutoff=7.0 add_nbr_radius=false all_atom_mode=true Calpha_restraints=0.3/>
------------------------------------------------------------
Warning messages were:
------------------------------------------------------------


[END_MESSAGE]
[END_CRASH_REPORT]

